[03.10.2016 14:53:23.457] Admin/DellSlide-System.ArgumentNullException: Value cannot be null.
Parameter name: entity
   at System.Data.Entity.Utilities.Check.NotNull[T](T value, String parameterName)
   at System.Data.Entity.DbSet`1.Remove(TEntity entity)
   at Domain2.Implementations.EfSliderRepository.DellSliderMainImg(Int32 id) in D:\GitHub\dveri1\Domain2\Domain2\Implementations\EfSliderRepository.cs:line 35
   at dveri1.Controllers.AdminController.DellSlide(Int32 id) in D:\GitHub\dveri1\dveri1\Controllers\AdminController.cs:line 613
[03.10.2016 15:01:43.031] Admin/DellSlide-System.ArgumentNullException: Value cannot be null.
Parameter name: entity
   at System.Data.Entity.Utilities.Check.NotNull[T](T value, String parameterName)
   at System.Data.Entity.DbSet`1.Remove(TEntity entity)
   at Domain2.Implementations.EfSliderRepository.DellSliderMainImg(Int32 id) in D:\GitHub\dveri1\Domain2\Domain2\Implementations\EfSliderRepository.cs:line 35
   at dveri1.Controllers.AdminController.DellSlide(Int32 id) in D:\GitHub\dveri1\dveri1\Controllers\AdminController.cs:line 613
[03.10.2016 15:02:35.549] Admin/DellSlide-System.ArgumentNullException: Value cannot be null.
Parameter name: entity
   at System.Data.Entity.Utilities.Check.NotNull[T](T value, String parameterName)
   at System.Data.Entity.DbSet`1.Remove(TEntity entity)
   at Domain2.Implementations.EfSliderRepository.DellSliderMainImg(Int32 id) in D:\GitHub\dveri1\Domain2\Domain2\Implementations\EfSliderRepository.cs:line 35
   at dveri1.Controllers.AdminController.DellSlide(Int32 id) in D:\GitHub\dveri1\dveri1\Controllers\AdminController.cs:line 613
[03.10.2016 15:06:09.323] AdminAct/DellColor-System.Data.Entity.Core.EntityException: An error occurred while starting a transaction on the provider connection. See the inner exception for details. ---> System.Data.SqlClient.SqlException: New transaction is not allowed because there are other threads running in the session.
   at System.Data.SqlClient.SqlConnection.OnError(SqlException exception, Boolean breakConnection, Action`1 wrapCloseInAction)
   at System.Data.SqlClient.SqlInternalConnection.OnError(SqlException exception, Boolean breakConnection, Action`1 wrapCloseInAction)
   at System.Data.SqlClient.TdsParser.ThrowExceptionAndWarning(TdsParserStateObject stateObj, Boolean callerHasConnectionLock, Boolean asyncClose)
   at System.Data.SqlClient.TdsParser.TryRun(RunBehavior runBehavior, SqlCommand cmdHandler, SqlDataReader dataStream, BulkCopySimpleResultSet bulkCopyHandler, TdsParserStateObject stateObj, Boolean& dataReady)
   at System.Data.SqlClient.TdsParser.Run(RunBehavior runBehavior, SqlCommand cmdHandler, SqlDataReader dataStream, BulkCopySimpleResultSet bulkCopyHandler, TdsParserStateObject stateObj)
   at System.Data.SqlClient.TdsParser.TdsExecuteTransactionManagerRequest(Byte[] buffer, TransactionManagerRequestType request, String transactionName, TransactionManagerIsolationLevel isoLevel, Int32 timeout, SqlInternalTransaction transaction, TdsParserStateObject stateObj, Boolean isDelegateControlRequest)
   at System.Data.SqlClient.SqlInternalConnectionTds.ExecuteTransactionYukon(TransactionRequest transactionRequest, String transactionName, IsolationLevel iso, SqlInternalTransaction internalTransaction, Boolean isDelegateControlRequest)
   at System.Data.SqlClient.SqlInternalConnectionTds.ExecuteTransaction(TransactionRequest transactionRequest, String name, IsolationLevel iso, SqlInternalTransaction internalTransaction, Boolean isDelegateControlRequest)
   at System.Data.SqlClient.SqlInternalConnection.BeginSqlTransaction(IsolationLevel iso, String transactionName, Boolean shouldReconnect)
   at System.Data.SqlClient.SqlConnection.BeginTransaction(IsolationLevel iso, String transactionName)
   at System.Data.SqlClient.SqlConnection.BeginDbTransaction(IsolationLevel isolationLevel)
   at System.Data.Common.DbConnection.BeginTransaction(IsolationLevel isolationLevel)
   at System.Data.Entity.Infrastructure.Interception.DbConnectionDispatcher.<BeginTransaction>b__0(DbConnection t, BeginTransactionInterceptionContext c)
   at System.Data.Entity.Infrastructure.Interception.InternalDispatcher`1.Dispatch[TTarget,TInterceptionContext,TResult](TTarget target, Func`3 operation, TInterceptionContext interceptionContext, Action`3 executing, Action`3 executed)
   at System.Data.Entity.Infrastructure.Interception.DbConnectionDispatcher.BeginTransaction(DbConnection connection, BeginTransactionInterceptionContext interceptionContext)
   at System.Data.Entity.Core.EntityClient.EntityConnection.<>c__DisplayClassf.<BeginDbTransaction>b__d()
   at System.Data.Entity.SqlServer.DefaultSqlExecutionStrategy.Execute[TResult](Func`1 operation)
   at System.Data.Entity.Core.EntityClient.EntityConnection.BeginDbTransaction(IsolationLevel isolationLevel)
   --- End of inner exception stack trace ---
   at System.Data.Entity.Core.EntityClient.EntityConnection.BeginDbTransaction(IsolationLevel isolationLevel)
   at System.Data.Entity.Core.EntityClient.EntityConnection.BeginTransaction()
   at System.Data.Entity.Core.Objects.ObjectContext.ExecuteInTransaction[T](Func`1 func, IDbExecutionStrategy executionStrategy, Boolean startLocalTransaction, Boolean releaseConnectionOnSuccess)
   at System.Data.Entity.Core.Objects.ObjectContext.SaveChangesToStore(SaveOptions options, IDbExecutionStrategy executionStrategy, Boolean startLocalTransaction)
   at System.Data.Entity.Core.Objects.ObjectContext.<>c__DisplayClass2a.<SaveChangesInternal>b__27()
   at System.Data.Entity.SqlServer.DefaultSqlExecutionStrategy.Execute[TResult](Func`1 operation)
   at System.Data.Entity.Core.Objects.ObjectContext.SaveChangesInternal(SaveOptions options, Boolean executeInExistingTransaction)
   at System.Data.Entity.Core.Objects.ObjectContext.SaveChanges(SaveOptions options)
   at System.Data.Entity.Internal.InternalContext.SaveChanges()
   at System.Data.Entity.Internal.LazyInternalContext.SaveChanges()
   at System.Data.Entity.DbContext.SaveChanges()
   at Domain2.Implementations.EfVhodnyeDvRepository.CreateVhodnyeDv(Int32 id, String naz, String pr, String strpr, Nullable`1 cvet, String napoln, String yplotnit, Nullable`1 tmet, String furn, String petli, String osn, String ovn, Nullable`1 tdpol, Nullable`1 cena, Nullable`1 skidka, Nullable`1 csskid, String opis, Boolean publ, String dopchar) in D:\GitHub\dveri1\Domain2\Domain2\Implementations\EfVhodnyeDvRepository.cs:line 86
   at dveri1.Controllers.AdminColorController.DellColor(Int32 id) in D:\GitHub\dveri1\dveri1\Controllers\AdminColorController.cs:line 139
[03.10.2016 15:07:59.268] AdminColor/DellColor-System.Data.Entity.Infrastructure.DbUpdateException: An error occurred while updating the entries. See the inner exception for details. ---> System.Data.Entity.Core.UpdateException: An error occurred while updating the entries. See the inner exception for details. ---> System.Data.SqlClient.SqlException: The DELETE statement conflicted with the REFERENCE constraint "FK_VhodnyeDveri_TableColor". The conflict occurred in database "dbdveri1", table "dbo.VhodnyeDveri", column 'IdColor'.
The statement has been terminated.
   at System.Data.SqlClient.SqlConnection.OnError(SqlException exception, Boolean breakConnection, Action`1 wrapCloseInAction)
   at System.Data.SqlClient.SqlInternalConnection.OnError(SqlException exception, Boolean breakConnection, Action`1 wrapCloseInAction)
   at System.Data.SqlClient.TdsParser.ThrowExceptionAndWarning(TdsParserStateObject stateObj, Boolean callerHasConnectionLock, Boolean asyncClose)
   at System.Data.SqlClient.TdsParser.TryRun(RunBehavior runBehavior, SqlCommand cmdHandler, SqlDataReader dataStream, BulkCopySimpleResultSet bulkCopyHandler, TdsParserStateObject stateObj, Boolean& dataReady)
   at System.Data.SqlClient.SqlCommand.FinishExecuteReader(SqlDataReader ds, RunBehavior runBehavior, String resetOptionsString)
   at System.Data.SqlClient.SqlCommand.RunExecuteReaderTds(CommandBehavior cmdBehavior, RunBehavior runBehavior, Boolean returnStream, Boolean async, Int32 timeout, Task& task, Boolean asyncWrite, SqlDataReader ds, Boolean describeParameterEncryptionRequest)
   at System.Data.SqlClient.SqlCommand.RunExecuteReader(CommandBehavior cmdBehavior, RunBehavior runBehavior, Boolean returnStream, String method, TaskCompletionSource`1 completion, Int32 timeout, Task& task, Boolean asyncWrite)
   at System.Data.SqlClient.SqlCommand.InternalExecuteNonQuery(TaskCompletionSource`1 completion, String methodName, Boolean sendToPipe, Int32 timeout, Boolean asyncWrite)
   at System.Data.SqlClient.SqlCommand.ExecuteNonQuery()
   at System.Data.Entity.Infrastructure.Interception.DbCommandDispatcher.<NonQuery>b__0(DbCommand t, DbCommandInterceptionContext`1 c)
   at System.Data.Entity.Infrastructure.Interception.InternalDispatcher`1.Dispatch[TTarget,TInterceptionContext,TResult](TTarget target, Func`3 operation, TInterceptionContext interceptionContext, Action`3 executing, Action`3 executed)
   at System.Data.Entity.Infrastructure.Interception.DbCommandDispatcher.NonQuery(DbCommand command, DbCommandInterceptionContext interceptionContext)
   at System.Data.Entity.Internal.InterceptableDbCommand.ExecuteNonQuery()
   at System.Data.Entity.Core.Mapping.Update.Internal.DynamicUpdateCommand.Execute(Dictionary`2 identifierValues, List`1 generatedValues)
   at System.Data.Entity.Core.Mapping.Update.Internal.UpdateTranslator.Update()
   --- End of inner exception stack trace ---
   at System.Data.Entity.Core.Mapping.Update.Internal.UpdateTranslator.Update()
   at System.Data.Entity.Core.EntityClient.Internal.EntityAdapter.<Update>b__2(UpdateTranslator ut)
   at System.Data.Entity.Core.EntityClient.Internal.EntityAdapter.Update[T](T noChangesResult, Func`2 updateFunction)
   at System.Data.Entity.Core.EntityClient.Internal.EntityAdapter.Update()
   at System.Data.Entity.Core.Objects.ObjectContext.<SaveChangesToStore>b__35()
   at System.Data.Entity.Core.Objects.ObjectContext.ExecuteInTransaction[T](Func`1 func, IDbExecutionStrategy executionStrategy, Boolean startLocalTransaction, Boolean releaseConnectionOnSuccess)
   at System.Data.Entity.Core.Objects.ObjectContext.SaveChangesToStore(SaveOptions options, IDbExecutionStrategy executionStrategy, Boolean startLocalTransaction)
   at System.Data.Entity.Core.Objects.ObjectContext.<>c__DisplayClass2a.<SaveChangesInternal>b__27()
   at System.Data.Entity.SqlServer.DefaultSqlExecutionStrategy.Execute[TResult](Func`1 operation)
   at System.Data.Entity.Core.Objects.ObjectContext.SaveChangesInternal(SaveOptions options, Boolean executeInExistingTransaction)
   at System.Data.Entity.Core.Objects.ObjectContext.SaveChanges(SaveOptions options)
   at System.Data.Entity.Internal.InternalContext.SaveChanges()
   --- End of inner exception stack trace ---
   at System.Data.Entity.Internal.InternalContext.SaveChanges()
   at System.Data.Entity.Internal.LazyInternalContext.SaveChanges()
   at System.Data.Entity.DbContext.SaveChanges()
   at Domain2.Implementations.EfColorsRepository.DelColor(Int32 idcolor) in D:\GitHub\dveri1\Domain2\Domain2\Implementations\EfColorsRepository.cs:line 46
   at dveri1.Controllers.AdminColorController.DellColor(Int32 id) in D:\GitHub\dveri1\dveri1\Controllers\AdminColorController.cs:line 142
[03.10.2016 15:10:33.525] AdminColor/DellColor-System.Data.Entity.Infrastructure.DbUpdateException: An error occurred while updating the entries. See the inner exception for details. ---> System.Data.Entity.Core.UpdateException: An error occurred while updating the entries. See the inner exception for details. ---> System.Data.SqlClient.SqlException: The DELETE statement conflicted with the REFERENCE constraint "FK_VhodnyeDveri_TableColor". The conflict occurred in database "dbdveri1", table "dbo.VhodnyeDveri", column 'IdColor'.
The statement has been terminated.
   at System.Data.SqlClient.SqlConnection.OnError(SqlException exception, Boolean breakConnection, Action`1 wrapCloseInAction)
   at System.Data.SqlClient.SqlInternalConnection.OnError(SqlException exception, Boolean breakConnection, Action`1 wrapCloseInAction)
   at System.Data.SqlClient.TdsParser.ThrowExceptionAndWarning(TdsParserStateObject stateObj, Boolean callerHasConnectionLock, Boolean asyncClose)
   at System.Data.SqlClient.TdsParser.TryRun(RunBehavior runBehavior, SqlCommand cmdHandler, SqlDataReader dataStream, BulkCopySimpleResultSet bulkCopyHandler, TdsParserStateObject stateObj, Boolean& dataReady)
   at System.Data.SqlClient.SqlCommand.FinishExecuteReader(SqlDataReader ds, RunBehavior runBehavior, String resetOptionsString)
   at System.Data.SqlClient.SqlCommand.RunExecuteReaderTds(CommandBehavior cmdBehavior, RunBehavior runBehavior, Boolean returnStream, Boolean async, Int32 timeout, Task& task, Boolean asyncWrite, SqlDataReader ds, Boolean describeParameterEncryptionRequest)
   at System.Data.SqlClient.SqlCommand.RunExecuteReader(CommandBehavior cmdBehavior, RunBehavior runBehavior, Boolean returnStream, String method, TaskCompletionSource`1 completion, Int32 timeout, Task& task, Boolean asyncWrite)
   at System.Data.SqlClient.SqlCommand.InternalExecuteNonQuery(TaskCompletionSource`1 completion, String methodName, Boolean sendToPipe, Int32 timeout, Boolean asyncWrite)
   at System.Data.SqlClient.SqlCommand.ExecuteNonQuery()
   at System.Data.Entity.Infrastructure.Interception.DbCommandDispatcher.<NonQuery>b__0(DbCommand t, DbCommandInterceptionContext`1 c)
   at System.Data.Entity.Infrastructure.Interception.InternalDispatcher`1.Dispatch[TTarget,TInterceptionContext,TResult](TTarget target, Func`3 operation, TInterceptionContext interceptionContext, Action`3 executing, Action`3 executed)
   at System.Data.Entity.Infrastructure.Interception.DbCommandDispatcher.NonQuery(DbCommand command, DbCommandInterceptionContext interceptionContext)
   at System.Data.Entity.Internal.InterceptableDbCommand.ExecuteNonQuery()
   at System.Data.Entity.Core.Mapping.Update.Internal.DynamicUpdateCommand.Execute(Dictionary`2 identifierValues, List`1 generatedValues)
   at System.Data.Entity.Core.Mapping.Update.Internal.UpdateTranslator.Update()
   --- End of inner exception stack trace ---
   at System.Data.Entity.Core.Mapping.Update.Internal.UpdateTranslator.Update()
   at System.Data.Entity.Core.EntityClient.Internal.EntityAdapter.<Update>b__2(UpdateTranslator ut)
   at System.Data.Entity.Core.EntityClient.Internal.EntityAdapter.Update[T](T noChangesResult, Func`2 updateFunction)
   at System.Data.Entity.Core.EntityClient.Internal.EntityAdapter.Update()
   at System.Data.Entity.Core.Objects.ObjectContext.<SaveChangesToStore>b__35()
   at System.Data.Entity.Core.Objects.ObjectContext.ExecuteInTransaction[T](Func`1 func, IDbExecutionStrategy executionStrategy, Boolean startLocalTransaction, Boolean releaseConnectionOnSuccess)
   at System.Data.Entity.Core.Objects.ObjectContext.SaveChangesToStore(SaveOptions options, IDbExecutionStrategy executionStrategy, Boolean startLocalTransaction)
   at System.Data.Entity.Core.Objects.ObjectContext.<>c__DisplayClass2a.<SaveChangesInternal>b__27()
   at System.Data.Entity.SqlServer.DefaultSqlExecutionStrategy.Execute[TResult](Func`1 operation)
   at System.Data.Entity.Core.Objects.ObjectContext.SaveChangesInternal(SaveOptions options, Boolean executeInExistingTransaction)
   at System.Data.Entity.Core.Objects.ObjectContext.SaveChanges(SaveOptions options)
   at System.Data.Entity.Internal.InternalContext.SaveChanges()
   --- End of inner exception stack trace ---
   at System.Data.Entity.Internal.InternalContext.SaveChanges()
   at System.Data.Entity.Internal.LazyInternalContext.SaveChanges()
   at System.Data.Entity.DbContext.SaveChanges()
   at Domain2.Implementations.EfColorsRepository.DelColor(Int32 idcolor) in D:\GitHub\dveri1\Domain2\Domain2\Implementations\EfColorsRepository.cs:line 46
   at dveri1.Controllers.AdminColorController.DellColor(Int32 id) in D:\GitHub\dveri1\dveri1\Controllers\AdminColorController.cs:line 142
[03.10.2016 15:16:25.502] AdminColor/DellColor-System.Data.Entity.Core.EntityException: An error occurred while starting a transaction on the provider connection. See the inner exception for details. ---> System.Data.SqlClient.SqlException: New transaction is not allowed because there are other threads running in the session.
   at System.Data.SqlClient.SqlConnection.OnError(SqlException exception, Boolean breakConnection, Action`1 wrapCloseInAction)
   at System.Data.SqlClient.SqlInternalConnection.OnError(SqlException exception, Boolean breakConnection, Action`1 wrapCloseInAction)
   at System.Data.SqlClient.TdsParser.ThrowExceptionAndWarning(TdsParserStateObject stateObj, Boolean callerHasConnectionLock, Boolean asyncClose)
   at System.Data.SqlClient.TdsParser.TryRun(RunBehavior runBehavior, SqlCommand cmdHandler, SqlDataReader dataStream, BulkCopySimpleResultSet bulkCopyHandler, TdsParserStateObject stateObj, Boolean& dataReady)
   at System.Data.SqlClient.TdsParser.Run(RunBehavior runBehavior, SqlCommand cmdHandler, SqlDataReader dataStream, BulkCopySimpleResultSet bulkCopyHandler, TdsParserStateObject stateObj)
   at System.Data.SqlClient.TdsParser.TdsExecuteTransactionManagerRequest(Byte[] buffer, TransactionManagerRequestType request, String transactionName, TransactionManagerIsolationLevel isoLevel, Int32 timeout, SqlInternalTransaction transaction, TdsParserStateObject stateObj, Boolean isDelegateControlRequest)
   at System.Data.SqlClient.SqlInternalConnectionTds.ExecuteTransactionYukon(TransactionRequest transactionRequest, String transactionName, IsolationLevel iso, SqlInternalTransaction internalTransaction, Boolean isDelegateControlRequest)
   at System.Data.SqlClient.SqlInternalConnectionTds.ExecuteTransaction(TransactionRequest transactionRequest, String name, IsolationLevel iso, SqlInternalTransaction internalTransaction, Boolean isDelegateControlRequest)
   at System.Data.SqlClient.SqlInternalConnection.BeginSqlTransaction(IsolationLevel iso, String transactionName, Boolean shouldReconnect)
   at System.Data.SqlClient.SqlConnection.BeginTransaction(IsolationLevel iso, String transactionName)
   at System.Data.SqlClient.SqlConnection.BeginDbTransaction(IsolationLevel isolationLevel)
   at System.Data.Common.DbConnection.BeginTransaction(IsolationLevel isolationLevel)
   at System.Data.Entity.Infrastructure.Interception.DbConnectionDispatcher.<BeginTransaction>b__0(DbConnection t, BeginTransactionInterceptionContext c)
   at System.Data.Entity.Infrastructure.Interception.InternalDispatcher`1.Dispatch[TTarget,TInterceptionContext,TResult](TTarget target, Func`3 operation, TInterceptionContext interceptionContext, Action`3 executing, Action`3 executed)
   at System.Data.Entity.Infrastructure.Interception.DbConnectionDispatcher.BeginTransaction(DbConnection connection, BeginTransactionInterceptionContext interceptionContext)
   at System.Data.Entity.Core.EntityClient.EntityConnection.<>c__DisplayClassf.<BeginDbTransaction>b__d()
   at System.Data.Entity.SqlServer.DefaultSqlExecutionStrategy.Execute[TResult](Func`1 operation)
   at System.Data.Entity.Core.EntityClient.EntityConnection.BeginDbTransaction(IsolationLevel isolationLevel)
   --- End of inner exception stack trace ---
   at System.Data.Entity.Core.EntityClient.EntityConnection.BeginDbTransaction(IsolationLevel isolationLevel)
   at System.Data.Entity.Core.EntityClient.EntityConnection.BeginTransaction()
   at System.Data.Entity.Core.Objects.ObjectContext.ExecuteInTransaction[T](Func`1 func, IDbExecutionStrategy executionStrategy, Boolean startLocalTransaction, Boolean releaseConnectionOnSuccess)
   at System.Data.Entity.Core.Objects.ObjectContext.SaveChangesToStore(SaveOptions options, IDbExecutionStrategy executionStrategy, Boolean startLocalTransaction)
   at System.Data.Entity.Core.Objects.ObjectContext.<>c__DisplayClass2a.<SaveChangesInternal>b__27()
   at System.Data.Entity.SqlServer.DefaultSqlExecutionStrategy.Execute[TResult](Func`1 operation)
   at System.Data.Entity.Core.Objects.ObjectContext.SaveChangesInternal(SaveOptions options, Boolean executeInExistingTransaction)
   at System.Data.Entity.Core.Objects.ObjectContext.SaveChanges(SaveOptions options)
   at System.Data.Entity.Internal.InternalContext.SaveChanges()
   at System.Data.Entity.Internal.LazyInternalContext.SaveChanges()
   at System.Data.Entity.DbContext.SaveChanges()
   at Domain2.Implementations.EfVhodnyeDvRepository.CreateVhodnyeDv(Int32 id, String naz, String pr, String strpr, Nullable`1 cvet, String napoln, String yplotnit, Nullable`1 tmet, String furn, String petli, String osn, String ovn, Nullable`1 tdpol, Nullable`1 cena, Nullable`1 skidka, Nullable`1 csskid, String opis, Boolean publ, String dopchar) in D:\GitHub\dveri1\Domain2\Domain2\Implementations\EfVhodnyeDvRepository.cs:line 86
   at dveri1.Controllers.AdminColorController.DellColor(Int32 id) in D:\GitHub\dveri1\dveri1\Controllers\AdminColorController.cs:line 139
[03.10.2016 15:27:25.729] AdminColor/DellColor-System.Data.Entity.Core.EntityException: An error occurred while starting a transaction on the provider connection. See the inner exception for details. ---> System.Data.SqlClient.SqlException: New transaction is not allowed because there are other threads running in the session.
   at System.Data.SqlClient.SqlConnection.OnError(SqlException exception, Boolean breakConnection, Action`1 wrapCloseInAction)
   at System.Data.SqlClient.SqlInternalConnection.OnError(SqlException exception, Boolean breakConnection, Action`1 wrapCloseInAction)
   at System.Data.SqlClient.TdsParser.ThrowExceptionAndWarning(TdsParserStateObject stateObj, Boolean callerHasConnectionLock, Boolean asyncClose)
   at System.Data.SqlClient.TdsParser.TryRun(RunBehavior runBehavior, SqlCommand cmdHandler, SqlDataReader dataStream, BulkCopySimpleResultSet bulkCopyHandler, TdsParserStateObject stateObj, Boolean& dataReady)
   at System.Data.SqlClient.TdsParser.Run(RunBehavior runBehavior, SqlCommand cmdHandler, SqlDataReader dataStream, BulkCopySimpleResultSet bulkCopyHandler, TdsParserStateObject stateObj)
   at System.Data.SqlClient.TdsParser.TdsExecuteTransactionManagerRequest(Byte[] buffer, TransactionManagerRequestType request, String transactionName, TransactionManagerIsolationLevel isoLevel, Int32 timeout, SqlInternalTransaction transaction, TdsParserStateObject stateObj, Boolean isDelegateControlRequest)
   at System.Data.SqlClient.SqlInternalConnectionTds.ExecuteTransactionYukon(TransactionRequest transactionRequest, String transactionName, IsolationLevel iso, SqlInternalTransaction internalTransaction, Boolean isDelegateControlRequest)
   at System.Data.SqlClient.SqlInternalConnectionTds.ExecuteTransaction(TransactionRequest transactionRequest, String name, IsolationLevel iso, SqlInternalTransaction internalTransaction, Boolean isDelegateControlRequest)
   at System.Data.SqlClient.SqlInternalConnection.BeginSqlTransaction(IsolationLevel iso, String transactionName, Boolean shouldReconnect)
   at System.Data.SqlClient.SqlConnection.BeginTransaction(IsolationLevel iso, String transactionName)
   at System.Data.SqlClient.SqlConnection.BeginDbTransaction(IsolationLevel isolationLevel)
   at System.Data.Common.DbConnection.BeginTransaction(IsolationLevel isolationLevel)
   at System.Data.Entity.Infrastructure.Interception.DbConnectionDispatcher.<BeginTransaction>b__0(DbConnection t, BeginTransactionInterceptionContext c)
   at System.Data.Entity.Infrastructure.Interception.InternalDispatcher`1.Dispatch[TTarget,TInterceptionContext,TResult](TTarget target, Func`3 operation, TInterceptionContext interceptionContext, Action`3 executing, Action`3 executed)
   at System.Data.Entity.Infrastructure.Interception.DbConnectionDispatcher.BeginTransaction(DbConnection connection, BeginTransactionInterceptionContext interceptionContext)
   at System.Data.Entity.Core.EntityClient.EntityConnection.<>c__DisplayClassf.<BeginDbTransaction>b__d()
   at System.Data.Entity.SqlServer.DefaultSqlExecutionStrategy.Execute[TResult](Func`1 operation)
   at System.Data.Entity.Core.EntityClient.EntityConnection.BeginDbTransaction(IsolationLevel isolationLevel)
   --- End of inner exception stack trace ---
   at System.Data.Entity.Core.EntityClient.EntityConnection.BeginDbTransaction(IsolationLevel isolationLevel)
   at System.Data.Entity.Core.EntityClient.EntityConnection.BeginTransaction()
   at System.Data.Entity.Core.Objects.ObjectContext.ExecuteInTransaction[T](Func`1 func, IDbExecutionStrategy executionStrategy, Boolean startLocalTransaction, Boolean releaseConnectionOnSuccess)
   at System.Data.Entity.Core.Objects.ObjectContext.SaveChangesToStore(SaveOptions options, IDbExecutionStrategy executionStrategy, Boolean startLocalTransaction)
   at System.Data.Entity.Core.Objects.ObjectContext.<>c__DisplayClass2a.<SaveChangesInternal>b__27()
   at System.Data.Entity.SqlServer.DefaultSqlExecutionStrategy.Execute[TResult](Func`1 operation)
   at System.Data.Entity.Core.Objects.ObjectContext.SaveChangesInternal(SaveOptions options, Boolean executeInExistingTransaction)
   at System.Data.Entity.Core.Objects.ObjectContext.SaveChanges(SaveOptions options)
   at System.Data.Entity.Internal.InternalContext.SaveChanges()
   at System.Data.Entity.Internal.LazyInternalContext.SaveChanges()
   at System.Data.Entity.DbContext.SaveChanges()
   at Domain2.Implementations.EfVhodnyeDvRepository.CreateVhodnyeDv(Int32 id, String naz, String pr, String strpr, Nullable`1 cvet, String napoln, String yplotnit, Nullable`1 tmet, String furn, String petli, String osn, String ovn, Nullable`1 tdpol, Nullable`1 cena, Nullable`1 skidka, Nullable`1 csskid, String opis, Boolean publ, String dopchar) in D:\GitHub\dveri1\Domain2\Domain2\Implementations\EfVhodnyeDvRepository.cs:line 86
   at dveri1.Controllers.AdminColorController.DellColor(Int32 id) in D:\GitHub\dveri1\dveri1\Controllers\AdminColorController.cs:line 139
[03.10.2016 15:30:18.517] AdminColor/DellColor-System.Data.Entity.Core.EntityException: An error occurred while starting a transaction on the provider connection. See the inner exception for details. ---> System.Data.SqlClient.SqlException: New transaction is not allowed because there are other threads running in the session.
   at System.Data.SqlClient.SqlConnection.OnError(SqlException exception, Boolean breakConnection, Action`1 wrapCloseInAction)
   at System.Data.SqlClient.SqlInternalConnection.OnError(SqlException exception, Boolean breakConnection, Action`1 wrapCloseInAction)
   at System.Data.SqlClient.TdsParser.ThrowExceptionAndWarning(TdsParserStateObject stateObj, Boolean callerHasConnectionLock, Boolean asyncClose)
   at System.Data.SqlClient.TdsParser.TryRun(RunBehavior runBehavior, SqlCommand cmdHandler, SqlDataReader dataStream, BulkCopySimpleResultSet bulkCopyHandler, TdsParserStateObject stateObj, Boolean& dataReady)
   at System.Data.SqlClient.TdsParser.Run(RunBehavior runBehavior, SqlCommand cmdHandler, SqlDataReader dataStream, BulkCopySimpleResultSet bulkCopyHandler, TdsParserStateObject stateObj)
   at System.Data.SqlClient.TdsParser.TdsExecuteTransactionManagerRequest(Byte[] buffer, TransactionManagerRequestType request, String transactionName, TransactionManagerIsolationLevel isoLevel, Int32 timeout, SqlInternalTransaction transaction, TdsParserStateObject stateObj, Boolean isDelegateControlRequest)
   at System.Data.SqlClient.SqlInternalConnectionTds.ExecuteTransactionYukon(TransactionRequest transactionRequest, String transactionName, IsolationLevel iso, SqlInternalTransaction internalTransaction, Boolean isDelegateControlRequest)
   at System.Data.SqlClient.SqlInternalConnectionTds.ExecuteTransaction(TransactionRequest transactionRequest, String name, IsolationLevel iso, SqlInternalTransaction internalTransaction, Boolean isDelegateControlRequest)
   at System.Data.SqlClient.SqlInternalConnection.BeginSqlTransaction(IsolationLevel iso, String transactionName, Boolean shouldReconnect)
   at System.Data.SqlClient.SqlConnection.BeginTransaction(IsolationLevel iso, String transactionName)
   at System.Data.SqlClient.SqlConnection.BeginDbTransaction(IsolationLevel isolationLevel)
   at System.Data.Common.DbConnection.BeginTransaction(IsolationLevel isolationLevel)
   at System.Data.Entity.Infrastructure.Interception.DbConnectionDispatcher.<BeginTransaction>b__0(DbConnection t, BeginTransactionInterceptionContext c)
   at System.Data.Entity.Infrastructure.Interception.InternalDispatcher`1.Dispatch[TTarget,TInterceptionContext,TResult](TTarget target, Func`3 operation, TInterceptionContext interceptionContext, Action`3 executing, Action`3 executed)
   at System.Data.Entity.Infrastructure.Interception.DbConnectionDispatcher.BeginTransaction(DbConnection connection, BeginTransactionInterceptionContext interceptionContext)
   at System.Data.Entity.Core.EntityClient.EntityConnection.<>c__DisplayClassf.<BeginDbTransaction>b__d()
   at System.Data.Entity.SqlServer.DefaultSqlExecutionStrategy.Execute[TResult](Func`1 operation)
   at System.Data.Entity.Core.EntityClient.EntityConnection.BeginDbTransaction(IsolationLevel isolationLevel)
   --- End of inner exception stack trace ---
   at System.Data.Entity.Core.EntityClient.EntityConnection.BeginDbTransaction(IsolationLevel isolationLevel)
   at System.Data.Entity.Core.EntityClient.EntityConnection.BeginTransaction()
   at System.Data.Entity.Core.Objects.ObjectContext.ExecuteInTransaction[T](Func`1 func, IDbExecutionStrategy executionStrategy, Boolean startLocalTransaction, Boolean releaseConnectionOnSuccess)
   at System.Data.Entity.Core.Objects.ObjectContext.SaveChangesToStore(SaveOptions options, IDbExecutionStrategy executionStrategy, Boolean startLocalTransaction)
   at System.Data.Entity.Core.Objects.ObjectContext.<>c__DisplayClass2a.<SaveChangesInternal>b__27()
   at System.Data.Entity.SqlServer.DefaultSqlExecutionStrategy.Execute[TResult](Func`1 operation)
   at System.Data.Entity.Core.Objects.ObjectContext.SaveChangesInternal(SaveOptions options, Boolean executeInExistingTransaction)
   at System.Data.Entity.Core.Objects.ObjectContext.SaveChanges(SaveOptions options)
   at System.Data.Entity.Internal.InternalContext.SaveChanges()
   at System.Data.Entity.Internal.LazyInternalContext.SaveChanges()
   at System.Data.Entity.DbContext.SaveChanges()
   at Domain2.Implementations.EfVhodnyeDvRepository.CreateVhodnyeDv(Int32 id, String naz, String pr, String strpr, Nullable`1 cvet, String napoln, String yplotnit, Nullable`1 tmet, String furn, String petli, String osn, String ovn, Nullable`1 tdpol, Nullable`1 cena, Nullable`1 skidka, Nullable`1 csskid, String opis, Boolean publ, String dopchar) in D:\GitHub\dveri1\Domain2\Domain2\Implementations\EfVhodnyeDvRepository.cs:line 86
   at dveri1.Controllers.AdminColorController.DellColor(Int32 id) in D:\GitHub\dveri1\dveri1\Controllers\AdminColorController.cs:line 139
[03.10.2016 15:54:28.020] AdminColor/DellColor-System.Data.Entity.Core.EntityException: An error occurred while starting a transaction on the provider connection. See the inner exception for details. ---> System.Data.SqlClient.SqlException: New transaction is not allowed because there are other threads running in the session.
   at System.Data.SqlClient.SqlConnection.OnError(SqlException exception, Boolean breakConnection, Action`1 wrapCloseInAction)
   at System.Data.SqlClient.SqlInternalConnection.OnError(SqlException exception, Boolean breakConnection, Action`1 wrapCloseInAction)
   at System.Data.SqlClient.TdsParser.ThrowExceptionAndWarning(TdsParserStateObject stateObj, Boolean callerHasConnectionLock, Boolean asyncClose)
   at System.Data.SqlClient.TdsParser.TryRun(RunBehavior runBehavior, SqlCommand cmdHandler, SqlDataReader dataStream, BulkCopySimpleResultSet bulkCopyHandler, TdsParserStateObject stateObj, Boolean& dataReady)
   at System.Data.SqlClient.TdsParser.Run(RunBehavior runBehavior, SqlCommand cmdHandler, SqlDataReader dataStream, BulkCopySimpleResultSet bulkCopyHandler, TdsParserStateObject stateObj)
   at System.Data.SqlClient.TdsParser.TdsExecuteTransactionManagerRequest(Byte[] buffer, TransactionManagerRequestType request, String transactionName, TransactionManagerIsolationLevel isoLevel, Int32 timeout, SqlInternalTransaction transaction, TdsParserStateObject stateObj, Boolean isDelegateControlRequest)
   at System.Data.SqlClient.SqlInternalConnectionTds.ExecuteTransactionYukon(TransactionRequest transactionRequest, String transactionName, IsolationLevel iso, SqlInternalTransaction internalTransaction, Boolean isDelegateControlRequest)
   at System.Data.SqlClient.SqlInternalConnectionTds.ExecuteTransaction(TransactionRequest transactionRequest, String name, IsolationLevel iso, SqlInternalTransaction internalTransaction, Boolean isDelegateControlRequest)
   at System.Data.SqlClient.SqlInternalConnection.BeginSqlTransaction(IsolationLevel iso, String transactionName, Boolean shouldReconnect)
   at System.Data.SqlClient.SqlConnection.BeginTransaction(IsolationLevel iso, String transactionName)
   at System.Data.SqlClient.SqlConnection.BeginDbTransaction(IsolationLevel isolationLevel)
   at System.Data.Common.DbConnection.BeginTransaction(IsolationLevel isolationLevel)
   at System.Data.Entity.Infrastructure.Interception.DbConnectionDispatcher.<BeginTransaction>b__0(DbConnection t, BeginTransactionInterceptionContext c)
   at System.Data.Entity.Infrastructure.Interception.InternalDispatcher`1.Dispatch[TTarget,TInterceptionContext,TResult](TTarget target, Func`3 operation, TInterceptionContext interceptionContext, Action`3 executing, Action`3 executed)
   at System.Data.Entity.Infrastructure.Interception.DbConnectionDispatcher.BeginTransaction(DbConnection connection, BeginTransactionInterceptionContext interceptionContext)
   at System.Data.Entity.Core.EntityClient.EntityConnection.<>c__DisplayClassf.<BeginDbTransaction>b__d()
   at System.Data.Entity.SqlServer.DefaultSqlExecutionStrategy.Execute[TResult](Func`1 operation)
   at System.Data.Entity.Core.EntityClient.EntityConnection.BeginDbTransaction(IsolationLevel isolationLevel)
   --- End of inner exception stack trace ---
   at System.Data.Entity.Core.EntityClient.EntityConnection.BeginDbTransaction(IsolationLevel isolationLevel)
   at System.Data.Entity.Core.EntityClient.EntityConnection.BeginTransaction()
   at System.Data.Entity.Core.Objects.ObjectContext.ExecuteInTransaction[T](Func`1 func, IDbExecutionStrategy executionStrategy, Boolean startLocalTransaction, Boolean releaseConnectionOnSuccess)
   at System.Data.Entity.Core.Objects.ObjectContext.SaveChangesToStore(SaveOptions options, IDbExecutionStrategy executionStrategy, Boolean startLocalTransaction)
   at System.Data.Entity.Core.Objects.ObjectContext.<>c__DisplayClass2a.<SaveChangesInternal>b__27()
   at System.Data.Entity.SqlServer.DefaultSqlExecutionStrategy.Execute[TResult](Func`1 operation)
   at System.Data.Entity.Core.Objects.ObjectContext.SaveChangesInternal(SaveOptions options, Boolean executeInExistingTransaction)
   at System.Data.Entity.Core.Objects.ObjectContext.SaveChanges(SaveOptions options)
   at System.Data.Entity.Internal.InternalContext.SaveChanges()
   at System.Data.Entity.Internal.LazyInternalContext.SaveChanges()
   at System.Data.Entity.DbContext.SaveChanges()
   at Domain2.Implementations.EfVhodnyeDvRepository.CreateVhodnyeDv(Int32 id, String naz, String pr, String strpr, Nullable`1 cvet, String napoln, String yplotnit, Nullable`1 tmet, String furn, String petli, String osn, String ovn, Nullable`1 tdpol, Nullable`1 cena, Nullable`1 skidka, Nullable`1 csskid, String opis, Boolean publ, String dopchar) in D:\GitHub\dveri1\Domain2\Domain2\Implementations\EfVhodnyeDvRepository.cs:line 86
   at dveri1.Controllers.AdminColorController.DellColor(Int32 id) in D:\GitHub\dveri1\dveri1\Controllers\AdminColorController.cs:line 139
[03.10.2016 15:59:51.348] AdminColor/DellColor-System.Data.Entity.Core.EntityException: An error occurred while starting a transaction on the provider connection. See the inner exception for details. ---> System.Data.SqlClient.SqlException: New transaction is not allowed because there are other threads running in the session.
   at System.Data.SqlClient.SqlConnection.OnError(SqlException exception, Boolean breakConnection, Action`1 wrapCloseInAction)
   at System.Data.SqlClient.SqlInternalConnection.OnError(SqlException exception, Boolean breakConnection, Action`1 wrapCloseInAction)
   at System.Data.SqlClient.TdsParser.ThrowExceptionAndWarning(TdsParserStateObject stateObj, Boolean callerHasConnectionLock, Boolean asyncClose)
   at System.Data.SqlClient.TdsParser.TryRun(RunBehavior runBehavior, SqlCommand cmdHandler, SqlDataReader dataStream, BulkCopySimpleResultSet bulkCopyHandler, TdsParserStateObject stateObj, Boolean& dataReady)
   at System.Data.SqlClient.TdsParser.Run(RunBehavior runBehavior, SqlCommand cmdHandler, SqlDataReader dataStream, BulkCopySimpleResultSet bulkCopyHandler, TdsParserStateObject stateObj)
   at System.Data.SqlClient.TdsParser.TdsExecuteTransactionManagerRequest(Byte[] buffer, TransactionManagerRequestType request, String transactionName, TransactionManagerIsolationLevel isoLevel, Int32 timeout, SqlInternalTransaction transaction, TdsParserStateObject stateObj, Boolean isDelegateControlRequest)
   at System.Data.SqlClient.SqlInternalConnectionTds.ExecuteTransactionYukon(TransactionRequest transactionRequest, String transactionName, IsolationLevel iso, SqlInternalTransaction internalTransaction, Boolean isDelegateControlRequest)
   at System.Data.SqlClient.SqlInternalConnectionTds.ExecuteTransaction(TransactionRequest transactionRequest, String name, IsolationLevel iso, SqlInternalTransaction internalTransaction, Boolean isDelegateControlRequest)
   at System.Data.SqlClient.SqlInternalConnection.BeginSqlTransaction(IsolationLevel iso, String transactionName, Boolean shouldReconnect)
   at System.Data.SqlClient.SqlConnection.BeginTransaction(IsolationLevel iso, String transactionName)
   at System.Data.SqlClient.SqlConnection.BeginDbTransaction(IsolationLevel isolationLevel)
   at System.Data.Common.DbConnection.BeginTransaction(IsolationLevel isolationLevel)
   at System.Data.Entity.Infrastructure.Interception.DbConnectionDispatcher.<BeginTransaction>b__0(DbConnection t, BeginTransactionInterceptionContext c)
   at System.Data.Entity.Infrastructure.Interception.InternalDispatcher`1.Dispatch[TTarget,TInterceptionContext,TResult](TTarget target, Func`3 operation, TInterceptionContext interceptionContext, Action`3 executing, Action`3 executed)
   at System.Data.Entity.Infrastructure.Interception.DbConnectionDispatcher.BeginTransaction(DbConnection connection, BeginTransactionInterceptionContext interceptionContext)
   at System.Data.Entity.Core.EntityClient.EntityConnection.<>c__DisplayClassf.<BeginDbTransaction>b__d()
   at System.Data.Entity.SqlServer.DefaultSqlExecutionStrategy.Execute[TResult](Func`1 operation)
   at System.Data.Entity.Core.EntityClient.EntityConnection.BeginDbTransaction(IsolationLevel isolationLevel)
   --- End of inner exception stack trace ---
   at System.Data.Entity.Core.EntityClient.EntityConnection.BeginDbTransaction(IsolationLevel isolationLevel)
   at System.Data.Entity.Core.EntityClient.EntityConnection.BeginTransaction()
   at System.Data.Entity.Core.Objects.ObjectContext.ExecuteInTransaction[T](Func`1 func, IDbExecutionStrategy executionStrategy, Boolean startLocalTransaction, Boolean releaseConnectionOnSuccess)
   at System.Data.Entity.Core.Objects.ObjectContext.SaveChangesToStore(SaveOptions options, IDbExecutionStrategy executionStrategy, Boolean startLocalTransaction)
   at System.Data.Entity.Core.Objects.ObjectContext.<>c__DisplayClass2a.<SaveChangesInternal>b__27()
   at System.Data.Entity.SqlServer.DefaultSqlExecutionStrategy.Execute[TResult](Func`1 operation)
   at System.Data.Entity.Core.Objects.ObjectContext.SaveChangesInternal(SaveOptions options, Boolean executeInExistingTransaction)
   at System.Data.Entity.Core.Objects.ObjectContext.SaveChanges(SaveOptions options)
   at System.Data.Entity.Internal.InternalContext.SaveChanges()
   at System.Data.Entity.Internal.LazyInternalContext.SaveChanges()
   at System.Data.Entity.DbContext.SaveChanges()
   at Domain2.Implementations.EfVhodnyeDvRepository.CreateVhodnyeDv(Int32 id, String naz, String pr, String strpr, Nullable`1 cvet, String napoln, String yplotnit, Nullable`1 tmet, String furn, String petli, String osn, String ovn, Nullable`1 tdpol, Nullable`1 cena, Nullable`1 skidka, Nullable`1 csskid, String opis, Boolean publ, String dopchar) in D:\GitHub\dveri1\Domain2\Domain2\Implementations\EfVhodnyeDvRepository.cs:line 86
   at dveri1.Controllers.AdminColorController.DellColor(Int32 id) in D:\GitHub\dveri1\dveri1\Controllers\AdminColorController.cs:line 139
[03.10.2016 16:09:59.755] Admin/EditVhDv-System.NullReferenceException: Object reference not set to an instance of an object.
   at dveri1.Controllers.AdminController.EditVhDv(CreateVhMod model, IEnumerable`1 fileUpload) in D:\GitHub\dveri1\dveri1\Controllers\AdminController.cs:line 381
