[27.07.2016 12:58:23.153] Admin/ChangeCena-System.InvalidOperationException: Nullable object must have a value.
   at System.ThrowHelper.ThrowInvalidOperationException(ExceptionResource resource)
   at System.Nullable`1.get_Value()
   at dveri1.Controllers.AdminController.ChangeCena(Int32 id, String newprice) in D:\GitHub\dveri1\dveri1\Controllers\AdminController.cs:line 876
[27.07.2016 12:58:28.880] Admin/ChangeCena-System.InvalidOperationException: Nullable object must have a value.
   at System.ThrowHelper.ThrowInvalidOperationException(ExceptionResource resource)
   at System.Nullable`1.get_Value()
   at dveri1.Controllers.AdminController.ChangeCena(Int32 id, String newprice) in D:\GitHub\dveri1\dveri1\Controllers\AdminController.cs:line 876
[27.07.2016 12:58:31.326] Admin/ChangeCena-System.InvalidOperationException: Nullable object must have a value.
   at System.ThrowHelper.ThrowInvalidOperationException(ExceptionResource resource)
   at System.Nullable`1.get_Value()
   at dveri1.Controllers.AdminController.ChangeCena(Int32 id, String newprice) in D:\GitHub\dveri1\dveri1\Controllers\AdminController.cs:line 876
[27.07.2016 13:02:00.998] Admin/ChangeCena-System.InvalidOperationException: Nullable object must have a value.
   at System.ThrowHelper.ThrowInvalidOperationException(ExceptionResource resource)
   at System.Nullable`1.get_Value()
   at dveri1.Controllers.AdminController.ChangeCena(Int32 id, String newprice) in D:\GitHub\dveri1\dveri1\Controllers\AdminController.cs:line 876
[27.07.2016 13:06:00.157] Admin/ChangeCena-System.InvalidOperationException: Nullable object must have a value.
   at System.ThrowHelper.ThrowInvalidOperationException(ExceptionResource resource)
   at System.Nullable`1.get_Value()
   at dveri1.Controllers.AdminController.ChangeCena(Int32 id, String newprice) in D:\GitHub\dveri1\dveri1\Controllers\AdminController.cs:line 876
[27.07.2016 13:07:07.850] Admin/ChangeCena-System.InvalidOperationException: Nullable object must have a value.
   at System.ThrowHelper.ThrowInvalidOperationException(ExceptionResource resource)
   at System.Nullable`1.get_Value()
   at dveri1.Controllers.AdminController.ChangeCena(Int32 id, String newprice) in D:\GitHub\dveri1\dveri1\Controllers\AdminController.cs:line 876
[27.07.2016 13:08:27.687] Admin/ChangeCena-System.InvalidOperationException: Nullable object must have a value.
   at System.ThrowHelper.ThrowInvalidOperationException(ExceptionResource resource)
   at System.Nullable`1.get_Value()
   at dveri1.Controllers.AdminController.ChangeCena(Int32 id, String newprice) in D:\GitHub\dveri1\dveri1\Controllers\AdminController.cs:line 876
[27.07.2016 13:15:45.940] Admin/ChangeCena-System.InvalidOperationException: Nullable object must have a value.
   at System.ThrowHelper.ThrowInvalidOperationException(ExceptionResource resource)
   at System.Nullable`1.get_Value()
   at dveri1.Controllers.AdminController.ChangeCena(Int32 id, String newprice) in D:\GitHub\dveri1\dveri1\Controllers\AdminController.cs:line 876
[27.07.2016 13:16:58.709] Admin/ChangeCena-System.IndexOutOfRangeException: Index was outside the bounds of the array.
   at dveri1.Controllers.AdminController.ChangeCena(Int32 id, String newprice) in D:\GitHub\dveri1\dveri1\Controllers\AdminController.cs:line 887
[27.07.2016 13:23:30.830] Admin/ChangeCena-System.IndexOutOfRangeException: Index was outside the bounds of the array.
   at dveri1.Controllers.AdminController.ChangeCena(Int32 id, String newprice) in D:\GitHub\dveri1\dveri1\Controllers\AdminController.cs:line 890
