[15.06.2016 16:39:09.154] Admin/DeleteUser-System.Data.Entity.Infrastructure.DbUpdateException: Unable to update the EntitySet 'User' because it has a DefiningQuery and no <DeleteFunction> element exists in the <ModificationFunctionMapping> element to support the current operation. ---> System.Data.Entity.Core.UpdateException: Unable to update the EntitySet 'User' because it has a DefiningQuery and no <DeleteFunction> element exists in the <ModificationFunctionMapping> element to support the current operation.
   at System.Data.Entity.SqlServer.SqlGen.DmlSqlGenerator.ExpressionTranslator.Visit(DbScanExpression expression)
   at System.Data.Entity.Core.Common.CommandTrees.DbScanExpression.Accept(DbExpressionVisitor visitor)
   at System.Data.Entity.SqlServer.SqlGen.DmlSqlGenerator.GenerateDeleteSql(DbDeleteCommandTree tree, SqlGenerator sqlGenerator, List`1& parameters, Boolean upperCaseKeywords, Boolean createParameters)
   at System.Data.Entity.SqlServer.SqlGen.SqlGenerator.GenerateSql(DbCommandTree tree, SqlVersion sqlVersion, List`1& parameters, CommandType& commandType, HashSet`1& paramsToForceNonUnicode)
   at System.Data.Entity.SqlServer.SqlProviderServices.CreateCommand(DbProviderManifest providerManifest, DbCommandTree commandTree)
   at System.Data.Entity.SqlServer.SqlProviderServices.CreateDbCommandDefinition(DbProviderManifest providerManifest, DbCommandTree commandTree)
   at System.Data.Entity.Core.Common.DbProviderServices.CreateDbCommandDefinition(DbProviderManifest providerManifest, DbCommandTree commandTree, DbInterceptionContext interceptionContext)
   at System.Data.Entity.Core.Common.DbProviderServices.CreateCommandDefinition(DbCommandTree commandTree, DbInterceptionContext interceptionContext)
   at System.Data.Entity.Core.Common.DbProviderServices.CreateCommand(DbCommandTree commandTree, DbInterceptionContext interceptionContext)
   at System.Data.Entity.Core.Mapping.Update.Internal.UpdateTranslator.CreateCommand(DbModificationCommandTree commandTree)
   at System.Data.Entity.Core.Mapping.Update.Internal.DynamicUpdateCommand.CreateCommand(Dictionary`2 identifierValues)
   at System.Data.Entity.Core.Mapping.Update.Internal.DynamicUpdateCommand.Execute(Dictionary`2 identifierValues, List`1 generatedValues)
   at System.Data.Entity.Core.Mapping.Update.Internal.UpdateTranslator.Update()
   at System.Data.Entity.Core.EntityClient.Internal.EntityAdapter.<Update>b__2(UpdateTranslator ut)
   at System.Data.Entity.Core.EntityClient.Internal.EntityAdapter.Update[T](T noChangesResult, Func`2 updateFunction)
   at System.Data.Entity.Core.EntityClient.Internal.EntityAdapter.Update()
   at System.Data.Entity.Core.Objects.ObjectContext.<SaveChangesToStore>b__35()
   at System.Data.Entity.Core.Objects.ObjectContext.ExecuteInTransaction[T](Func`1 func, IDbExecutionStrategy executionStrategy, Boolean startLocalTransaction, Boolean releaseConnectionOnSuccess)
   at System.Data.Entity.Core.Objects.ObjectContext.SaveChangesToStore(SaveOptions options, IDbExecutionStrategy executionStrategy, Boolean startLocalTransaction)
   at System.Data.Entity.Core.Objects.ObjectContext.<>c__DisplayClass2a.<SaveChangesInternal>b__27()
   at System.Data.Entity.SqlServer.DefaultSqlExecutionStrategy.Execute[TResult](Func`1 operation)
   at System.Data.Entity.Core.Objects.ObjectContext.SaveChangesInternal(SaveOptions options, Boolean executeInExistingTransaction)
   at System.Data.Entity.Core.Objects.ObjectContext.SaveChanges(SaveOptions options)
   at System.Data.Entity.Internal.InternalContext.SaveChanges()
   --- End of inner exception stack trace ---
   at System.Data.Entity.Internal.InternalContext.SaveChanges()
   at System.Data.Entity.Internal.LazyInternalContext.SaveChanges()
   at System.Data.Entity.DbContext.SaveChanges()
   at Domain2.Implementations.EfUserRepository.DeleteUser(Int32 id) in D:\GitHub\dveri1\Domain2\Domain2\Implementations\EfUserRepository.cs:line 33
   at dveri1.Controllers.AdminController.DeleteUser(Int32 id) in D:\GitHub\dveri1\dveri1\Controllers\AdminController.cs:line 470
[15.06.2016 16:45:51.202] Admin/DeleteUser-System.Data.Entity.Infrastructure.DbUpdateException: Unable to update the EntitySet 'User' because it has a DefiningQuery and no <DeleteFunction> element exists in the <ModificationFunctionMapping> element to support the current operation. ---> System.Data.Entity.Core.UpdateException: Unable to update the EntitySet 'User' because it has a DefiningQuery and no <DeleteFunction> element exists in the <ModificationFunctionMapping> element to support the current operation.
   at System.Data.Entity.SqlServer.SqlGen.DmlSqlGenerator.ExpressionTranslator.Visit(DbScanExpression expression)
   at System.Data.Entity.Core.Common.CommandTrees.DbScanExpression.Accept(DbExpressionVisitor visitor)
   at System.Data.Entity.SqlServer.SqlGen.DmlSqlGenerator.GenerateDeleteSql(DbDeleteCommandTree tree, SqlGenerator sqlGenerator, List`1& parameters, Boolean upperCaseKeywords, Boolean createParameters)
   at System.Data.Entity.SqlServer.SqlGen.SqlGenerator.GenerateSql(DbCommandTree tree, SqlVersion sqlVersion, List`1& parameters, CommandType& commandType, HashSet`1& paramsToForceNonUnicode)
   at System.Data.Entity.SqlServer.SqlProviderServices.CreateCommand(DbProviderManifest providerManifest, DbCommandTree commandTree)
   at System.Data.Entity.SqlServer.SqlProviderServices.CreateDbCommandDefinition(DbProviderManifest providerManifest, DbCommandTree commandTree)
   at System.Data.Entity.Core.Common.DbProviderServices.CreateDbCommandDefinition(DbProviderManifest providerManifest, DbCommandTree commandTree, DbInterceptionContext interceptionContext)
   at System.Data.Entity.Core.Common.DbProviderServices.CreateCommandDefinition(DbCommandTree commandTree, DbInterceptionContext interceptionContext)
   at System.Data.Entity.Core.Common.DbProviderServices.CreateCommand(DbCommandTree commandTree, DbInterceptionContext interceptionContext)
   at System.Data.Entity.Core.Mapping.Update.Internal.UpdateTranslator.CreateCommand(DbModificationCommandTree commandTree)
   at System.Data.Entity.Core.Mapping.Update.Internal.DynamicUpdateCommand.CreateCommand(Dictionary`2 identifierValues)
   at System.Data.Entity.Core.Mapping.Update.Internal.DynamicUpdateCommand.Execute(Dictionary`2 identifierValues, List`1 generatedValues)
   at System.Data.Entity.Core.Mapping.Update.Internal.UpdateTranslator.Update()
   at System.Data.Entity.Core.EntityClient.Internal.EntityAdapter.<Update>b__2(UpdateTranslator ut)
   at System.Data.Entity.Core.EntityClient.Internal.EntityAdapter.Update[T](T noChangesResult, Func`2 updateFunction)
   at System.Data.Entity.Core.EntityClient.Internal.EntityAdapter.Update()
   at System.Data.Entity.Core.Objects.ObjectContext.<SaveChangesToStore>b__35()
   at System.Data.Entity.Core.Objects.ObjectContext.ExecuteInTransaction[T](Func`1 func, IDbExecutionStrategy executionStrategy, Boolean startLocalTransaction, Boolean releaseConnectionOnSuccess)
   at System.Data.Entity.Core.Objects.ObjectContext.SaveChangesToStore(SaveOptions options, IDbExecutionStrategy executionStrategy, Boolean startLocalTransaction)
   at System.Data.Entity.Core.Objects.ObjectContext.<>c__DisplayClass2a.<SaveChangesInternal>b__27()
   at System.Data.Entity.SqlServer.DefaultSqlExecutionStrategy.Execute[TResult](Func`1 operation)
   at System.Data.Entity.Core.Objects.ObjectContext.SaveChangesInternal(SaveOptions options, Boolean executeInExistingTransaction)
   at System.Data.Entity.Core.Objects.ObjectContext.SaveChanges(SaveOptions options)
   at System.Data.Entity.Internal.InternalContext.SaveChanges()
   --- End of inner exception stack trace ---
   at System.Data.Entity.Internal.InternalContext.SaveChanges()
   at System.Data.Entity.Internal.LazyInternalContext.SaveChanges()
   at System.Data.Entity.DbContext.SaveChanges()
   at Domain2.Implementations.EfUserRepository.DeleteUser(Int32 id) in D:\GitHub\dveri1\Domain2\Domain2\Implementations\EfUserRepository.cs:line 33
   at dveri1.Controllers.AdminController.DeleteUser(Int32 id) in D:\GitHub\dveri1\dveri1\Controllers\AdminController.cs:line 473
[15.06.2016 16:45:55.490] Admin/DeleteUser-System.Data.Entity.Infrastructure.DbUpdateException: Unable to update the EntitySet 'User' because it has a DefiningQuery and no <DeleteFunction> element exists in the <ModificationFunctionMapping> element to support the current operation. ---> System.Data.Entity.Core.UpdateException: Unable to update the EntitySet 'User' because it has a DefiningQuery and no <DeleteFunction> element exists in the <ModificationFunctionMapping> element to support the current operation.
   at System.Data.Entity.SqlServer.SqlGen.DmlSqlGenerator.ExpressionTranslator.Visit(DbScanExpression expression)
   at System.Data.Entity.Core.Common.CommandTrees.DbScanExpression.Accept(DbExpressionVisitor visitor)
   at System.Data.Entity.SqlServer.SqlGen.DmlSqlGenerator.GenerateDeleteSql(DbDeleteCommandTree tree, SqlGenerator sqlGenerator, List`1& parameters, Boolean upperCaseKeywords, Boolean createParameters)
   at System.Data.Entity.SqlServer.SqlGen.SqlGenerator.GenerateSql(DbCommandTree tree, SqlVersion sqlVersion, List`1& parameters, CommandType& commandType, HashSet`1& paramsToForceNonUnicode)
   at System.Data.Entity.SqlServer.SqlProviderServices.CreateCommand(DbProviderManifest providerManifest, DbCommandTree commandTree)
   at System.Data.Entity.SqlServer.SqlProviderServices.CreateDbCommandDefinition(DbProviderManifest providerManifest, DbCommandTree commandTree)
   at System.Data.Entity.Core.Common.DbProviderServices.CreateDbCommandDefinition(DbProviderManifest providerManifest, DbCommandTree commandTree, DbInterceptionContext interceptionContext)
   at System.Data.Entity.Core.Common.DbProviderServices.CreateCommandDefinition(DbCommandTree commandTree, DbInterceptionContext interceptionContext)
   at System.Data.Entity.Core.Common.DbProviderServices.CreateCommand(DbCommandTree commandTree, DbInterceptionContext interceptionContext)
   at System.Data.Entity.Core.Mapping.Update.Internal.UpdateTranslator.CreateCommand(DbModificationCommandTree commandTree)
   at System.Data.Entity.Core.Mapping.Update.Internal.DynamicUpdateCommand.CreateCommand(Dictionary`2 identifierValues)
   at System.Data.Entity.Core.Mapping.Update.Internal.DynamicUpdateCommand.Execute(Dictionary`2 identifierValues, List`1 generatedValues)
   at System.Data.Entity.Core.Mapping.Update.Internal.UpdateTranslator.Update()
   at System.Data.Entity.Core.EntityClient.Internal.EntityAdapter.<Update>b__2(UpdateTranslator ut)
   at System.Data.Entity.Core.EntityClient.Internal.EntityAdapter.Update[T](T noChangesResult, Func`2 updateFunction)
   at System.Data.Entity.Core.EntityClient.Internal.EntityAdapter.Update()
   at System.Data.Entity.Core.Objects.ObjectContext.<SaveChangesToStore>b__35()
   at System.Data.Entity.Core.Objects.ObjectContext.ExecuteInTransaction[T](Func`1 func, IDbExecutionStrategy executionStrategy, Boolean startLocalTransaction, Boolean releaseConnectionOnSuccess)
   at System.Data.Entity.Core.Objects.ObjectContext.SaveChangesToStore(SaveOptions options, IDbExecutionStrategy executionStrategy, Boolean startLocalTransaction)
   at System.Data.Entity.Core.Objects.ObjectContext.<>c__DisplayClass2a.<SaveChangesInternal>b__27()
   at System.Data.Entity.SqlServer.DefaultSqlExecutionStrategy.Execute[TResult](Func`1 operation)
   at System.Data.Entity.Core.Objects.ObjectContext.SaveChangesInternal(SaveOptions options, Boolean executeInExistingTransaction)
   at System.Data.Entity.Core.Objects.ObjectContext.SaveChanges(SaveOptions options)
   at System.Data.Entity.Internal.InternalContext.SaveChanges()
   --- End of inner exception stack trace ---
   at System.Data.Entity.Internal.InternalContext.SaveChanges()
   at System.Data.Entity.Internal.LazyInternalContext.SaveChanges()
   at System.Data.Entity.DbContext.SaveChanges()
   at Domain2.Implementations.EfUserRepository.DeleteUser(Int32 id) in D:\GitHub\dveri1\Domain2\Domain2\Implementations\EfUserRepository.cs:line 33
   at dveri1.Controllers.AdminController.DeleteUser(Int32 id) in D:\GitHub\dveri1\dveri1\Controllers\AdminController.cs:line 473
[15.06.2016 16:50:43.302] Admin/DeleteUser-System.Data.Entity.Infrastructure.DbUpdateException: Unable to update the EntitySet 'User' because it has a DefiningQuery and no <DeleteFunction> element exists in the <ModificationFunctionMapping> element to support the current operation. ---> System.Data.Entity.Core.UpdateException: Unable to update the EntitySet 'User' because it has a DefiningQuery and no <DeleteFunction> element exists in the <ModificationFunctionMapping> element to support the current operation.
   at System.Data.Entity.SqlServer.SqlGen.DmlSqlGenerator.ExpressionTranslator.Visit(DbScanExpression expression)
   at System.Data.Entity.Core.Common.CommandTrees.DbScanExpression.Accept(DbExpressionVisitor visitor)
   at System.Data.Entity.SqlServer.SqlGen.DmlSqlGenerator.GenerateDeleteSql(DbDeleteCommandTree tree, SqlGenerator sqlGenerator, List`1& parameters, Boolean upperCaseKeywords, Boolean createParameters)
   at System.Data.Entity.SqlServer.SqlGen.SqlGenerator.GenerateSql(DbCommandTree tree, SqlVersion sqlVersion, List`1& parameters, CommandType& commandType, HashSet`1& paramsToForceNonUnicode)
   at System.Data.Entity.SqlServer.SqlProviderServices.CreateCommand(DbProviderManifest providerManifest, DbCommandTree commandTree)
   at System.Data.Entity.SqlServer.SqlProviderServices.CreateDbCommandDefinition(DbProviderManifest providerManifest, DbCommandTree commandTree)
   at System.Data.Entity.Core.Common.DbProviderServices.CreateDbCommandDefinition(DbProviderManifest providerManifest, DbCommandTree commandTree, DbInterceptionContext interceptionContext)
   at System.Data.Entity.Core.Common.DbProviderServices.CreateCommandDefinition(DbCommandTree commandTree, DbInterceptionContext interceptionContext)
   at System.Data.Entity.Core.Common.DbProviderServices.CreateCommand(DbCommandTree commandTree, DbInterceptionContext interceptionContext)
   at System.Data.Entity.Core.Mapping.Update.Internal.UpdateTranslator.CreateCommand(DbModificationCommandTree commandTree)
   at System.Data.Entity.Core.Mapping.Update.Internal.DynamicUpdateCommand.CreateCommand(Dictionary`2 identifierValues)
   at System.Data.Entity.Core.Mapping.Update.Internal.DynamicUpdateCommand.Execute(Dictionary`2 identifierValues, List`1 generatedValues)
   at System.Data.Entity.Core.Mapping.Update.Internal.UpdateTranslator.Update()
   at System.Data.Entity.Core.EntityClient.Internal.EntityAdapter.<Update>b__2(UpdateTranslator ut)
   at System.Data.Entity.Core.EntityClient.Internal.EntityAdapter.Update[T](T noChangesResult, Func`2 updateFunction)
   at System.Data.Entity.Core.EntityClient.Internal.EntityAdapter.Update()
   at System.Data.Entity.Core.Objects.ObjectContext.<SaveChangesToStore>b__35()
   at System.Data.Entity.Core.Objects.ObjectContext.ExecuteInTransaction[T](Func`1 func, IDbExecutionStrategy executionStrategy, Boolean startLocalTransaction, Boolean releaseConnectionOnSuccess)
   at System.Data.Entity.Core.Objects.ObjectContext.SaveChangesToStore(SaveOptions options, IDbExecutionStrategy executionStrategy, Boolean startLocalTransaction)
   at System.Data.Entity.Core.Objects.ObjectContext.<>c__DisplayClass2a.<SaveChangesInternal>b__27()
   at System.Data.Entity.SqlServer.DefaultSqlExecutionStrategy.Execute[TResult](Func`1 operation)
   at System.Data.Entity.Core.Objects.ObjectContext.SaveChangesInternal(SaveOptions options, Boolean executeInExistingTransaction)
   at System.Data.Entity.Core.Objects.ObjectContext.SaveChanges(SaveOptions options)
   at System.Data.Entity.Internal.InternalContext.SaveChanges()
   --- End of inner exception stack trace ---
   at System.Data.Entity.Internal.InternalContext.SaveChanges()
   at System.Data.Entity.Internal.LazyInternalContext.SaveChanges()
   at System.Data.Entity.DbContext.SaveChanges()
   at Domain2.Implementations.EfUserRepository.DeleteUser(Int32 id) in D:\GitHub\dveri1\Domain2\Domain2\Implementations\EfUserRepository.cs:line 33
   at dveri1.Controllers.AdminController.DeleteUser(Int32 id) in D:\GitHub\dveri1\dveri1\Controllers\AdminController.cs:line 473
[15.06.2016 17:03:57.144] Admin/DeleteUser-System.Data.Entity.Infrastructure.DbUpdateException: Unable to update the EntitySet 'User' because it has a DefiningQuery and no <DeleteFunction> element exists in the <ModificationFunctionMapping> element to support the current operation. ---> System.Data.Entity.Core.UpdateException: Unable to update the EntitySet 'User' because it has a DefiningQuery and no <DeleteFunction> element exists in the <ModificationFunctionMapping> element to support the current operation.
   at System.Data.Entity.SqlServer.SqlGen.DmlSqlGenerator.ExpressionTranslator.Visit(DbScanExpression expression)
   at System.Data.Entity.Core.Common.CommandTrees.DbScanExpression.Accept(DbExpressionVisitor visitor)
   at System.Data.Entity.SqlServer.SqlGen.DmlSqlGenerator.GenerateDeleteSql(DbDeleteCommandTree tree, SqlGenerator sqlGenerator, List`1& parameters, Boolean upperCaseKeywords, Boolean createParameters)
   at System.Data.Entity.SqlServer.SqlGen.SqlGenerator.GenerateSql(DbCommandTree tree, SqlVersion sqlVersion, List`1& parameters, CommandType& commandType, HashSet`1& paramsToForceNonUnicode)
   at System.Data.Entity.SqlServer.SqlProviderServices.CreateCommand(DbProviderManifest providerManifest, DbCommandTree commandTree)
   at System.Data.Entity.SqlServer.SqlProviderServices.CreateDbCommandDefinition(DbProviderManifest providerManifest, DbCommandTree commandTree)
   at System.Data.Entity.Core.Common.DbProviderServices.CreateDbCommandDefinition(DbProviderManifest providerManifest, DbCommandTree commandTree, DbInterceptionContext interceptionContext)
   at System.Data.Entity.Core.Common.DbProviderServices.CreateCommandDefinition(DbCommandTree commandTree, DbInterceptionContext interceptionContext)
   at System.Data.Entity.Core.Common.DbProviderServices.CreateCommand(DbCommandTree commandTree, DbInterceptionContext interceptionContext)
   at System.Data.Entity.Core.Mapping.Update.Internal.UpdateTranslator.CreateCommand(DbModificationCommandTree commandTree)
   at System.Data.Entity.Core.Mapping.Update.Internal.DynamicUpdateCommand.CreateCommand(Dictionary`2 identifierValues)
   at System.Data.Entity.Core.Mapping.Update.Internal.DynamicUpdateCommand.Execute(Dictionary`2 identifierValues, List`1 generatedValues)
   at System.Data.Entity.Core.Mapping.Update.Internal.UpdateTranslator.Update()
   at System.Data.Entity.Core.EntityClient.Internal.EntityAdapter.<Update>b__2(UpdateTranslator ut)
   at System.Data.Entity.Core.EntityClient.Internal.EntityAdapter.Update[T](T noChangesResult, Func`2 updateFunction)
   at System.Data.Entity.Core.EntityClient.Internal.EntityAdapter.Update()
   at System.Data.Entity.Core.Objects.ObjectContext.<SaveChangesToStore>b__35()
   at System.Data.Entity.Core.Objects.ObjectContext.ExecuteInTransaction[T](Func`1 func, IDbExecutionStrategy executionStrategy, Boolean startLocalTransaction, Boolean releaseConnectionOnSuccess)
   at System.Data.Entity.Core.Objects.ObjectContext.SaveChangesToStore(SaveOptions options, IDbExecutionStrategy executionStrategy, Boolean startLocalTransaction)
   at System.Data.Entity.Core.Objects.ObjectContext.<>c__DisplayClass2a.<SaveChangesInternal>b__27()
   at System.Data.Entity.SqlServer.DefaultSqlExecutionStrategy.Execute[TResult](Func`1 operation)
   at System.Data.Entity.Core.Objects.ObjectContext.SaveChangesInternal(SaveOptions options, Boolean executeInExistingTransaction)
   at System.Data.Entity.Core.Objects.ObjectContext.SaveChanges(SaveOptions options)
   at System.Data.Entity.Internal.InternalContext.SaveChanges()
   --- End of inner exception stack trace ---
   at System.Data.Entity.Internal.InternalContext.SaveChanges()
   at System.Data.Entity.Internal.LazyInternalContext.SaveChanges()
   at System.Data.Entity.DbContext.SaveChanges()
   at Domain2.Implementations.EfUserRepository.DeleteUser(Int32 id) in D:\GitHub\dveri1\Domain2\Domain2\Implementations\EfUserRepository.cs:line 33
   at dveri1.Controllers.AdminController.DeleteUser(Int32 id) in D:\GitHub\dveri1\dveri1\Controllers\AdminController.cs:line 473
