[06.08.2016 10:18:30.905] AdminMkDv/CreateMkDv-System.NullReferenceException: Object reference not set to an instance of an object.
   at Domain2.Implementations.EfMegkomnatnyeDvRepository.CreateSeoMkDveri(Int32 id, String title, String keywords, String description) in D:\GitHub\dveri1\Domain2\Domain2\Implementations\EfMegkomnatnyeDvRepository.cs:line 88
   at dveri1.Controllers.AdminMkDvController.CreateMkDv(CreateMkMod model, IEnumerable`1 fileUpload) in D:\GitHub\dveri1\dveri1\Controllers\AdminMkDvController.cs:line 208
[06.08.2016 10:30:03.590] AdminMkDv/CreateMkDv-System.NullReferenceException: Object reference not set to an instance of an object.
   at Domain2.Implementations.EfMegkomnatnyeDvRepository.CreateSeoMkDveri(Int32 id, String title, String keywords, String description) in D:\GitHub\dveri1\Domain2\Domain2\Implementations\EfMegkomnatnyeDvRepository.cs:line 88
   at dveri1.Controllers.AdminMkDvController.CreateMkDv(CreateMkMod model, IEnumerable`1 fileUpload) in D:\GitHub\dveri1\dveri1\Controllers\AdminMkDvController.cs:line 215
[06.08.2016 10:50:39.371] AdminMkDv/CreateMkDv-System.Data.Entity.Validation.DbEntityValidationException: Validation failed for one or more entities. See 'EntityValidationErrors' property for more details.
   at System.Data.Entity.Internal.InternalContext.SaveChanges()
   at System.Data.Entity.Internal.LazyInternalContext.SaveChanges()
   at System.Data.Entity.DbContext.SaveChanges()
   at Domain2.Implementations.EfSeoMainRepository.CreateSeo(Int32 id, String tit, String key, String des, String page, String head, String categ) in D:\GitHub\dveri1\Domain2\Domain2\Implementations\EfSeoMainRepository.cs:line 45
   at dveri1.Controllers.AdminMkDvController.CreateMkDv(CreateMkMod model, IEnumerable`1 fileUpload) in D:\GitHub\dveri1\dveri1\Controllers\AdminMkDvController.cs:line 289
[06.08.2016 10:56:58.179] AdminMkDv/CreateMkDv-System.NullReferenceException: Object reference not set to an instance of an object.
   at Domain2.Implementations.EfMegkomnatnyeDvRepository.CreateSeoMkDveri(Int32 id, String title, String keywords, String description) in D:\GitHub\dveri1\Domain2\Domain2\Implementations\EfMegkomnatnyeDvRepository.cs:line 88
   at dveri1.Controllers.AdminMkDvController.CreateMkDv(CreateMkMod model, IEnumerable`1 fileUpload) in D:\GitHub\dveri1\dveri1\Controllers\AdminMkDvController.cs:line 215
[06.08.2016 11:12:44.916] AdminMkDv/CreateMkDv-System.Data.Entity.Validation.DbEntityValidationException: Validation failed for one or more entities. See 'EntityValidationErrors' property for more details.
   at System.Data.Entity.Internal.InternalContext.SaveChanges()
   at System.Data.Entity.Internal.LazyInternalContext.SaveChanges()
   at System.Data.Entity.DbContext.SaveChanges()
   at Domain2.Implementations.EfSeoMainRepository.CreateSeo(Int32 id, String tit, String key, String des, String page, String head, String categ) in D:\GitHub\dveri1\Domain2\Domain2\Implementations\EfSeoMainRepository.cs:line 45
   at dveri1.Controllers.AdminMkDvController.CreateMkDv(CreateMkMod model, IEnumerable`1 fileUpload) in D:\GitHub\dveri1\dveri1\Controllers\AdminMkDvController.cs:line 289
[06.08.2016 11:15:45.700] AdminMkDv/CreateMkDv-System.Data.Entity.Validation.DbEntityValidationException: Validation failed for one or more entities. See 'EntityValidationErrors' property for more details.
   at System.Data.Entity.Internal.InternalContext.SaveChanges()
   at System.Data.Entity.Internal.LazyInternalContext.SaveChanges()
   at System.Data.Entity.DbContext.SaveChanges()
   at Domain2.Implementations.EfSeoMainRepository.CreateSeo(Int32 id, String tit, String key, String des, String page, String head, String categ) in D:\GitHub\dveri1\Domain2\Domain2\Implementations\EfSeoMainRepository.cs:line 45
   at dveri1.Controllers.AdminMkDvController.CreateMkDv(CreateMkMod model, IEnumerable`1 fileUpload) in D:\GitHub\dveri1\dveri1\Controllers\AdminMkDvController.cs:line 289
[06.08.2016 11:23:21.931] AdminMkDv/CreateMkDv-System.Data.Entity.Validation.DbEntityValidationException: Validation failed for one or more entities. See 'EntityValidationErrors' property for more details.
   at System.Data.Entity.Internal.InternalContext.SaveChanges()
   at System.Data.Entity.Internal.LazyInternalContext.SaveChanges()
   at System.Data.Entity.DbContext.SaveChanges()
   at Domain2.Implementations.EfSeoMainRepository.CreateSeo(Int32 id, String tit, String key, String des, String page, String head, String categ) in D:\GitHub\dveri1\Domain2\Domain2\Implementations\EfSeoMainRepository.cs:line 45
   at dveri1.Controllers.AdminMkDvController.CreateMkDv(CreateMkMod model, IEnumerable`1 fileUpload) in D:\GitHub\dveri1\dveri1\Controllers\AdminMkDvController.cs:line 289
[06.08.2016 11:45:24.645] AdminMkDv/EditMkDv-System.Data.Entity.Infrastructure.DbUpdateException: An error occurred while updating the entries. See the inner exception for details. ---> System.Data.Entity.Core.UpdateException: An error occurred while updating the entries. See the inner exception for details. ---> System.Data.SqlClient.SqlException: Violation of PRIMARY KEY constraint 'PK_SeoMkDverei'. Cannot insert duplicate key in object 'dbo.SeoMkDverei'. The duplicate key value is (1003).
The statement has been terminated.
   at System.Data.SqlClient.SqlConnection.OnError(SqlException exception, Boolean breakConnection, Action`1 wrapCloseInAction)
   at System.Data.SqlClient.SqlInternalConnection.OnError(SqlException exception, Boolean breakConnection, Action`1 wrapCloseInAction)
   at System.Data.SqlClient.TdsParser.ThrowExceptionAndWarning(TdsParserStateObject stateObj, Boolean callerHasConnectionLock, Boolean asyncClose)
   at System.Data.SqlClient.TdsParser.TryRun(RunBehavior runBehavior, SqlCommand cmdHandler, SqlDataReader dataStream, BulkCopySimpleResultSet bulkCopyHandler, TdsParserStateObject stateObj, Boolean& dataReady)
   at System.Data.SqlClient.SqlCommand.FinishExecuteReader(SqlDataReader ds, RunBehavior runBehavior, String resetOptionsString)
   at System.Data.SqlClient.SqlCommand.RunExecuteReaderTds(CommandBehavior cmdBehavior, RunBehavior runBehavior, Boolean returnStream, Boolean async, Int32 timeout, Task& task, Boolean asyncWrite, SqlDataReader ds, Boolean describeParameterEncryptionRequest)
   at System.Data.SqlClient.SqlCommand.RunExecuteReader(CommandBehavior cmdBehavior, RunBehavior runBehavior, Boolean returnStream, String method, TaskCompletionSource`1 completion, Int32 timeout, Task& task, Boolean asyncWrite)
   at System.Data.SqlClient.SqlCommand.InternalExecuteNonQuery(TaskCompletionSource`1 completion, String methodName, Boolean sendToPipe, Int32 timeout, Boolean asyncWrite)
   at System.Data.SqlClient.SqlCommand.ExecuteNonQuery()
   at System.Data.Entity.Infrastructure.Interception.DbCommandDispatcher.<NonQuery>b__0(DbCommand t, DbCommandInterceptionContext`1 c)
   at System.Data.Entity.Infrastructure.Interception.InternalDispatcher`1.Dispatch[TTarget,TInterceptionContext,TResult](TTarget target, Func`3 operation, TInterceptionContext interceptionContext, Action`3 executing, Action`3 executed)
   at System.Data.Entity.Infrastructure.Interception.DbCommandDispatcher.NonQuery(DbCommand command, DbCommandInterceptionContext interceptionContext)
   at System.Data.Entity.Internal.InterceptableDbCommand.ExecuteNonQuery()
   at System.Data.Entity.Core.Mapping.Update.Internal.DynamicUpdateCommand.Execute(Dictionary`2 identifierValues, List`1 generatedValues)
   at System.Data.Entity.Core.Mapping.Update.Internal.UpdateTranslator.Update()
   --- End of inner exception stack trace ---
   at System.Data.Entity.Core.Mapping.Update.Internal.UpdateTranslator.Update()
   at System.Data.Entity.Core.EntityClient.Internal.EntityAdapter.<Update>b__2(UpdateTranslator ut)
   at System.Data.Entity.Core.EntityClient.Internal.EntityAdapter.Update[T](T noChangesResult, Func`2 updateFunction)
   at System.Data.Entity.Core.EntityClient.Internal.EntityAdapter.Update()
   at System.Data.Entity.Core.Objects.ObjectContext.<SaveChangesToStore>b__35()
   at System.Data.Entity.Core.Objects.ObjectContext.ExecuteInTransaction[T](Func`1 func, IDbExecutionStrategy executionStrategy, Boolean startLocalTransaction, Boolean releaseConnectionOnSuccess)
   at System.Data.Entity.Core.Objects.ObjectContext.SaveChangesToStore(SaveOptions options, IDbExecutionStrategy executionStrategy, Boolean startLocalTransaction)
   at System.Data.Entity.Core.Objects.ObjectContext.<>c__DisplayClass2a.<SaveChangesInternal>b__27()
   at System.Data.Entity.SqlServer.DefaultSqlExecutionStrategy.Execute[TResult](Func`1 operation)
   at System.Data.Entity.Core.Objects.ObjectContext.SaveChangesInternal(SaveOptions options, Boolean executeInExistingTransaction)
   at System.Data.Entity.Core.Objects.ObjectContext.SaveChanges(SaveOptions options)
   at System.Data.Entity.Internal.InternalContext.SaveChanges()
   --- End of inner exception stack trace ---
   at System.Data.Entity.Internal.InternalContext.SaveChanges()
   at System.Data.Entity.Internal.LazyInternalContext.SaveChanges()
   at System.Data.Entity.DbContext.SaveChanges()
   at Domain2.Implementations.EfMegkomnatnyeDvRepository.CreateSeoMkDveri(Int32 id, String title, String keywords, String description) in D:\GitHub\dveri1\Domain2\Domain2\Implementations\EfMegkomnatnyeDvRepository.cs:line 104
   at dveri1.Controllers.AdminMkDvController.EditMkDv(CreateMkMod model, IEnumerable`1 fileUpload) in D:\GitHub\dveri1\dveri1\Controllers\AdminMkDvController.cs:line 375
[06.08.2016 11:53:14.060] AdminMkDv/EditMkDv-System.Data.Entity.Infrastructure.DbUpdateException: An error occurred while updating the entries. See the inner exception for details. ---> System.Data.Entity.Core.UpdateException: An error occurred while updating the entries. See the inner exception for details. ---> System.Data.SqlClient.SqlException: Violation of PRIMARY KEY constraint 'PK_SeoMkDverei'. Cannot insert duplicate key in object 'dbo.SeoMkDverei'. The duplicate key value is (1006).
The statement has been terminated.
   at System.Data.SqlClient.SqlConnection.OnError(SqlException exception, Boolean breakConnection, Action`1 wrapCloseInAction)
   at System.Data.SqlClient.SqlInternalConnection.OnError(SqlException exception, Boolean breakConnection, Action`1 wrapCloseInAction)
   at System.Data.SqlClient.TdsParser.ThrowExceptionAndWarning(TdsParserStateObject stateObj, Boolean callerHasConnectionLock, Boolean asyncClose)
   at System.Data.SqlClient.TdsParser.TryRun(RunBehavior runBehavior, SqlCommand cmdHandler, SqlDataReader dataStream, BulkCopySimpleResultSet bulkCopyHandler, TdsParserStateObject stateObj, Boolean& dataReady)
   at System.Data.SqlClient.SqlCommand.FinishExecuteReader(SqlDataReader ds, RunBehavior runBehavior, String resetOptionsString)
   at System.Data.SqlClient.SqlCommand.RunExecuteReaderTds(CommandBehavior cmdBehavior, RunBehavior runBehavior, Boolean returnStream, Boolean async, Int32 timeout, Task& task, Boolean asyncWrite, SqlDataReader ds, Boolean describeParameterEncryptionRequest)
   at System.Data.SqlClient.SqlCommand.RunExecuteReader(CommandBehavior cmdBehavior, RunBehavior runBehavior, Boolean returnStream, String method, TaskCompletionSource`1 completion, Int32 timeout, Task& task, Boolean asyncWrite)
   at System.Data.SqlClient.SqlCommand.InternalExecuteNonQuery(TaskCompletionSource`1 completion, String methodName, Boolean sendToPipe, Int32 timeout, Boolean asyncWrite)
   at System.Data.SqlClient.SqlCommand.ExecuteNonQuery()
   at System.Data.Entity.Infrastructure.Interception.DbCommandDispatcher.<NonQuery>b__0(DbCommand t, DbCommandInterceptionContext`1 c)
   at System.Data.Entity.Infrastructure.Interception.InternalDispatcher`1.Dispatch[TTarget,TInterceptionContext,TResult](TTarget target, Func`3 operation, TInterceptionContext interceptionContext, Action`3 executing, Action`3 executed)
   at System.Data.Entity.Infrastructure.Interception.DbCommandDispatcher.NonQuery(DbCommand command, DbCommandInterceptionContext interceptionContext)
   at System.Data.Entity.Internal.InterceptableDbCommand.ExecuteNonQuery()
   at System.Data.Entity.Core.Mapping.Update.Internal.DynamicUpdateCommand.Execute(Dictionary`2 identifierValues, List`1 generatedValues)
   at System.Data.Entity.Core.Mapping.Update.Internal.UpdateTranslator.Update()
   --- End of inner exception stack trace ---
   at System.Data.Entity.Core.Mapping.Update.Internal.UpdateTranslator.Update()
   at System.Data.Entity.Core.EntityClient.Internal.EntityAdapter.<Update>b__2(UpdateTranslator ut)
   at System.Data.Entity.Core.EntityClient.Internal.EntityAdapter.Update[T](T noChangesResult, Func`2 updateFunction)
   at System.Data.Entity.Core.EntityClient.Internal.EntityAdapter.Update()
   at System.Data.Entity.Core.Objects.ObjectContext.<SaveChangesToStore>b__35()
   at System.Data.Entity.Core.Objects.ObjectContext.ExecuteInTransaction[T](Func`1 func, IDbExecutionStrategy executionStrategy, Boolean startLocalTransaction, Boolean releaseConnectionOnSuccess)
   at System.Data.Entity.Core.Objects.ObjectContext.SaveChangesToStore(SaveOptions options, IDbExecutionStrategy executionStrategy, Boolean startLocalTransaction)
   at System.Data.Entity.Core.Objects.ObjectContext.<>c__DisplayClass2a.<SaveChangesInternal>b__27()
   at System.Data.Entity.SqlServer.DefaultSqlExecutionStrategy.Execute[TResult](Func`1 operation)
   at System.Data.Entity.Core.Objects.ObjectContext.SaveChangesInternal(SaveOptions options, Boolean executeInExistingTransaction)
   at System.Data.Entity.Core.Objects.ObjectContext.SaveChanges(SaveOptions options)
   at System.Data.Entity.Internal.InternalContext.SaveChanges()
   --- End of inner exception stack trace ---
   at System.Data.Entity.Internal.InternalContext.SaveChanges()
   at System.Data.Entity.Internal.LazyInternalContext.SaveChanges()
   at System.Data.Entity.DbContext.SaveChanges()
   at Domain2.Implementations.EfMegkomnatnyeDvRepository.CreateSeoMkDveri(Int32 id, String title, String keywords, String description) in D:\GitHub\dveri1\Domain2\Domain2\Implementations\EfMegkomnatnyeDvRepository.cs:line 104
   at dveri1.Controllers.AdminMkDvController.EditMkDv(CreateMkMod model, IEnumerable`1 fileUpload) in D:\GitHub\dveri1\dveri1\Controllers\AdminMkDvController.cs:line 375
[06.08.2016 15:49:35.819] ExpImpController/ExportMkDv- System.ArgumentOutOfRangeException: Specified argument was out of the range of valid values.
Parameter name: index
   at System.Linq.Enumerable.ElementAt[TSource](IEnumerable`1 source, Int32 index)
   at dveri1.Controllers.ExpImpController.ExportMkDv(ModelExpImpMkDv model) in D:\GitHub\dveri1\dveri1\Controllers\ExpImpController.cs:line 976
[06.08.2016 18:27:50.334] ExpImpController/Import(DellAllFiles)- System.IO.IOException: The process cannot access the file '~$Входные_двери.xlsx' because it is being used by another process.
   at System.IO.__Error.WinIOError(Int32 errorCode, String maybeFullPath)
   at System.IO.FileInfo.Delete()
   at dveri1.Controllers.ExpImpController.DellAllFiles() in D:\GitHub\dveri1\dveri1\Controllers\ExpImpController.cs:line 1209
[06.08.2016 18:32:33.759] ExpImpController/Import(DellAllFiles)- System.IO.IOException: The process cannot access the file '~$Межкомнатные_двери.xlsx' because it is being used by another process.
   at System.IO.__Error.WinIOError(Int32 errorCode, String maybeFullPath)
   at System.IO.FileInfo.Delete()
   at dveri1.Controllers.ExpImpController.DellAllFiles() in D:\GitHub\dveri1\dveri1\Controllers\ExpImpController.cs:line 1209
[06.08.2016 18:34:04.682] ExpImpController/Import(DellAllFiles)- System.IO.IOException: The process cannot access the file '~$Межкомнатные_двери.xlsx' because it is being used by another process.
   at System.IO.__Error.WinIOError(Int32 errorCode, String maybeFullPath)
   at System.IO.FileInfo.Delete()
   at dveri1.Controllers.ExpImpController.DellAllFiles() in D:\GitHub\dveri1\dveri1\Controllers\ExpImpController.cs:line 1209
