[17.06.2016 00:09:26.185] Admin/CreateVhDv-System.NullReferenceException: Object reference not set to an instance of an object.
   at Domain2.Implementations.EfVhodnyeDvRepository.CreateSeoVhDveri(Int32 id, String title, String keywords, String description) in D:\GitHub\dveri1\Domain2\Domain2\Implementations\EfVhodnyeDvRepository.cs:line 107
   at dveri1.Controllers.AdminController.CreateVhDv(CreateVhMod model, IEnumerable`1 fileUpload) in D:\GitHub\dveri1\dveri1\Controllers\AdminController.cs:line 82
[17.06.2016 00:13:45.856] Admin/CreateVhDv-System.NullReferenceException: Object reference not set to an instance of an object.
   at Domain2.Implementations.EfVhodnyeDvRepository.CreateSeoVhDveri(Int32 id, String title, String keywords, String description) in D:\GitHub\dveri1\Domain2\Domain2\Implementations\EfVhodnyeDvRepository.cs:line 107
   at dveri1.Controllers.AdminController.CreateVhDv(CreateVhMod model, IEnumerable`1 fileUpload) in D:\GitHub\dveri1\dveri1\Controllers\AdminController.cs:line 82
[17.06.2016 02:26:46.905] Admin/EditVhDv-System.NullReferenceException: Object reference not set to an instance of an object.
   at dveri1.Controllers.AdminController.EditVhDv(Int32 id) in D:\GitHub\dveri1\dveri1\Controllers\AdminController.cs:line 164
[17.06.2016 02:35:05.837] Admin/EditVhDv-System.NullReferenceException: Object reference not set to an instance of an object.
   at dveri1.Controllers.AdminController.EditVhDv(Int32 id) in D:\GitHub\dveri1\dveri1\Controllers\AdminController.cs:line 164
[17.06.2016 02:37:04.893] Admin/EditVhDv-System.NullReferenceException: Object reference not set to an instance of an object.
   at dveri1.Controllers.AdminController.EditVhDv(Int32 id) in D:\GitHub\dveri1\dveri1\Controllers\AdminController.cs:line 164
[17.06.2016 03:13:58.249] Admin/DellVhDv-System.ArgumentNullException: Value cannot be null.
Parameter name: entity
   at System.Data.Entity.Utilities.Check.NotNull[T](T value, String parameterName)
   at System.Data.Entity.DbSet`1.Remove(TEntity entity)
   at Domain2.Implementations.EfVhodnyeDvRepository.DeleteFotoVhDv(Int32 idfoto) in D:\GitHub\dveri1\Domain2\Domain2\Implementations\EfVhodnyeDvRepository.cs:line 67
   at dveri1.Controllers.AdminController.DellFotoVhDv(Int32 id) in D:\GitHub\dveri1\dveri1\Controllers\AdminController.cs:line 212
[17.06.2016 03:15:28.959] Admin/DellVhDv-System.NullReferenceException: Object reference not set to an instance of an object.
   at dveri1.Controllers.AdminController.DellFotoVhDv(Int32 id) in D:\GitHub\dveri1\dveri1\Controllers\AdminController.cs:line 213
[17.06.2016 03:16:49.260] Admin/DellVhDv-System.NullReferenceException: Object reference not set to an instance of an object.
   at dveri1.Controllers.AdminController.DellFotoVhDv(Int32 id) in D:\GitHub\dveri1\dveri1\Controllers\AdminController.cs:line 213
