[04.07.2016 10:05:33.427] Создание сообщения для отправки
[04.07.2016 10:12:39.190] Создание сообщения для отправки
[04.07.2016 10:14:20.953] Создание сообщения для отправки
[04.07.2016 10:14:51.821] Создание сообщения для отправки
[04.07.2016 10:18:53.600] Создание сообщения для отправки
[04.07.2016 10:19:41.842] VhodnyeDveri/BuyDveriModel-System.InvalidOperationException: Nullable object must have a value.
   at System.ThrowHelper.ThrowInvalidOperationException(ExceptionResource resource)
   at System.Nullable`1.get_Value()
   at dveri1.Controllers.VhodnyeDveriController.SendMessageAboutBuyDoor(ModelBuyDveri model) in D:\GitHub\dveri1\dveri1\Controllers\VhodnyeDveriController.cs:line 402
   at dveri1.Controllers.VhodnyeDveriController.BuyDveriModal(ModelBuyDveri model) in D:\GitHub\dveri1\dveri1\Controllers\VhodnyeDveriController.cs:line 445
[04.07.2016 10:19:41.972] VhodnyeDveri/FastBuyDveriModel-System.InvalidOperationException: Nullable object must have a value.
   at System.ThrowHelper.ThrowInvalidOperationException(ExceptionResource resource)
   at System.Nullable`1.get_Value()
   at dveri1.Controllers.VhodnyeDveriController.SendMessageAboutBuyDoor(ModelBuyDveri model) in D:\GitHub\dveri1\dveri1\Controllers\VhodnyeDveriController.cs:line 402
   at dveri1.Controllers.VhodnyeDveriController.FastBuyDveriModal(ModelBuyDveri model) in D:\GitHub\dveri1\dveri1\Controllers\VhodnyeDveriController.cs:line 570
[04.07.2016 10:19:42.006] VhodnyeDveri/FastBuyDveriModel-System.InvalidOperationException: Nullable object must have a value.
   at System.ThrowHelper.ThrowInvalidOperationException(ExceptionResource resource)
   at System.Nullable`1.get_Value()
   at dveri1.Controllers.VhodnyeDveriController.SendMessageAboutBuyDoor(ModelBuyDveri model) in D:\GitHub\dveri1\dveri1\Controllers\VhodnyeDveriController.cs:line 402
   at dveri1.Controllers.VhodnyeDveriController.FastBuyDveriModal(ModelBuyDveri model) in D:\GitHub\dveri1\dveri1\Controllers\VhodnyeDveriController.cs:line 570
[04.07.2016 10:19:42.038] VhodnyeDveri/FastBuyDveriModel-System.InvalidOperationException: Nullable object must have a value.
   at System.ThrowHelper.ThrowInvalidOperationException(ExceptionResource resource)
   at System.Nullable`1.get_Value()
   at dveri1.Controllers.VhodnyeDveriController.SendMessageAboutBuyDoor(ModelBuyDveri model) in D:\GitHub\dveri1\dveri1\Controllers\VhodnyeDveriController.cs:line 402
   at dveri1.Controllers.VhodnyeDveriController.FastBuyDveriModal(ModelBuyDveri model) in D:\GitHub\dveri1\dveri1\Controllers\VhodnyeDveriController.cs:line 570
[04.07.2016 10:19:42.080] VhodnyeDveri/FastBuyDveriModel-System.InvalidOperationException: Nullable object must have a value.
   at System.ThrowHelper.ThrowInvalidOperationException(ExceptionResource resource)
   at System.Nullable`1.get_Value()
   at dveri1.Controllers.VhodnyeDveriController.SendMessageAboutBuyDoor(ModelBuyDveri model) in D:\GitHub\dveri1\dveri1\Controllers\VhodnyeDveriController.cs:line 402
   at dveri1.Controllers.VhodnyeDveriController.FastBuyDveriModal(ModelBuyDveri model) in D:\GitHub\dveri1\dveri1\Controllers\VhodnyeDveriController.cs:line 570
[04.07.2016 10:19:42.111] VhodnyeDveri/FastBuyDveriModel-System.InvalidOperationException: Nullable object must have a value.
   at System.ThrowHelper.ThrowInvalidOperationException(ExceptionResource resource)
   at System.Nullable`1.get_Value()
   at dveri1.Controllers.VhodnyeDveriController.SendMessageAboutBuyDoor(ModelBuyDveri model) in D:\GitHub\dveri1\dveri1\Controllers\VhodnyeDveriController.cs:line 402
   at dveri1.Controllers.VhodnyeDveriController.FastBuyDveriModal(ModelBuyDveri model) in D:\GitHub\dveri1\dveri1\Controllers\VhodnyeDveriController.cs:line 570
[04.07.2016 10:19:42.142] VhodnyeDveri/FastBuyDveriModel-System.InvalidOperationException: Nullable object must have a value.
   at System.ThrowHelper.ThrowInvalidOperationException(ExceptionResource resource)
   at System.Nullable`1.get_Value()
   at dveri1.Controllers.VhodnyeDveriController.SendMessageAboutBuyDoor(ModelBuyDveri model) in D:\GitHub\dveri1\dveri1\Controllers\VhodnyeDveriController.cs:line 402
   at dveri1.Controllers.VhodnyeDveriController.FastBuyDveriModal(ModelBuyDveri model) in D:\GitHub\dveri1\dveri1\Controllers\VhodnyeDveriController.cs:line 570
[04.07.2016 10:19:42.180] VhodnyeDveri/FastBuyDveriModel-System.InvalidOperationException: Nullable object must have a value.
   at System.ThrowHelper.ThrowInvalidOperationException(ExceptionResource resource)
   at System.Nullable`1.get_Value()
   at dveri1.Controllers.VhodnyeDveriController.SendMessageAboutBuyDoor(ModelBuyDveri model) in D:\GitHub\dveri1\dveri1\Controllers\VhodnyeDveriController.cs:line 402
   at dveri1.Controllers.VhodnyeDveriController.FastBuyDveriModal(ModelBuyDveri model) in D:\GitHub\dveri1\dveri1\Controllers\VhodnyeDveriController.cs:line 570
[04.07.2016 10:19:42.217] VhodnyeDveri/FastBuyDveriModel-System.InvalidOperationException: Nullable object must have a value.
   at System.ThrowHelper.ThrowInvalidOperationException(ExceptionResource resource)
   at System.Nullable`1.get_Value()
   at dveri1.Controllers.VhodnyeDveriController.SendMessageAboutBuyDoor(ModelBuyDveri model) in D:\GitHub\dveri1\dveri1\Controllers\VhodnyeDveriController.cs:line 402
   at dveri1.Controllers.VhodnyeDveriController.FastBuyDveriModal(ModelBuyDveri model) in D:\GitHub\dveri1\dveri1\Controllers\VhodnyeDveriController.cs:line 570
[04.07.2016 10:19:42.318] VhodnyeDveri/FastBuyDveriModel-System.InvalidOperationException: Nullable object must have a value.
   at System.ThrowHelper.ThrowInvalidOperationException(ExceptionResource resource)
   at System.Nullable`1.get_Value()
   at dveri1.Controllers.VhodnyeDveriController.SendMessageAboutBuyDoor(ModelBuyDveri model) in D:\GitHub\dveri1\dveri1\Controllers\VhodnyeDveriController.cs:line 402
   at dveri1.Controllers.VhodnyeDveriController.FastBuyDveriModal(ModelBuyDveri model) in D:\GitHub\dveri1\dveri1\Controllers\VhodnyeDveriController.cs:line 570
[04.07.2016 10:19:42.353] VhodnyeDveri/FastBuyDveriModel-System.InvalidOperationException: Nullable object must have a value.
   at System.ThrowHelper.ThrowInvalidOperationException(ExceptionResource resource)
   at System.Nullable`1.get_Value()
   at dveri1.Controllers.VhodnyeDveriController.SendMessageAboutBuyDoor(ModelBuyDveri model) in D:\GitHub\dveri1\dveri1\Controllers\VhodnyeDveriController.cs:line 402
   at dveri1.Controllers.VhodnyeDveriController.FastBuyDveriModal(ModelBuyDveri model) in D:\GitHub\dveri1\dveri1\Controllers\VhodnyeDveriController.cs:line 570
[04.07.2016 10:19:42.376] VhodnyeDveri/FastBuyDveriModel-System.InvalidOperationException: Nullable object must have a value.
   at System.ThrowHelper.ThrowInvalidOperationException(ExceptionResource resource)
   at System.Nullable`1.get_Value()
   at dveri1.Controllers.VhodnyeDveriController.SendMessageAboutBuyDoor(ModelBuyDveri model) in D:\GitHub\dveri1\dveri1\Controllers\VhodnyeDveriController.cs:line 402
   at dveri1.Controllers.VhodnyeDveriController.FastBuyDveriModal(ModelBuyDveri model) in D:\GitHub\dveri1\dveri1\Controllers\VhodnyeDveriController.cs:line 570
[04.07.2016 10:19:42.412] VhodnyeDveri/FastBuyDveriModel-System.InvalidOperationException: Nullable object must have a value.
   at System.ThrowHelper.ThrowInvalidOperationException(ExceptionResource resource)
   at System.Nullable`1.get_Value()
   at dveri1.Controllers.VhodnyeDveriController.SendMessageAboutBuyDoor(ModelBuyDveri model) in D:\GitHub\dveri1\dveri1\Controllers\VhodnyeDveriController.cs:line 402
   at dveri1.Controllers.VhodnyeDveriController.FastBuyDveriModal(ModelBuyDveri model) in D:\GitHub\dveri1\dveri1\Controllers\VhodnyeDveriController.cs:line 570
[04.07.2016 10:19:42.433] VhodnyeDveri/FastBuyDveriModel-System.InvalidOperationException: Nullable object must have a value.
   at System.ThrowHelper.ThrowInvalidOperationException(ExceptionResource resource)
   at System.Nullable`1.get_Value()
   at dveri1.Controllers.VhodnyeDveriController.SendMessageAboutBuyDoor(ModelBuyDveri model) in D:\GitHub\dveri1\dveri1\Controllers\VhodnyeDveriController.cs:line 402
   at dveri1.Controllers.VhodnyeDveriController.FastBuyDveriModal(ModelBuyDveri model) in D:\GitHub\dveri1\dveri1\Controllers\VhodnyeDveriController.cs:line 570
[04.07.2016 10:19:42.457] VhodnyeDveri/FastBuyDveriModel-System.InvalidOperationException: Nullable object must have a value.
   at System.ThrowHelper.ThrowInvalidOperationException(ExceptionResource resource)
   at System.Nullable`1.get_Value()
   at dveri1.Controllers.VhodnyeDveriController.SendMessageAboutBuyDoor(ModelBuyDveri model) in D:\GitHub\dveri1\dveri1\Controllers\VhodnyeDveriController.cs:line 402
   at dveri1.Controllers.VhodnyeDveriController.FastBuyDveriModal(ModelBuyDveri model) in D:\GitHub\dveri1\dveri1\Controllers\VhodnyeDveriController.cs:line 570
[04.07.2016 10:19:42.478] VhodnyeDveri/FastBuyDveriModel-System.InvalidOperationException: Nullable object must have a value.
   at System.ThrowHelper.ThrowInvalidOperationException(ExceptionResource resource)
   at System.Nullable`1.get_Value()
   at dveri1.Controllers.VhodnyeDveriController.SendMessageAboutBuyDoor(ModelBuyDveri model) in D:\GitHub\dveri1\dveri1\Controllers\VhodnyeDveriController.cs:line 402
   at dveri1.Controllers.VhodnyeDveriController.FastBuyDveriModal(ModelBuyDveri model) in D:\GitHub\dveri1\dveri1\Controllers\VhodnyeDveriController.cs:line 570
[04.07.2016 10:19:42.498] VhodnyeDveri/FastBuyDveriModel-System.InvalidOperationException: Nullable object must have a value.
   at System.ThrowHelper.ThrowInvalidOperationException(ExceptionResource resource)
   at System.Nullable`1.get_Value()
   at dveri1.Controllers.VhodnyeDveriController.SendMessageAboutBuyDoor(ModelBuyDveri model) in D:\GitHub\dveri1\dveri1\Controllers\VhodnyeDveriController.cs:line 402
   at dveri1.Controllers.VhodnyeDveriController.FastBuyDveriModal(ModelBuyDveri model) in D:\GitHub\dveri1\dveri1\Controllers\VhodnyeDveriController.cs:line 570
[04.07.2016 10:19:42.518] VhodnyeDveri/FastBuyDveriModel-System.InvalidOperationException: Nullable object must have a value.
   at System.ThrowHelper.ThrowInvalidOperationException(ExceptionResource resource)
   at System.Nullable`1.get_Value()
   at dveri1.Controllers.VhodnyeDveriController.SendMessageAboutBuyDoor(ModelBuyDveri model) in D:\GitHub\dveri1\dveri1\Controllers\VhodnyeDveriController.cs:line 402
   at dveri1.Controllers.VhodnyeDveriController.FastBuyDveriModal(ModelBuyDveri model) in D:\GitHub\dveri1\dveri1\Controllers\VhodnyeDveriController.cs:line 570
[04.07.2016 10:19:42.534] VhodnyeDveri/FastBuyDveriModel-System.InvalidOperationException: Nullable object must have a value.
   at System.ThrowHelper.ThrowInvalidOperationException(ExceptionResource resource)
   at System.Nullable`1.get_Value()
   at dveri1.Controllers.VhodnyeDveriController.SendMessageAboutBuyDoor(ModelBuyDveri model) in D:\GitHub\dveri1\dveri1\Controllers\VhodnyeDveriController.cs:line 402
   at dveri1.Controllers.VhodnyeDveriController.FastBuyDveriModal(ModelBuyDveri model) in D:\GitHub\dveri1\dveri1\Controllers\VhodnyeDveriController.cs:line 570
[04.07.2016 10:19:42.544] VhodnyeDveri/FastBuyDveriModel-System.InvalidOperationException: Nullable object must have a value.
   at System.ThrowHelper.ThrowInvalidOperationException(ExceptionResource resource)
   at System.Nullable`1.get_Value()
   at dveri1.Controllers.VhodnyeDveriController.SendMessageAboutBuyDoor(ModelBuyDveri model) in D:\GitHub\dveri1\dveri1\Controllers\VhodnyeDveriController.cs:line 402
   at dveri1.Controllers.VhodnyeDveriController.FastBuyDveriModal(ModelBuyDveri model) in D:\GitHub\dveri1\dveri1\Controllers\VhodnyeDveriController.cs:line 570
[04.07.2016 10:19:42.564] VhodnyeDveri/FastBuyDveriModel-System.InvalidOperationException: Nullable object must have a value.
   at System.ThrowHelper.ThrowInvalidOperationException(ExceptionResource resource)
   at System.Nullable`1.get_Value()
   at dveri1.Controllers.VhodnyeDveriController.SendMessageAboutBuyDoor(ModelBuyDveri model) in D:\GitHub\dveri1\dveri1\Controllers\VhodnyeDveriController.cs:line 402
   at dveri1.Controllers.VhodnyeDveriController.FastBuyDveriModal(ModelBuyDveri model) in D:\GitHub\dveri1\dveri1\Controllers\VhodnyeDveriController.cs:line 570
[04.07.2016 10:19:42.584] VhodnyeDveri/FastBuyDveriModel-System.InvalidOperationException: Nullable object must have a value.
   at System.ThrowHelper.ThrowInvalidOperationException(ExceptionResource resource)
   at System.Nullable`1.get_Value()
   at dveri1.Controllers.VhodnyeDveriController.SendMessageAboutBuyDoor(ModelBuyDveri model) in D:\GitHub\dveri1\dveri1\Controllers\VhodnyeDveriController.cs:line 402
   at dveri1.Controllers.VhodnyeDveriController.FastBuyDveriModal(ModelBuyDveri model) in D:\GitHub\dveri1\dveri1\Controllers\VhodnyeDveriController.cs:line 570
[04.07.2016 10:19:42.604] VhodnyeDveri/FastBuyDveriModel-System.InvalidOperationException: Nullable object must have a value.
   at System.ThrowHelper.ThrowInvalidOperationException(ExceptionResource resource)
   at System.Nullable`1.get_Value()
   at dveri1.Controllers.VhodnyeDveriController.SendMessageAboutBuyDoor(ModelBuyDveri model) in D:\GitHub\dveri1\dveri1\Controllers\VhodnyeDveriController.cs:line 402
   at dveri1.Controllers.VhodnyeDveriController.FastBuyDveriModal(ModelBuyDveri model) in D:\GitHub\dveri1\dveri1\Controllers\VhodnyeDveriController.cs:line 570
[04.07.2016 10:19:42.624] VhodnyeDveri/FastBuyDveriModel-System.InvalidOperationException: Nullable object must have a value.
   at System.ThrowHelper.ThrowInvalidOperationException(ExceptionResource resource)
   at System.Nullable`1.get_Value()
   at dveri1.Controllers.VhodnyeDveriController.SendMessageAboutBuyDoor(ModelBuyDveri model) in D:\GitHub\dveri1\dveri1\Controllers\VhodnyeDveriController.cs:line 402
   at dveri1.Controllers.VhodnyeDveriController.FastBuyDveriModal(ModelBuyDveri model) in D:\GitHub\dveri1\dveri1\Controllers\VhodnyeDveriController.cs:line 570
[04.07.2016 10:19:42.696] VhodnyeDveri/FastBuyDveriModel-System.InvalidOperationException: Nullable object must have a value.
   at System.ThrowHelper.ThrowInvalidOperationException(ExceptionResource resource)
   at System.Nullable`1.get_Value()
   at dveri1.Controllers.VhodnyeDveriController.SendMessageAboutBuyDoor(ModelBuyDveri model) in D:\GitHub\dveri1\dveri1\Controllers\VhodnyeDveriController.cs:line 402
   at dveri1.Controllers.VhodnyeDveriController.FastBuyDveriModal(ModelBuyDveri model) in D:\GitHub\dveri1\dveri1\Controllers\VhodnyeDveriController.cs:line 570
[04.07.2016 10:19:42.746] VhodnyeDveri/FastBuyDveriModel-System.InvalidOperationException: Nullable object must have a value.
   at System.ThrowHelper.ThrowInvalidOperationException(ExceptionResource resource)
   at System.Nullable`1.get_Value()
   at dveri1.Controllers.VhodnyeDveriController.SendMessageAboutBuyDoor(ModelBuyDveri model) in D:\GitHub\dveri1\dveri1\Controllers\VhodnyeDveriController.cs:line 402
   at dveri1.Controllers.VhodnyeDveriController.FastBuyDveriModal(ModelBuyDveri model) in D:\GitHub\dveri1\dveri1\Controllers\VhodnyeDveriController.cs:line 570
[04.07.2016 10:19:42.756] VhodnyeDveri/FastBuyDveriModel-System.InvalidOperationException: Nullable object must have a value.
   at System.ThrowHelper.ThrowInvalidOperationException(ExceptionResource resource)
   at System.Nullable`1.get_Value()
   at dveri1.Controllers.VhodnyeDveriController.SendMessageAboutBuyDoor(ModelBuyDveri model) in D:\GitHub\dveri1\dveri1\Controllers\VhodnyeDveriController.cs:line 402
   at dveri1.Controllers.VhodnyeDveriController.FastBuyDveriModal(ModelBuyDveri model) in D:\GitHub\dveri1\dveri1\Controllers\VhodnyeDveriController.cs:line 570
[04.07.2016 10:19:42.776] VhodnyeDveri/FastBuyDveriModel-System.InvalidOperationException: Nullable object must have a value.
   at System.ThrowHelper.ThrowInvalidOperationException(ExceptionResource resource)
   at System.Nullable`1.get_Value()
   at dveri1.Controllers.VhodnyeDveriController.SendMessageAboutBuyDoor(ModelBuyDveri model) in D:\GitHub\dveri1\dveri1\Controllers\VhodnyeDveriController.cs:line 402
   at dveri1.Controllers.VhodnyeDveriController.FastBuyDveriModal(ModelBuyDveri model) in D:\GitHub\dveri1\dveri1\Controllers\VhodnyeDveriController.cs:line 570
[04.07.2016 10:19:42.786] VhodnyeDveri/FastBuyDveriModel-System.InvalidOperationException: Nullable object must have a value.
   at System.ThrowHelper.ThrowInvalidOperationException(ExceptionResource resource)
   at System.Nullable`1.get_Value()
   at dveri1.Controllers.VhodnyeDveriController.SendMessageAboutBuyDoor(ModelBuyDveri model) in D:\GitHub\dveri1\dveri1\Controllers\VhodnyeDveriController.cs:line 402
   at dveri1.Controllers.VhodnyeDveriController.FastBuyDveriModal(ModelBuyDveri model) in D:\GitHub\dveri1\dveri1\Controllers\VhodnyeDveriController.cs:line 570
[04.07.2016 10:19:42.806] VhodnyeDveri/FastBuyDveriModel-System.InvalidOperationException: Nullable object must have a value.
   at System.ThrowHelper.ThrowInvalidOperationException(ExceptionResource resource)
   at System.Nullable`1.get_Value()
   at dveri1.Controllers.VhodnyeDveriController.SendMessageAboutBuyDoor(ModelBuyDveri model) in D:\GitHub\dveri1\dveri1\Controllers\VhodnyeDveriController.cs:line 402
   at dveri1.Controllers.VhodnyeDveriController.FastBuyDveriModal(ModelBuyDveri model) in D:\GitHub\dveri1\dveri1\Controllers\VhodnyeDveriController.cs:line 570
[04.07.2016 10:19:42.826] VhodnyeDveri/FastBuyDveriModel-System.InvalidOperationException: Nullable object must have a value.
   at System.ThrowHelper.ThrowInvalidOperationException(ExceptionResource resource)
   at System.Nullable`1.get_Value()
   at dveri1.Controllers.VhodnyeDveriController.SendMessageAboutBuyDoor(ModelBuyDveri model) in D:\GitHub\dveri1\dveri1\Controllers\VhodnyeDveriController.cs:line 402
   at dveri1.Controllers.VhodnyeDveriController.FastBuyDveriModal(ModelBuyDveri model) in D:\GitHub\dveri1\dveri1\Controllers\VhodnyeDveriController.cs:line 570
[04.07.2016 10:19:42.836] VhodnyeDveri/FastBuyDveriModel-System.InvalidOperationException: Nullable object must have a value.
   at System.ThrowHelper.ThrowInvalidOperationException(ExceptionResource resource)
   at System.Nullable`1.get_Value()
   at dveri1.Controllers.VhodnyeDveriController.SendMessageAboutBuyDoor(ModelBuyDveri model) in D:\GitHub\dveri1\dveri1\Controllers\VhodnyeDveriController.cs:line 402
   at dveri1.Controllers.VhodnyeDveriController.FastBuyDveriModal(ModelBuyDveri model) in D:\GitHub\dveri1\dveri1\Controllers\VhodnyeDveriController.cs:line 570
[04.07.2016 10:19:42.866] VhodnyeDveri/FastBuyDveriModel-System.InvalidOperationException: Nullable object must have a value.
   at System.ThrowHelper.ThrowInvalidOperationException(ExceptionResource resource)
   at System.Nullable`1.get_Value()
   at dveri1.Controllers.VhodnyeDveriController.SendMessageAboutBuyDoor(ModelBuyDveri model) in D:\GitHub\dveri1\dveri1\Controllers\VhodnyeDveriController.cs:line 402
   at dveri1.Controllers.VhodnyeDveriController.FastBuyDveriModal(ModelBuyDveri model) in D:\GitHub\dveri1\dveri1\Controllers\VhodnyeDveriController.cs:line 570
[04.07.2016 10:19:42.876] VhodnyeDveri/FastBuyDveriModel-System.InvalidOperationException: Nullable object must have a value.
   at System.ThrowHelper.ThrowInvalidOperationException(ExceptionResource resource)
   at System.Nullable`1.get_Value()
   at dveri1.Controllers.VhodnyeDveriController.SendMessageAboutBuyDoor(ModelBuyDveri model) in D:\GitHub\dveri1\dveri1\Controllers\VhodnyeDveriController.cs:line 402
   at dveri1.Controllers.VhodnyeDveriController.FastBuyDveriModal(ModelBuyDveri model) in D:\GitHub\dveri1\dveri1\Controllers\VhodnyeDveriController.cs:line 570
[04.07.2016 10:19:42.896] VhodnyeDveri/FastBuyDveriModel-System.InvalidOperationException: Nullable object must have a value.
   at System.ThrowHelper.ThrowInvalidOperationException(ExceptionResource resource)
   at System.Nullable`1.get_Value()
   at dveri1.Controllers.VhodnyeDveriController.SendMessageAboutBuyDoor(ModelBuyDveri model) in D:\GitHub\dveri1\dveri1\Controllers\VhodnyeDveriController.cs:line 402
   at dveri1.Controllers.VhodnyeDveriController.FastBuyDveriModal(ModelBuyDveri model) in D:\GitHub\dveri1\dveri1\Controllers\VhodnyeDveriController.cs:line 570
[04.07.2016 10:19:42.916] VhodnyeDveri/FastBuyDveriModel-System.InvalidOperationException: Nullable object must have a value.
   at System.ThrowHelper.ThrowInvalidOperationException(ExceptionResource resource)
   at System.Nullable`1.get_Value()
   at dveri1.Controllers.VhodnyeDveriController.SendMessageAboutBuyDoor(ModelBuyDveri model) in D:\GitHub\dveri1\dveri1\Controllers\VhodnyeDveriController.cs:line 402
   at dveri1.Controllers.VhodnyeDveriController.FastBuyDveriModal(ModelBuyDveri model) in D:\GitHub\dveri1\dveri1\Controllers\VhodnyeDveriController.cs:line 570
[04.07.2016 10:19:42.926] VhodnyeDveri/FastBuyDveriModel-System.InvalidOperationException: Nullable object must have a value.
   at System.ThrowHelper.ThrowInvalidOperationException(ExceptionResource resource)
   at System.Nullable`1.get_Value()
   at dveri1.Controllers.VhodnyeDveriController.SendMessageAboutBuyDoor(ModelBuyDveri model) in D:\GitHub\dveri1\dveri1\Controllers\VhodnyeDveriController.cs:line 402
   at dveri1.Controllers.VhodnyeDveriController.FastBuyDveriModal(ModelBuyDveri model) in D:\GitHub\dveri1\dveri1\Controllers\VhodnyeDveriController.cs:line 570
[04.07.2016 10:19:48.320] VhodnyeDveri/BuyDveriModel-System.InvalidOperationException: Nullable object must have a value.
   at System.ThrowHelper.ThrowInvalidOperationException(ExceptionResource resource)
   at System.Nullable`1.get_Value()
   at dveri1.Controllers.VhodnyeDveriController.SendMessageAboutBuyDoor(ModelBuyDveri model) in D:\GitHub\dveri1\dveri1\Controllers\VhodnyeDveriController.cs:line 402
   at dveri1.Controllers.VhodnyeDveriController.BuyDveriModal(ModelBuyDveri model) in D:\GitHub\dveri1\dveri1\Controllers\VhodnyeDveriController.cs:line 445
[04.07.2016 10:19:48.599] VhodnyeDveri/FastBuyDveriModel-System.InvalidOperationException: Nullable object must have a value.
   at System.ThrowHelper.ThrowInvalidOperationException(ExceptionResource resource)
   at System.Nullable`1.get_Value()
   at dveri1.Controllers.VhodnyeDveriController.SendMessageAboutBuyDoor(ModelBuyDveri model) in D:\GitHub\dveri1\dveri1\Controllers\VhodnyeDveriController.cs:line 402
   at dveri1.Controllers.VhodnyeDveriController.FastBuyDveriModal(ModelBuyDveri model) in D:\GitHub\dveri1\dveri1\Controllers\VhodnyeDveriController.cs:line 570
[04.07.2016 10:19:48.620] VhodnyeDveri/FastBuyDveriModel-System.InvalidOperationException: Nullable object must have a value.
   at System.ThrowHelper.ThrowInvalidOperationException(ExceptionResource resource)
   at System.Nullable`1.get_Value()
   at dveri1.Controllers.VhodnyeDveriController.SendMessageAboutBuyDoor(ModelBuyDveri model) in D:\GitHub\dveri1\dveri1\Controllers\VhodnyeDveriController.cs:line 402
   at dveri1.Controllers.VhodnyeDveriController.FastBuyDveriModal(ModelBuyDveri model) in D:\GitHub\dveri1\dveri1\Controllers\VhodnyeDveriController.cs:line 570
[04.07.2016 10:19:48.639] VhodnyeDveri/FastBuyDveriModel-System.InvalidOperationException: Nullable object must have a value.
   at System.ThrowHelper.ThrowInvalidOperationException(ExceptionResource resource)
   at System.Nullable`1.get_Value()
   at dveri1.Controllers.VhodnyeDveriController.SendMessageAboutBuyDoor(ModelBuyDveri model) in D:\GitHub\dveri1\dveri1\Controllers\VhodnyeDveriController.cs:line 402
   at dveri1.Controllers.VhodnyeDveriController.FastBuyDveriModal(ModelBuyDveri model) in D:\GitHub\dveri1\dveri1\Controllers\VhodnyeDveriController.cs:line 570
[04.07.2016 10:19:48.668] VhodnyeDveri/FastBuyDveriModel-System.InvalidOperationException: Nullable object must have a value.
   at System.ThrowHelper.ThrowInvalidOperationException(ExceptionResource resource)
   at System.Nullable`1.get_Value()
   at dveri1.Controllers.VhodnyeDveriController.SendMessageAboutBuyDoor(ModelBuyDveri model) in D:\GitHub\dveri1\dveri1\Controllers\VhodnyeDveriController.cs:line 402
   at dveri1.Controllers.VhodnyeDveriController.FastBuyDveriModal(ModelBuyDveri model) in D:\GitHub\dveri1\dveri1\Controllers\VhodnyeDveriController.cs:line 570
[04.07.2016 10:19:48.680] VhodnyeDveri/FastBuyDveriModel-System.InvalidOperationException: Nullable object must have a value.
   at System.ThrowHelper.ThrowInvalidOperationException(ExceptionResource resource)
   at System.Nullable`1.get_Value()
   at dveri1.Controllers.VhodnyeDveriController.SendMessageAboutBuyDoor(ModelBuyDveri model) in D:\GitHub\dveri1\dveri1\Controllers\VhodnyeDveriController.cs:line 402
   at dveri1.Controllers.VhodnyeDveriController.FastBuyDveriModal(ModelBuyDveri model) in D:\GitHub\dveri1\dveri1\Controllers\VhodnyeDveriController.cs:line 570
[04.07.2016 10:19:48.700] VhodnyeDveri/FastBuyDveriModel-System.InvalidOperationException: Nullable object must have a value.
   at System.ThrowHelper.ThrowInvalidOperationException(ExceptionResource resource)
   at System.Nullable`1.get_Value()
   at dveri1.Controllers.VhodnyeDveriController.SendMessageAboutBuyDoor(ModelBuyDveri model) in D:\GitHub\dveri1\dveri1\Controllers\VhodnyeDveriController.cs:line 402
   at dveri1.Controllers.VhodnyeDveriController.FastBuyDveriModal(ModelBuyDveri model) in D:\GitHub\dveri1\dveri1\Controllers\VhodnyeDveriController.cs:line 570
[04.07.2016 10:19:48.720] VhodnyeDveri/FastBuyDveriModel-System.InvalidOperationException: Nullable object must have a value.
   at System.ThrowHelper.ThrowInvalidOperationException(ExceptionResource resource)
   at System.Nullable`1.get_Value()
   at dveri1.Controllers.VhodnyeDveriController.SendMessageAboutBuyDoor(ModelBuyDveri model) in D:\GitHub\dveri1\dveri1\Controllers\VhodnyeDveriController.cs:line 402
   at dveri1.Controllers.VhodnyeDveriController.FastBuyDveriModal(ModelBuyDveri model) in D:\GitHub\dveri1\dveri1\Controllers\VhodnyeDveriController.cs:line 570
[04.07.2016 10:19:48.740] VhodnyeDveri/FastBuyDveriModel-System.InvalidOperationException: Nullable object must have a value.
   at System.ThrowHelper.ThrowInvalidOperationException(ExceptionResource resource)
   at System.Nullable`1.get_Value()
   at dveri1.Controllers.VhodnyeDveriController.SendMessageAboutBuyDoor(ModelBuyDveri model) in D:\GitHub\dveri1\dveri1\Controllers\VhodnyeDveriController.cs:line 402
   at dveri1.Controllers.VhodnyeDveriController.FastBuyDveriModal(ModelBuyDveri model) in D:\GitHub\dveri1\dveri1\Controllers\VhodnyeDveriController.cs:line 570
[04.07.2016 10:19:48.750] VhodnyeDveri/FastBuyDveriModel-System.InvalidOperationException: Nullable object must have a value.
   at System.ThrowHelper.ThrowInvalidOperationException(ExceptionResource resource)
   at System.Nullable`1.get_Value()
   at dveri1.Controllers.VhodnyeDveriController.SendMessageAboutBuyDoor(ModelBuyDveri model) in D:\GitHub\dveri1\dveri1\Controllers\VhodnyeDveriController.cs:line 402
   at dveri1.Controllers.VhodnyeDveriController.FastBuyDveriModal(ModelBuyDveri model) in D:\GitHub\dveri1\dveri1\Controllers\VhodnyeDveriController.cs:line 570
[04.07.2016 10:19:48.770] VhodnyeDveri/FastBuyDveriModel-System.InvalidOperationException: Nullable object must have a value.
   at System.ThrowHelper.ThrowInvalidOperationException(ExceptionResource resource)
   at System.Nullable`1.get_Value()
   at dveri1.Controllers.VhodnyeDveriController.SendMessageAboutBuyDoor(ModelBuyDveri model) in D:\GitHub\dveri1\dveri1\Controllers\VhodnyeDveriController.cs:line 402
   at dveri1.Controllers.VhodnyeDveriController.FastBuyDveriModal(ModelBuyDveri model) in D:\GitHub\dveri1\dveri1\Controllers\VhodnyeDveriController.cs:line 570
[04.07.2016 10:19:48.790] VhodnyeDveri/FastBuyDveriModel-System.InvalidOperationException: Nullable object must have a value.
   at System.ThrowHelper.ThrowInvalidOperationException(ExceptionResource resource)
   at System.Nullable`1.get_Value()
   at dveri1.Controllers.VhodnyeDveriController.SendMessageAboutBuyDoor(ModelBuyDveri model) in D:\GitHub\dveri1\dveri1\Controllers\VhodnyeDveriController.cs:line 402
   at dveri1.Controllers.VhodnyeDveriController.FastBuyDveriModal(ModelBuyDveri model) in D:\GitHub\dveri1\dveri1\Controllers\VhodnyeDveriController.cs:line 570
[04.07.2016 10:19:48.800] VhodnyeDveri/FastBuyDveriModel-System.InvalidOperationException: Nullable object must have a value.
   at System.ThrowHelper.ThrowInvalidOperationException(ExceptionResource resource)
   at System.Nullable`1.get_Value()
   at dveri1.Controllers.VhodnyeDveriController.SendMessageAboutBuyDoor(ModelBuyDveri model) in D:\GitHub\dveri1\dveri1\Controllers\VhodnyeDveriController.cs:line 402
   at dveri1.Controllers.VhodnyeDveriController.FastBuyDveriModal(ModelBuyDveri model) in D:\GitHub\dveri1\dveri1\Controllers\VhodnyeDveriController.cs:line 570
[04.07.2016 10:19:48.820] VhodnyeDveri/FastBuyDveriModel-System.InvalidOperationException: Nullable object must have a value.
   at System.ThrowHelper.ThrowInvalidOperationException(ExceptionResource resource)
   at System.Nullable`1.get_Value()
   at dveri1.Controllers.VhodnyeDveriController.SendMessageAboutBuyDoor(ModelBuyDveri model) in D:\GitHub\dveri1\dveri1\Controllers\VhodnyeDveriController.cs:line 402
   at dveri1.Controllers.VhodnyeDveriController.FastBuyDveriModal(ModelBuyDveri model) in D:\GitHub\dveri1\dveri1\Controllers\VhodnyeDveriController.cs:line 570
[04.07.2016 10:19:48.830] VhodnyeDveri/FastBuyDveriModel-System.InvalidOperationException: Nullable object must have a value.
   at System.ThrowHelper.ThrowInvalidOperationException(ExceptionResource resource)
   at System.Nullable`1.get_Value()
   at dveri1.Controllers.VhodnyeDveriController.SendMessageAboutBuyDoor(ModelBuyDveri model) in D:\GitHub\dveri1\dveri1\Controllers\VhodnyeDveriController.cs:line 402
   at dveri1.Controllers.VhodnyeDveriController.FastBuyDveriModal(ModelBuyDveri model) in D:\GitHub\dveri1\dveri1\Controllers\VhodnyeDveriController.cs:line 570
[04.07.2016 10:19:48.840] VhodnyeDveri/FastBuyDveriModel-System.InvalidOperationException: Nullable object must have a value.
   at System.ThrowHelper.ThrowInvalidOperationException(ExceptionResource resource)
   at System.Nullable`1.get_Value()
   at dveri1.Controllers.VhodnyeDveriController.SendMessageAboutBuyDoor(ModelBuyDveri model) in D:\GitHub\dveri1\dveri1\Controllers\VhodnyeDveriController.cs:line 402
   at dveri1.Controllers.VhodnyeDveriController.FastBuyDveriModal(ModelBuyDveri model) in D:\GitHub\dveri1\dveri1\Controllers\VhodnyeDveriController.cs:line 570
[04.07.2016 10:19:48.860] VhodnyeDveri/FastBuyDveriModel-System.InvalidOperationException: Nullable object must have a value.
   at System.ThrowHelper.ThrowInvalidOperationException(ExceptionResource resource)
   at System.Nullable`1.get_Value()
   at dveri1.Controllers.VhodnyeDveriController.SendMessageAboutBuyDoor(ModelBuyDveri model) in D:\GitHub\dveri1\dveri1\Controllers\VhodnyeDveriController.cs:line 402
   at dveri1.Controllers.VhodnyeDveriController.FastBuyDveriModal(ModelBuyDveri model) in D:\GitHub\dveri1\dveri1\Controllers\VhodnyeDveriController.cs:line 570
[04.07.2016 10:19:48.873] VhodnyeDveri/FastBuyDveriModel-System.InvalidOperationException: Nullable object must have a value.
   at System.ThrowHelper.ThrowInvalidOperationException(ExceptionResource resource)
   at System.Nullable`1.get_Value()
   at dveri1.Controllers.VhodnyeDveriController.SendMessageAboutBuyDoor(ModelBuyDveri model) in D:\GitHub\dveri1\dveri1\Controllers\VhodnyeDveriController.cs:line 402
   at dveri1.Controllers.VhodnyeDveriController.FastBuyDveriModal(ModelBuyDveri model) in D:\GitHub\dveri1\dveri1\Controllers\VhodnyeDveriController.cs:line 570
[04.07.2016 10:19:48.883] VhodnyeDveri/FastBuyDveriModel-System.InvalidOperationException: Nullable object must have a value.
   at System.ThrowHelper.ThrowInvalidOperationException(ExceptionResource resource)
   at System.Nullable`1.get_Value()
   at dveri1.Controllers.VhodnyeDveriController.SendMessageAboutBuyDoor(ModelBuyDveri model) in D:\GitHub\dveri1\dveri1\Controllers\VhodnyeDveriController.cs:line 402
   at dveri1.Controllers.VhodnyeDveriController.FastBuyDveriModal(ModelBuyDveri model) in D:\GitHub\dveri1\dveri1\Controllers\VhodnyeDveriController.cs:line 570
[04.07.2016 10:19:48.893] VhodnyeDveri/FastBuyDveriModel-System.InvalidOperationException: Nullable object must have a value.
   at System.ThrowHelper.ThrowInvalidOperationException(ExceptionResource resource)
   at System.Nullable`1.get_Value()
   at dveri1.Controllers.VhodnyeDveriController.SendMessageAboutBuyDoor(ModelBuyDveri model) in D:\GitHub\dveri1\dveri1\Controllers\VhodnyeDveriController.cs:line 402
   at dveri1.Controllers.VhodnyeDveriController.FastBuyDveriModal(ModelBuyDveri model) in D:\GitHub\dveri1\dveri1\Controllers\VhodnyeDveriController.cs:line 570
[04.07.2016 10:19:48.923] VhodnyeDveri/FastBuyDveriModel-System.InvalidOperationException: Nullable object must have a value.
   at System.ThrowHelper.ThrowInvalidOperationException(ExceptionResource resource)
   at System.Nullable`1.get_Value()
   at dveri1.Controllers.VhodnyeDveriController.SendMessageAboutBuyDoor(ModelBuyDveri model) in D:\GitHub\dveri1\dveri1\Controllers\VhodnyeDveriController.cs:line 402
   at dveri1.Controllers.VhodnyeDveriController.FastBuyDveriModal(ModelBuyDveri model) in D:\GitHub\dveri1\dveri1\Controllers\VhodnyeDveriController.cs:line 570
[04.07.2016 10:19:48.933] VhodnyeDveri/FastBuyDveriModel-System.InvalidOperationException: Nullable object must have a value.
   at System.ThrowHelper.ThrowInvalidOperationException(ExceptionResource resource)
   at System.Nullable`1.get_Value()
   at dveri1.Controllers.VhodnyeDveriController.SendMessageAboutBuyDoor(ModelBuyDveri model) in D:\GitHub\dveri1\dveri1\Controllers\VhodnyeDveriController.cs:line 402
   at dveri1.Controllers.VhodnyeDveriController.FastBuyDveriModal(ModelBuyDveri model) in D:\GitHub\dveri1\dveri1\Controllers\VhodnyeDveriController.cs:line 570
[04.07.2016 10:19:48.953] VhodnyeDveri/FastBuyDveriModel-System.InvalidOperationException: Nullable object must have a value.
   at System.ThrowHelper.ThrowInvalidOperationException(ExceptionResource resource)
   at System.Nullable`1.get_Value()
   at dveri1.Controllers.VhodnyeDveriController.SendMessageAboutBuyDoor(ModelBuyDveri model) in D:\GitHub\dveri1\dveri1\Controllers\VhodnyeDveriController.cs:line 402
   at dveri1.Controllers.VhodnyeDveriController.FastBuyDveriModal(ModelBuyDveri model) in D:\GitHub\dveri1\dveri1\Controllers\VhodnyeDveriController.cs:line 570
[04.07.2016 10:19:48.963] VhodnyeDveri/FastBuyDveriModel-System.InvalidOperationException: Nullable object must have a value.
   at System.ThrowHelper.ThrowInvalidOperationException(ExceptionResource resource)
   at System.Nullable`1.get_Value()
   at dveri1.Controllers.VhodnyeDveriController.SendMessageAboutBuyDoor(ModelBuyDveri model) in D:\GitHub\dveri1\dveri1\Controllers\VhodnyeDveriController.cs:line 402
   at dveri1.Controllers.VhodnyeDveriController.FastBuyDveriModal(ModelBuyDveri model) in D:\GitHub\dveri1\dveri1\Controllers\VhodnyeDveriController.cs:line 570
[04.07.2016 10:19:48.983] VhodnyeDveri/FastBuyDveriModel-System.InvalidOperationException: Nullable object must have a value.
   at System.ThrowHelper.ThrowInvalidOperationException(ExceptionResource resource)
   at System.Nullable`1.get_Value()
   at dveri1.Controllers.VhodnyeDveriController.SendMessageAboutBuyDoor(ModelBuyDveri model) in D:\GitHub\dveri1\dveri1\Controllers\VhodnyeDveriController.cs:line 402
   at dveri1.Controllers.VhodnyeDveriController.FastBuyDveriModal(ModelBuyDveri model) in D:\GitHub\dveri1\dveri1\Controllers\VhodnyeDveriController.cs:line 570
[04.07.2016 10:19:48.993] VhodnyeDveri/FastBuyDveriModel-System.InvalidOperationException: Nullable object must have a value.
   at System.ThrowHelper.ThrowInvalidOperationException(ExceptionResource resource)
   at System.Nullable`1.get_Value()
   at dveri1.Controllers.VhodnyeDveriController.SendMessageAboutBuyDoor(ModelBuyDveri model) in D:\GitHub\dveri1\dveri1\Controllers\VhodnyeDveriController.cs:line 402
   at dveri1.Controllers.VhodnyeDveriController.FastBuyDveriModal(ModelBuyDveri model) in D:\GitHub\dveri1\dveri1\Controllers\VhodnyeDveriController.cs:line 570
[04.07.2016 10:19:49.003] VhodnyeDveri/FastBuyDveriModel-System.InvalidOperationException: Nullable object must have a value.
   at System.ThrowHelper.ThrowInvalidOperationException(ExceptionResource resource)
   at System.Nullable`1.get_Value()
   at dveri1.Controllers.VhodnyeDveriController.SendMessageAboutBuyDoor(ModelBuyDveri model) in D:\GitHub\dveri1\dveri1\Controllers\VhodnyeDveriController.cs:line 402
   at dveri1.Controllers.VhodnyeDveriController.FastBuyDveriModal(ModelBuyDveri model) in D:\GitHub\dveri1\dveri1\Controllers\VhodnyeDveriController.cs:line 570
[04.07.2016 10:19:49.023] VhodnyeDveri/FastBuyDveriModel-System.InvalidOperationException: Nullable object must have a value.
   at System.ThrowHelper.ThrowInvalidOperationException(ExceptionResource resource)
   at System.Nullable`1.get_Value()
   at dveri1.Controllers.VhodnyeDveriController.SendMessageAboutBuyDoor(ModelBuyDveri model) in D:\GitHub\dveri1\dveri1\Controllers\VhodnyeDveriController.cs:line 402
   at dveri1.Controllers.VhodnyeDveriController.FastBuyDveriModal(ModelBuyDveri model) in D:\GitHub\dveri1\dveri1\Controllers\VhodnyeDveriController.cs:line 570
[04.07.2016 10:19:49.033] VhodnyeDveri/FastBuyDveriModel-System.InvalidOperationException: Nullable object must have a value.
   at System.ThrowHelper.ThrowInvalidOperationException(ExceptionResource resource)
   at System.Nullable`1.get_Value()
   at dveri1.Controllers.VhodnyeDveriController.SendMessageAboutBuyDoor(ModelBuyDveri model) in D:\GitHub\dveri1\dveri1\Controllers\VhodnyeDveriController.cs:line 402
   at dveri1.Controllers.VhodnyeDveriController.FastBuyDveriModal(ModelBuyDveri model) in D:\GitHub\dveri1\dveri1\Controllers\VhodnyeDveriController.cs:line 570
[04.07.2016 10:19:49.053] VhodnyeDveri/FastBuyDveriModel-System.InvalidOperationException: Nullable object must have a value.
   at System.ThrowHelper.ThrowInvalidOperationException(ExceptionResource resource)
   at System.Nullable`1.get_Value()
   at dveri1.Controllers.VhodnyeDveriController.SendMessageAboutBuyDoor(ModelBuyDveri model) in D:\GitHub\dveri1\dveri1\Controllers\VhodnyeDveriController.cs:line 402
   at dveri1.Controllers.VhodnyeDveriController.FastBuyDveriModal(ModelBuyDveri model) in D:\GitHub\dveri1\dveri1\Controllers\VhodnyeDveriController.cs:line 570
[04.07.2016 10:19:49.088] VhodnyeDveri/FastBuyDveriModel-System.InvalidOperationException: Nullable object must have a value.
   at System.ThrowHelper.ThrowInvalidOperationException(ExceptionResource resource)
   at System.Nullable`1.get_Value()
   at dveri1.Controllers.VhodnyeDveriController.SendMessageAboutBuyDoor(ModelBuyDveri model) in D:\GitHub\dveri1\dveri1\Controllers\VhodnyeDveriController.cs:line 402
   at dveri1.Controllers.VhodnyeDveriController.FastBuyDveriModal(ModelBuyDveri model) in D:\GitHub\dveri1\dveri1\Controllers\VhodnyeDveriController.cs:line 570
[04.07.2016 10:19:49.102] VhodnyeDveri/FastBuyDveriModel-System.InvalidOperationException: Nullable object must have a value.
   at System.ThrowHelper.ThrowInvalidOperationException(ExceptionResource resource)
   at System.Nullable`1.get_Value()
   at dveri1.Controllers.VhodnyeDveriController.SendMessageAboutBuyDoor(ModelBuyDveri model) in D:\GitHub\dveri1\dveri1\Controllers\VhodnyeDveriController.cs:line 402
   at dveri1.Controllers.VhodnyeDveriController.FastBuyDveriModal(ModelBuyDveri model) in D:\GitHub\dveri1\dveri1\Controllers\VhodnyeDveriController.cs:line 570
[04.07.2016 10:19:49.152] VhodnyeDveri/FastBuyDveriModel-System.InvalidOperationException: Nullable object must have a value.
   at System.ThrowHelper.ThrowInvalidOperationException(ExceptionResource resource)
   at System.Nullable`1.get_Value()
   at dveri1.Controllers.VhodnyeDveriController.SendMessageAboutBuyDoor(ModelBuyDveri model) in D:\GitHub\dveri1\dveri1\Controllers\VhodnyeDveriController.cs:line 402
   at dveri1.Controllers.VhodnyeDveriController.FastBuyDveriModal(ModelBuyDveri model) in D:\GitHub\dveri1\dveri1\Controllers\VhodnyeDveriController.cs:line 570
[04.07.2016 10:19:49.172] VhodnyeDveri/FastBuyDveriModel-System.InvalidOperationException: Nullable object must have a value.
   at System.ThrowHelper.ThrowInvalidOperationException(ExceptionResource resource)
   at System.Nullable`1.get_Value()
   at dveri1.Controllers.VhodnyeDveriController.SendMessageAboutBuyDoor(ModelBuyDveri model) in D:\GitHub\dveri1\dveri1\Controllers\VhodnyeDveriController.cs:line 402
   at dveri1.Controllers.VhodnyeDveriController.FastBuyDveriModal(ModelBuyDveri model) in D:\GitHub\dveri1\dveri1\Controllers\VhodnyeDveriController.cs:line 570
[04.07.2016 10:19:49.192] VhodnyeDveri/FastBuyDveriModel-System.InvalidOperationException: Nullable object must have a value.
   at System.ThrowHelper.ThrowInvalidOperationException(ExceptionResource resource)
   at System.Nullable`1.get_Value()
   at dveri1.Controllers.VhodnyeDveriController.SendMessageAboutBuyDoor(ModelBuyDveri model) in D:\GitHub\dveri1\dveri1\Controllers\VhodnyeDveriController.cs:line 402
   at dveri1.Controllers.VhodnyeDveriController.FastBuyDveriModal(ModelBuyDveri model) in D:\GitHub\dveri1\dveri1\Controllers\VhodnyeDveriController.cs:line 570
[04.07.2016 10:19:49.272] VhodnyeDveri/FastBuyDveriModel-System.InvalidOperationException: Nullable object must have a value.
   at System.ThrowHelper.ThrowInvalidOperationException(ExceptionResource resource)
   at System.Nullable`1.get_Value()
   at dveri1.Controllers.VhodnyeDveriController.SendMessageAboutBuyDoor(ModelBuyDveri model) in D:\GitHub\dveri1\dveri1\Controllers\VhodnyeDveriController.cs:line 402
   at dveri1.Controllers.VhodnyeDveriController.FastBuyDveriModal(ModelBuyDveri model) in D:\GitHub\dveri1\dveri1\Controllers\VhodnyeDveriController.cs:line 570
[04.07.2016 10:19:49.302] VhodnyeDveri/FastBuyDveriModel-System.InvalidOperationException: Nullable object must have a value.
   at System.ThrowHelper.ThrowInvalidOperationException(ExceptionResource resource)
   at System.Nullable`1.get_Value()
   at dveri1.Controllers.VhodnyeDveriController.SendMessageAboutBuyDoor(ModelBuyDveri model) in D:\GitHub\dveri1\dveri1\Controllers\VhodnyeDveriController.cs:line 402
   at dveri1.Controllers.VhodnyeDveriController.FastBuyDveriModal(ModelBuyDveri model) in D:\GitHub\dveri1\dveri1\Controllers\VhodnyeDveriController.cs:line 570
[04.07.2016 10:19:49.322] VhodnyeDveri/FastBuyDveriModel-System.InvalidOperationException: Nullable object must have a value.
   at System.ThrowHelper.ThrowInvalidOperationException(ExceptionResource resource)
   at System.Nullable`1.get_Value()
   at dveri1.Controllers.VhodnyeDveriController.SendMessageAboutBuyDoor(ModelBuyDveri model) in D:\GitHub\dveri1\dveri1\Controllers\VhodnyeDveriController.cs:line 402
   at dveri1.Controllers.VhodnyeDveriController.FastBuyDveriModal(ModelBuyDveri model) in D:\GitHub\dveri1\dveri1\Controllers\VhodnyeDveriController.cs:line 570
[04.07.2016 10:19:53.141] VhodnyeDveri/BuyDveriModel-System.InvalidOperationException: Nullable object must have a value.
   at System.ThrowHelper.ThrowInvalidOperationException(ExceptionResource resource)
   at System.Nullable`1.get_Value()
   at dveri1.Controllers.VhodnyeDveriController.SendMessageAboutBuyDoor(ModelBuyDveri model) in D:\GitHub\dveri1\dveri1\Controllers\VhodnyeDveriController.cs:line 402
   at dveri1.Controllers.VhodnyeDveriController.BuyDveriModal(ModelBuyDveri model) in D:\GitHub\dveri1\dveri1\Controllers\VhodnyeDveriController.cs:line 445
[04.07.2016 10:19:53.363] VhodnyeDveri/FastBuyDveriModel-System.InvalidOperationException: Nullable object must have a value.
   at System.ThrowHelper.ThrowInvalidOperationException(ExceptionResource resource)
   at System.Nullable`1.get_Value()
   at dveri1.Controllers.VhodnyeDveriController.SendMessageAboutBuyDoor(ModelBuyDveri model) in D:\GitHub\dveri1\dveri1\Controllers\VhodnyeDveriController.cs:line 402
   at dveri1.Controllers.VhodnyeDveriController.FastBuyDveriModal(ModelBuyDveri model) in D:\GitHub\dveri1\dveri1\Controllers\VhodnyeDveriController.cs:line 570
[04.07.2016 10:19:53.413] VhodnyeDveri/FastBuyDveriModel-System.InvalidOperationException: Nullable object must have a value.
   at System.ThrowHelper.ThrowInvalidOperationException(ExceptionResource resource)
   at System.Nullable`1.get_Value()
   at dveri1.Controllers.VhodnyeDveriController.SendMessageAboutBuyDoor(ModelBuyDveri model) in D:\GitHub\dveri1\dveri1\Controllers\VhodnyeDveriController.cs:line 402
   at dveri1.Controllers.VhodnyeDveriController.FastBuyDveriModal(ModelBuyDveri model) in D:\GitHub\dveri1\dveri1\Controllers\VhodnyeDveriController.cs:line 570
[04.07.2016 10:19:53.583] VhodnyeDveri/FastBuyDveriModel-System.InvalidOperationException: Nullable object must have a value.
   at System.ThrowHelper.ThrowInvalidOperationException(ExceptionResource resource)
   at System.Nullable`1.get_Value()
   at dveri1.Controllers.VhodnyeDveriController.SendMessageAboutBuyDoor(ModelBuyDveri model) in D:\GitHub\dveri1\dveri1\Controllers\VhodnyeDveriController.cs:line 402
   at dveri1.Controllers.VhodnyeDveriController.FastBuyDveriModal(ModelBuyDveri model) in D:\GitHub\dveri1\dveri1\Controllers\VhodnyeDveriController.cs:line 570
[04.07.2016 10:19:53.696] VhodnyeDveri/FastBuyDveriModel-System.InvalidOperationException: Nullable object must have a value.
   at System.ThrowHelper.ThrowInvalidOperationException(ExceptionResource resource)
   at System.Nullable`1.get_Value()
   at dveri1.Controllers.VhodnyeDveriController.SendMessageAboutBuyDoor(ModelBuyDveri model) in D:\GitHub\dveri1\dveri1\Controllers\VhodnyeDveriController.cs:line 402
   at dveri1.Controllers.VhodnyeDveriController.FastBuyDveriModal(ModelBuyDveri model) in D:\GitHub\dveri1\dveri1\Controllers\VhodnyeDveriController.cs:line 570
[04.07.2016 10:19:53.716] VhodnyeDveri/FastBuyDveriModel-System.InvalidOperationException: Nullable object must have a value.
   at System.ThrowHelper.ThrowInvalidOperationException(ExceptionResource resource)
   at System.Nullable`1.get_Value()
   at dveri1.Controllers.VhodnyeDveriController.SendMessageAboutBuyDoor(ModelBuyDveri model) in D:\GitHub\dveri1\dveri1\Controllers\VhodnyeDveriController.cs:line 402
   at dveri1.Controllers.VhodnyeDveriController.FastBuyDveriModal(ModelBuyDveri model) in D:\GitHub\dveri1\dveri1\Controllers\VhodnyeDveriController.cs:line 570
[04.07.2016 10:19:53.740] VhodnyeDveri/FastBuyDveriModel-System.InvalidOperationException: Nullable object must have a value.
   at System.ThrowHelper.ThrowInvalidOperationException(ExceptionResource resource)
   at System.Nullable`1.get_Value()
   at dveri1.Controllers.VhodnyeDveriController.SendMessageAboutBuyDoor(ModelBuyDveri model) in D:\GitHub\dveri1\dveri1\Controllers\VhodnyeDveriController.cs:line 402
   at dveri1.Controllers.VhodnyeDveriController.FastBuyDveriModal(ModelBuyDveri model) in D:\GitHub\dveri1\dveri1\Controllers\VhodnyeDveriController.cs:line 570
[04.07.2016 10:19:53.755] VhodnyeDveri/FastBuyDveriModel-System.InvalidOperationException: Nullable object must have a value.
   at System.ThrowHelper.ThrowInvalidOperationException(ExceptionResource resource)
   at System.Nullable`1.get_Value()
   at dveri1.Controllers.VhodnyeDveriController.SendMessageAboutBuyDoor(ModelBuyDveri model) in D:\GitHub\dveri1\dveri1\Controllers\VhodnyeDveriController.cs:line 402
   at dveri1.Controllers.VhodnyeDveriController.FastBuyDveriModal(ModelBuyDveri model) in D:\GitHub\dveri1\dveri1\Controllers\VhodnyeDveriController.cs:line 570
[04.07.2016 10:19:53.765] VhodnyeDveri/FastBuyDveriModel-System.InvalidOperationException: Nullable object must have a value.
   at System.ThrowHelper.ThrowInvalidOperationException(ExceptionResource resource)
   at System.Nullable`1.get_Value()
   at dveri1.Controllers.VhodnyeDveriController.SendMessageAboutBuyDoor(ModelBuyDveri model) in D:\GitHub\dveri1\dveri1\Controllers\VhodnyeDveriController.cs:line 402
   at dveri1.Controllers.VhodnyeDveriController.FastBuyDveriModal(ModelBuyDveri model) in D:\GitHub\dveri1\dveri1\Controllers\VhodnyeDveriController.cs:line 570
[04.07.2016 10:19:53.785] VhodnyeDveri/FastBuyDveriModel-System.InvalidOperationException: Nullable object must have a value.
   at System.ThrowHelper.ThrowInvalidOperationException(ExceptionResource resource)
   at System.Nullable`1.get_Value()
   at dveri1.Controllers.VhodnyeDveriController.SendMessageAboutBuyDoor(ModelBuyDveri model) in D:\GitHub\dveri1\dveri1\Controllers\VhodnyeDveriController.cs:line 402
   at dveri1.Controllers.VhodnyeDveriController.FastBuyDveriModal(ModelBuyDveri model) in D:\GitHub\dveri1\dveri1\Controllers\VhodnyeDveriController.cs:line 570
[04.07.2016 10:19:53.815] VhodnyeDveri/FastBuyDveriModel-System.InvalidOperationException: Nullable object must have a value.
   at System.ThrowHelper.ThrowInvalidOperationException(ExceptionResource resource)
   at System.Nullable`1.get_Value()
   at dveri1.Controllers.VhodnyeDveriController.SendMessageAboutBuyDoor(ModelBuyDveri model) in D:\GitHub\dveri1\dveri1\Controllers\VhodnyeDveriController.cs:line 402
   at dveri1.Controllers.VhodnyeDveriController.FastBuyDveriModal(ModelBuyDveri model) in D:\GitHub\dveri1\dveri1\Controllers\VhodnyeDveriController.cs:line 570
[04.07.2016 10:19:53.825] VhodnyeDveri/FastBuyDveriModel-System.InvalidOperationException: Nullable object must have a value.
   at System.ThrowHelper.ThrowInvalidOperationException(ExceptionResource resource)
   at System.Nullable`1.get_Value()
   at dveri1.Controllers.VhodnyeDveriController.SendMessageAboutBuyDoor(ModelBuyDveri model) in D:\GitHub\dveri1\dveri1\Controllers\VhodnyeDveriController.cs:line 402
   at dveri1.Controllers.VhodnyeDveriController.FastBuyDveriModal(ModelBuyDveri model) in D:\GitHub\dveri1\dveri1\Controllers\VhodnyeDveriController.cs:line 570
[04.07.2016 10:19:53.845] VhodnyeDveri/FastBuyDveriModel-System.InvalidOperationException: Nullable object must have a value.
   at System.ThrowHelper.ThrowInvalidOperationException(ExceptionResource resource)
   at System.Nullable`1.get_Value()
   at dveri1.Controllers.VhodnyeDveriController.SendMessageAboutBuyDoor(ModelBuyDveri model) in D:\GitHub\dveri1\dveri1\Controllers\VhodnyeDveriController.cs:line 402
   at dveri1.Controllers.VhodnyeDveriController.FastBuyDveriModal(ModelBuyDveri model) in D:\GitHub\dveri1\dveri1\Controllers\VhodnyeDveriController.cs:line 570
[04.07.2016 10:19:53.855] VhodnyeDveri/FastBuyDveriModel-System.InvalidOperationException: Nullable object must have a value.
   at System.ThrowHelper.ThrowInvalidOperationException(ExceptionResource resource)
   at System.Nullable`1.get_Value()
   at dveri1.Controllers.VhodnyeDveriController.SendMessageAboutBuyDoor(ModelBuyDveri model) in D:\GitHub\dveri1\dveri1\Controllers\VhodnyeDveriController.cs:line 402
   at dveri1.Controllers.VhodnyeDveriController.FastBuyDveriModal(ModelBuyDveri model) in D:\GitHub\dveri1\dveri1\Controllers\VhodnyeDveriController.cs:line 570
[04.07.2016 10:19:53.885] VhodnyeDveri/FastBuyDveriModel-System.InvalidOperationException: Nullable object must have a value.
   at System.ThrowHelper.ThrowInvalidOperationException(ExceptionResource resource)
   at System.Nullable`1.get_Value()
   at dveri1.Controllers.VhodnyeDveriController.SendMessageAboutBuyDoor(ModelBuyDveri model) in D:\GitHub\dveri1\dveri1\Controllers\VhodnyeDveriController.cs:line 402
   at dveri1.Controllers.VhodnyeDveriController.FastBuyDveriModal(ModelBuyDveri model) in D:\GitHub\dveri1\dveri1\Controllers\VhodnyeDveriController.cs:line 570
[04.07.2016 10:19:53.905] VhodnyeDveri/FastBuyDveriModel-System.InvalidOperationException: Nullable object must have a value.
   at System.ThrowHelper.ThrowInvalidOperationException(ExceptionResource resource)
   at System.Nullable`1.get_Value()
   at dveri1.Controllers.VhodnyeDveriController.SendMessageAboutBuyDoor(ModelBuyDveri model) in D:\GitHub\dveri1\dveri1\Controllers\VhodnyeDveriController.cs:line 402
   at dveri1.Controllers.VhodnyeDveriController.FastBuyDveriModal(ModelBuyDveri model) in D:\GitHub\dveri1\dveri1\Controllers\VhodnyeDveriController.cs:line 570
[04.07.2016 10:19:53.915] VhodnyeDveri/FastBuyDveriModel-System.InvalidOperationException: Nullable object must have a value.
   at System.ThrowHelper.ThrowInvalidOperationException(ExceptionResource resource)
   at System.Nullable`1.get_Value()
   at dveri1.Controllers.VhodnyeDveriController.SendMessageAboutBuyDoor(ModelBuyDveri model) in D:\GitHub\dveri1\dveri1\Controllers\VhodnyeDveriController.cs:line 402
   at dveri1.Controllers.VhodnyeDveriController.FastBuyDveriModal(ModelBuyDveri model) in D:\GitHub\dveri1\dveri1\Controllers\VhodnyeDveriController.cs:line 570
[04.07.2016 10:19:53.935] VhodnyeDveri/FastBuyDveriModel-System.InvalidOperationException: Nullable object must have a value.
   at System.ThrowHelper.ThrowInvalidOperationException(ExceptionResource resource)
   at System.Nullable`1.get_Value()
   at dveri1.Controllers.VhodnyeDveriController.SendMessageAboutBuyDoor(ModelBuyDveri model) in D:\GitHub\dveri1\dveri1\Controllers\VhodnyeDveriController.cs:line 402
   at dveri1.Controllers.VhodnyeDveriController.FastBuyDveriModal(ModelBuyDveri model) in D:\GitHub\dveri1\dveri1\Controllers\VhodnyeDveriController.cs:line 570
[04.07.2016 10:19:53.955] VhodnyeDveri/FastBuyDveriModel-System.InvalidOperationException: Nullable object must have a value.
   at System.ThrowHelper.ThrowInvalidOperationException(ExceptionResource resource)
   at System.Nullable`1.get_Value()
   at dveri1.Controllers.VhodnyeDveriController.SendMessageAboutBuyDoor(ModelBuyDveri model) in D:\GitHub\dveri1\dveri1\Controllers\VhodnyeDveriController.cs:line 402
   at dveri1.Controllers.VhodnyeDveriController.FastBuyDveriModal(ModelBuyDveri model) in D:\GitHub\dveri1\dveri1\Controllers\VhodnyeDveriController.cs:line 570
[04.07.2016 10:19:53.975] VhodnyeDveri/FastBuyDveriModel-System.InvalidOperationException: Nullable object must have a value.
   at System.ThrowHelper.ThrowInvalidOperationException(ExceptionResource resource)
   at System.Nullable`1.get_Value()
   at dveri1.Controllers.VhodnyeDveriController.SendMessageAboutBuyDoor(ModelBuyDveri model) in D:\GitHub\dveri1\dveri1\Controllers\VhodnyeDveriController.cs:line 402
   at dveri1.Controllers.VhodnyeDveriController.FastBuyDveriModal(ModelBuyDveri model) in D:\GitHub\dveri1\dveri1\Controllers\VhodnyeDveriController.cs:line 570
[04.07.2016 10:19:53.985] VhodnyeDveri/FastBuyDveriModel-System.InvalidOperationException: Nullable object must have a value.
   at System.ThrowHelper.ThrowInvalidOperationException(ExceptionResource resource)
   at System.Nullable`1.get_Value()
   at dveri1.Controllers.VhodnyeDveriController.SendMessageAboutBuyDoor(ModelBuyDveri model) in D:\GitHub\dveri1\dveri1\Controllers\VhodnyeDveriController.cs:line 402
   at dveri1.Controllers.VhodnyeDveriController.FastBuyDveriModal(ModelBuyDveri model) in D:\GitHub\dveri1\dveri1\Controllers\VhodnyeDveriController.cs:line 570
[04.07.2016 10:19:54.005] VhodnyeDveri/FastBuyDveriModel-System.InvalidOperationException: Nullable object must have a value.
   at System.ThrowHelper.ThrowInvalidOperationException(ExceptionResource resource)
   at System.Nullable`1.get_Value()
   at dveri1.Controllers.VhodnyeDveriController.SendMessageAboutBuyDoor(ModelBuyDveri model) in D:\GitHub\dveri1\dveri1\Controllers\VhodnyeDveriController.cs:line 402
   at dveri1.Controllers.VhodnyeDveriController.FastBuyDveriModal(ModelBuyDveri model) in D:\GitHub\dveri1\dveri1\Controllers\VhodnyeDveriController.cs:line 570
[04.07.2016 10:19:54.025] VhodnyeDveri/FastBuyDveriModel-System.InvalidOperationException: Nullable object must have a value.
   at System.ThrowHelper.ThrowInvalidOperationException(ExceptionResource resource)
   at System.Nullable`1.get_Value()
   at dveri1.Controllers.VhodnyeDveriController.SendMessageAboutBuyDoor(ModelBuyDveri model) in D:\GitHub\dveri1\dveri1\Controllers\VhodnyeDveriController.cs:line 402
   at dveri1.Controllers.VhodnyeDveriController.FastBuyDveriModal(ModelBuyDveri model) in D:\GitHub\dveri1\dveri1\Controllers\VhodnyeDveriController.cs:line 570
[04.07.2016 10:19:54.045] VhodnyeDveri/FastBuyDveriModel-System.InvalidOperationException: Nullable object must have a value.
   at System.ThrowHelper.ThrowInvalidOperationException(ExceptionResource resource)
   at System.Nullable`1.get_Value()
   at dveri1.Controllers.VhodnyeDveriController.SendMessageAboutBuyDoor(ModelBuyDveri model) in D:\GitHub\dveri1\dveri1\Controllers\VhodnyeDveriController.cs:line 402
   at dveri1.Controllers.VhodnyeDveriController.FastBuyDveriModal(ModelBuyDveri model) in D:\GitHub\dveri1\dveri1\Controllers\VhodnyeDveriController.cs:line 570
[04.07.2016 10:19:54.079] VhodnyeDveri/FastBuyDveriModel-System.InvalidOperationException: Nullable object must have a value.
   at System.ThrowHelper.ThrowInvalidOperationException(ExceptionResource resource)
   at System.Nullable`1.get_Value()
   at dveri1.Controllers.VhodnyeDveriController.SendMessageAboutBuyDoor(ModelBuyDveri model) in D:\GitHub\dveri1\dveri1\Controllers\VhodnyeDveriController.cs:line 402
   at dveri1.Controllers.VhodnyeDveriController.FastBuyDveriModal(ModelBuyDveri model) in D:\GitHub\dveri1\dveri1\Controllers\VhodnyeDveriController.cs:line 570
[04.07.2016 10:19:54.100] VhodnyeDveri/FastBuyDveriModel-System.InvalidOperationException: Nullable object must have a value.
   at System.ThrowHelper.ThrowInvalidOperationException(ExceptionResource resource)
   at System.Nullable`1.get_Value()
   at dveri1.Controllers.VhodnyeDveriController.SendMessageAboutBuyDoor(ModelBuyDveri model) in D:\GitHub\dveri1\dveri1\Controllers\VhodnyeDveriController.cs:line 402
   at dveri1.Controllers.VhodnyeDveriController.FastBuyDveriModal(ModelBuyDveri model) in D:\GitHub\dveri1\dveri1\Controllers\VhodnyeDveriController.cs:line 570
[04.07.2016 10:19:54.119] VhodnyeDveri/FastBuyDveriModel-System.InvalidOperationException: Nullable object must have a value.
   at System.ThrowHelper.ThrowInvalidOperationException(ExceptionResource resource)
   at System.Nullable`1.get_Value()
   at dveri1.Controllers.VhodnyeDveriController.SendMessageAboutBuyDoor(ModelBuyDveri model) in D:\GitHub\dveri1\dveri1\Controllers\VhodnyeDveriController.cs:line 402
   at dveri1.Controllers.VhodnyeDveriController.FastBuyDveriModal(ModelBuyDveri model) in D:\GitHub\dveri1\dveri1\Controllers\VhodnyeDveriController.cs:line 570
[04.07.2016 10:19:54.139] VhodnyeDveri/FastBuyDveriModel-System.InvalidOperationException: Nullable object must have a value.
   at System.ThrowHelper.ThrowInvalidOperationException(ExceptionResource resource)
   at System.Nullable`1.get_Value()
   at dveri1.Controllers.VhodnyeDveriController.SendMessageAboutBuyDoor(ModelBuyDveri model) in D:\GitHub\dveri1\dveri1\Controllers\VhodnyeDveriController.cs:line 402
   at dveri1.Controllers.VhodnyeDveriController.FastBuyDveriModal(ModelBuyDveri model) in D:\GitHub\dveri1\dveri1\Controllers\VhodnyeDveriController.cs:line 570
[04.07.2016 10:19:54.159] VhodnyeDveri/FastBuyDveriModel-System.InvalidOperationException: Nullable object must have a value.
   at System.ThrowHelper.ThrowInvalidOperationException(ExceptionResource resource)
   at System.Nullable`1.get_Value()
   at dveri1.Controllers.VhodnyeDveriController.SendMessageAboutBuyDoor(ModelBuyDveri model) in D:\GitHub\dveri1\dveri1\Controllers\VhodnyeDveriController.cs:line 402
   at dveri1.Controllers.VhodnyeDveriController.FastBuyDveriModal(ModelBuyDveri model) in D:\GitHub\dveri1\dveri1\Controllers\VhodnyeDveriController.cs:line 570
[04.07.2016 10:19:54.179] VhodnyeDveri/FastBuyDveriModel-System.InvalidOperationException: Nullable object must have a value.
   at System.ThrowHelper.ThrowInvalidOperationException(ExceptionResource resource)
   at System.Nullable`1.get_Value()
   at dveri1.Controllers.VhodnyeDveriController.SendMessageAboutBuyDoor(ModelBuyDveri model) in D:\GitHub\dveri1\dveri1\Controllers\VhodnyeDveriController.cs:line 402
   at dveri1.Controllers.VhodnyeDveriController.FastBuyDveriModal(ModelBuyDveri model) in D:\GitHub\dveri1\dveri1\Controllers\VhodnyeDveriController.cs:line 570
[04.07.2016 10:19:54.209] VhodnyeDveri/FastBuyDveriModel-System.InvalidOperationException: Nullable object must have a value.
   at System.ThrowHelper.ThrowInvalidOperationException(ExceptionResource resource)
   at System.Nullable`1.get_Value()
   at dveri1.Controllers.VhodnyeDveriController.SendMessageAboutBuyDoor(ModelBuyDveri model) in D:\GitHub\dveri1\dveri1\Controllers\VhodnyeDveriController.cs:line 402
   at dveri1.Controllers.VhodnyeDveriController.FastBuyDveriModal(ModelBuyDveri model) in D:\GitHub\dveri1\dveri1\Controllers\VhodnyeDveriController.cs:line 570
[04.07.2016 10:19:54.239] VhodnyeDveri/FastBuyDveriModel-System.InvalidOperationException: Nullable object must have a value.
   at System.ThrowHelper.ThrowInvalidOperationException(ExceptionResource resource)
   at System.Nullable`1.get_Value()
   at dveri1.Controllers.VhodnyeDveriController.SendMessageAboutBuyDoor(ModelBuyDveri model) in D:\GitHub\dveri1\dveri1\Controllers\VhodnyeDveriController.cs:line 402
   at dveri1.Controllers.VhodnyeDveriController.FastBuyDveriModal(ModelBuyDveri model) in D:\GitHub\dveri1\dveri1\Controllers\VhodnyeDveriController.cs:line 570
[04.07.2016 10:19:54.259] VhodnyeDveri/FastBuyDveriModel-System.InvalidOperationException: Nullable object must have a value.
   at System.ThrowHelper.ThrowInvalidOperationException(ExceptionResource resource)
   at System.Nullable`1.get_Value()
   at dveri1.Controllers.VhodnyeDveriController.SendMessageAboutBuyDoor(ModelBuyDveri model) in D:\GitHub\dveri1\dveri1\Controllers\VhodnyeDveriController.cs:line 402
   at dveri1.Controllers.VhodnyeDveriController.FastBuyDveriModal(ModelBuyDveri model) in D:\GitHub\dveri1\dveri1\Controllers\VhodnyeDveriController.cs:line 570
[04.07.2016 10:19:54.279] VhodnyeDveri/FastBuyDveriModel-System.InvalidOperationException: Nullable object must have a value.
   at System.ThrowHelper.ThrowInvalidOperationException(ExceptionResource resource)
   at System.Nullable`1.get_Value()
   at dveri1.Controllers.VhodnyeDveriController.SendMessageAboutBuyDoor(ModelBuyDveri model) in D:\GitHub\dveri1\dveri1\Controllers\VhodnyeDveriController.cs:line 402
   at dveri1.Controllers.VhodnyeDveriController.FastBuyDveriModal(ModelBuyDveri model) in D:\GitHub\dveri1\dveri1\Controllers\VhodnyeDveriController.cs:line 570
[04.07.2016 10:19:54.299] VhodnyeDveri/FastBuyDveriModel-System.InvalidOperationException: Nullable object must have a value.
   at System.ThrowHelper.ThrowInvalidOperationException(ExceptionResource resource)
   at System.Nullable`1.get_Value()
   at dveri1.Controllers.VhodnyeDveriController.SendMessageAboutBuyDoor(ModelBuyDveri model) in D:\GitHub\dveri1\dveri1\Controllers\VhodnyeDveriController.cs:line 402
   at dveri1.Controllers.VhodnyeDveriController.FastBuyDveriModal(ModelBuyDveri model) in D:\GitHub\dveri1\dveri1\Controllers\VhodnyeDveriController.cs:line 570
[04.07.2016 10:19:54.319] VhodnyeDveri/FastBuyDveriModel-System.InvalidOperationException: Nullable object must have a value.
   at System.ThrowHelper.ThrowInvalidOperationException(ExceptionResource resource)
   at System.Nullable`1.get_Value()
   at dveri1.Controllers.VhodnyeDveriController.SendMessageAboutBuyDoor(ModelBuyDveri model) in D:\GitHub\dveri1\dveri1\Controllers\VhodnyeDveriController.cs:line 402
   at dveri1.Controllers.VhodnyeDveriController.FastBuyDveriModal(ModelBuyDveri model) in D:\GitHub\dveri1\dveri1\Controllers\VhodnyeDveriController.cs:line 570
[04.07.2016 10:19:54.339] VhodnyeDveri/FastBuyDveriModel-System.InvalidOperationException: Nullable object must have a value.
   at System.ThrowHelper.ThrowInvalidOperationException(ExceptionResource resource)
   at System.Nullable`1.get_Value()
   at dveri1.Controllers.VhodnyeDveriController.SendMessageAboutBuyDoor(ModelBuyDveri model) in D:\GitHub\dveri1\dveri1\Controllers\VhodnyeDveriController.cs:line 402
   at dveri1.Controllers.VhodnyeDveriController.FastBuyDveriModal(ModelBuyDveri model) in D:\GitHub\dveri1\dveri1\Controllers\VhodnyeDveriController.cs:line 570
[04.07.2016 10:24:52.857] Создание сообщения для отправки
[04.07.2016 10:25:30.864] Создание сообщения для отправки
[04.07.2016 10:31:58.002] VhodnyeDveri/BuyDveriModel-System.InvalidOperationException: Nullable object must have a value.
   at System.ThrowHelper.ThrowInvalidOperationException(ExceptionResource resource)
   at System.Nullable`1.get_Value()
   at dveri1.Controllers.VhodnyeDveriController.SendMessageAboutBuyDoor(ModelBuyDveri model) in D:\GitHub\dveri1\dveri1\Controllers\VhodnyeDveriController.cs:line 419
   at dveri1.Controllers.VhodnyeDveriController.BuyDveriModal(ModelBuyDveri model) in D:\GitHub\dveri1\dveri1\Controllers\VhodnyeDveriController.cs:line 462
[04.07.2016 10:31:58.102] VhodnyeDveri/FastBuyDveriModel-System.InvalidOperationException: Nullable object must have a value.
   at System.ThrowHelper.ThrowInvalidOperationException(ExceptionResource resource)
   at System.Nullable`1.get_Value()
   at dveri1.Controllers.VhodnyeDveriController.SendMessageAboutBuyDoor(ModelBuyDveri model) in D:\GitHub\dveri1\dveri1\Controllers\VhodnyeDveriController.cs:line 419
   at dveri1.Controllers.VhodnyeDveriController.FastBuyDveriModal(ModelBuyDveri model) in D:\GitHub\dveri1\dveri1\Controllers\VhodnyeDveriController.cs:line 587
[04.07.2016 10:31:58.188] VhodnyeDveri/FastBuyDveriModel-System.InvalidOperationException: Nullable object must have a value.
   at System.ThrowHelper.ThrowInvalidOperationException(ExceptionResource resource)
   at System.Nullable`1.get_Value()
   at dveri1.Controllers.VhodnyeDveriController.SendMessageAboutBuyDoor(ModelBuyDveri model) in D:\GitHub\dveri1\dveri1\Controllers\VhodnyeDveriController.cs:line 419
   at dveri1.Controllers.VhodnyeDveriController.FastBuyDveriModal(ModelBuyDveri model) in D:\GitHub\dveri1\dveri1\Controllers\VhodnyeDveriController.cs:line 587
[04.07.2016 10:31:58.240] VhodnyeDveri/FastBuyDveriModel-System.InvalidOperationException: Nullable object must have a value.
   at System.ThrowHelper.ThrowInvalidOperationException(ExceptionResource resource)
   at System.Nullable`1.get_Value()
   at dveri1.Controllers.VhodnyeDveriController.SendMessageAboutBuyDoor(ModelBuyDveri model) in D:\GitHub\dveri1\dveri1\Controllers\VhodnyeDveriController.cs:line 419
   at dveri1.Controllers.VhodnyeDveriController.FastBuyDveriModal(ModelBuyDveri model) in D:\GitHub\dveri1\dveri1\Controllers\VhodnyeDveriController.cs:line 587
[04.07.2016 10:31:58.280] VhodnyeDveri/FastBuyDveriModel-System.InvalidOperationException: Nullable object must have a value.
   at System.ThrowHelper.ThrowInvalidOperationException(ExceptionResource resource)
   at System.Nullable`1.get_Value()
   at dveri1.Controllers.VhodnyeDveriController.SendMessageAboutBuyDoor(ModelBuyDveri model) in D:\GitHub\dveri1\dveri1\Controllers\VhodnyeDveriController.cs:line 419
   at dveri1.Controllers.VhodnyeDveriController.FastBuyDveriModal(ModelBuyDveri model) in D:\GitHub\dveri1\dveri1\Controllers\VhodnyeDveriController.cs:line 587
[04.07.2016 10:31:58.329] VhodnyeDveri/FastBuyDveriModel-System.InvalidOperationException: Nullable object must have a value.
   at System.ThrowHelper.ThrowInvalidOperationException(ExceptionResource resource)
   at System.Nullable`1.get_Value()
   at dveri1.Controllers.VhodnyeDveriController.SendMessageAboutBuyDoor(ModelBuyDveri model) in D:\GitHub\dveri1\dveri1\Controllers\VhodnyeDveriController.cs:line 419
   at dveri1.Controllers.VhodnyeDveriController.FastBuyDveriModal(ModelBuyDveri model) in D:\GitHub\dveri1\dveri1\Controllers\VhodnyeDveriController.cs:line 587
[04.07.2016 10:31:58.380] VhodnyeDveri/FastBuyDveriModel-System.InvalidOperationException: Nullable object must have a value.
   at System.ThrowHelper.ThrowInvalidOperationException(ExceptionResource resource)
   at System.Nullable`1.get_Value()
   at dveri1.Controllers.VhodnyeDveriController.SendMessageAboutBuyDoor(ModelBuyDveri model) in D:\GitHub\dveri1\dveri1\Controllers\VhodnyeDveriController.cs:line 419
   at dveri1.Controllers.VhodnyeDveriController.FastBuyDveriModal(ModelBuyDveri model) in D:\GitHub\dveri1\dveri1\Controllers\VhodnyeDveriController.cs:line 587
[04.07.2016 10:31:58.491] VhodnyeDveri/FastBuyDveriModel-System.InvalidOperationException: Nullable object must have a value.
   at System.ThrowHelper.ThrowInvalidOperationException(ExceptionResource resource)
   at System.Nullable`1.get_Value()
   at dveri1.Controllers.VhodnyeDveriController.SendMessageAboutBuyDoor(ModelBuyDveri model) in D:\GitHub\dveri1\dveri1\Controllers\VhodnyeDveriController.cs:line 419
   at dveri1.Controllers.VhodnyeDveriController.FastBuyDveriModal(ModelBuyDveri model) in D:\GitHub\dveri1\dveri1\Controllers\VhodnyeDveriController.cs:line 587
[04.07.2016 10:31:58.550] VhodnyeDveri/FastBuyDveriModel-System.InvalidOperationException: Nullable object must have a value.
   at System.ThrowHelper.ThrowInvalidOperationException(ExceptionResource resource)
   at System.Nullable`1.get_Value()
   at dveri1.Controllers.VhodnyeDveriController.SendMessageAboutBuyDoor(ModelBuyDveri model) in D:\GitHub\dveri1\dveri1\Controllers\VhodnyeDveriController.cs:line 419
   at dveri1.Controllers.VhodnyeDveriController.FastBuyDveriModal(ModelBuyDveri model) in D:\GitHub\dveri1\dveri1\Controllers\VhodnyeDveriController.cs:line 587
[04.07.2016 10:31:58.587] VhodnyeDveri/FastBuyDveriModel-System.InvalidOperationException: Nullable object must have a value.
   at System.ThrowHelper.ThrowInvalidOperationException(ExceptionResource resource)
   at System.Nullable`1.get_Value()
   at dveri1.Controllers.VhodnyeDveriController.SendMessageAboutBuyDoor(ModelBuyDveri model) in D:\GitHub\dveri1\dveri1\Controllers\VhodnyeDveriController.cs:line 419
   at dveri1.Controllers.VhodnyeDveriController.FastBuyDveriModal(ModelBuyDveri model) in D:\GitHub\dveri1\dveri1\Controllers\VhodnyeDveriController.cs:line 587
[04.07.2016 10:31:58.610] VhodnyeDveri/FastBuyDveriModel-System.InvalidOperationException: Nullable object must have a value.
   at System.ThrowHelper.ThrowInvalidOperationException(ExceptionResource resource)
   at System.Nullable`1.get_Value()
   at dveri1.Controllers.VhodnyeDveriController.SendMessageAboutBuyDoor(ModelBuyDveri model) in D:\GitHub\dveri1\dveri1\Controllers\VhodnyeDveriController.cs:line 419
   at dveri1.Controllers.VhodnyeDveriController.FastBuyDveriModal(ModelBuyDveri model) in D:\GitHub\dveri1\dveri1\Controllers\VhodnyeDveriController.cs:line 587
[04.07.2016 10:31:58.641] VhodnyeDveri/FastBuyDveriModel-System.InvalidOperationException: Nullable object must have a value.
   at System.ThrowHelper.ThrowInvalidOperationException(ExceptionResource resource)
   at System.Nullable`1.get_Value()
   at dveri1.Controllers.VhodnyeDveriController.SendMessageAboutBuyDoor(ModelBuyDveri model) in D:\GitHub\dveri1\dveri1\Controllers\VhodnyeDveriController.cs:line 419
   at dveri1.Controllers.VhodnyeDveriController.FastBuyDveriModal(ModelBuyDveri model) in D:\GitHub\dveri1\dveri1\Controllers\VhodnyeDveriController.cs:line 587
[04.07.2016 10:31:58.667] VhodnyeDveri/FastBuyDveriModel-System.InvalidOperationException: Nullable object must have a value.
   at System.ThrowHelper.ThrowInvalidOperationException(ExceptionResource resource)
   at System.Nullable`1.get_Value()
   at dveri1.Controllers.VhodnyeDveriController.SendMessageAboutBuyDoor(ModelBuyDveri model) in D:\GitHub\dveri1\dveri1\Controllers\VhodnyeDveriController.cs:line 419
   at dveri1.Controllers.VhodnyeDveriController.FastBuyDveriModal(ModelBuyDveri model) in D:\GitHub\dveri1\dveri1\Controllers\VhodnyeDveriController.cs:line 587
[04.07.2016 10:31:58.699] VhodnyeDveri/FastBuyDveriModel-System.InvalidOperationException: Nullable object must have a value.
   at System.ThrowHelper.ThrowInvalidOperationException(ExceptionResource resource)
   at System.Nullable`1.get_Value()
   at dveri1.Controllers.VhodnyeDveriController.SendMessageAboutBuyDoor(ModelBuyDveri model) in D:\GitHub\dveri1\dveri1\Controllers\VhodnyeDveriController.cs:line 419
   at dveri1.Controllers.VhodnyeDveriController.FastBuyDveriModal(ModelBuyDveri model) in D:\GitHub\dveri1\dveri1\Controllers\VhodnyeDveriController.cs:line 587
[04.07.2016 10:31:58.721] VhodnyeDveri/FastBuyDveriModel-System.InvalidOperationException: Nullable object must have a value.
   at System.ThrowHelper.ThrowInvalidOperationException(ExceptionResource resource)
   at System.Nullable`1.get_Value()
   at dveri1.Controllers.VhodnyeDveriController.SendMessageAboutBuyDoor(ModelBuyDveri model) in D:\GitHub\dveri1\dveri1\Controllers\VhodnyeDveriController.cs:line 419
   at dveri1.Controllers.VhodnyeDveriController.FastBuyDveriModal(ModelBuyDveri model) in D:\GitHub\dveri1\dveri1\Controllers\VhodnyeDveriController.cs:line 587
[04.07.2016 10:31:58.750] VhodnyeDveri/FastBuyDveriModel-System.InvalidOperationException: Nullable object must have a value.
   at System.ThrowHelper.ThrowInvalidOperationException(ExceptionResource resource)
   at System.Nullable`1.get_Value()
   at dveri1.Controllers.VhodnyeDveriController.SendMessageAboutBuyDoor(ModelBuyDveri model) in D:\GitHub\dveri1\dveri1\Controllers\VhodnyeDveriController.cs:line 419
   at dveri1.Controllers.VhodnyeDveriController.FastBuyDveriModal(ModelBuyDveri model) in D:\GitHub\dveri1\dveri1\Controllers\VhodnyeDveriController.cs:line 587
[04.07.2016 10:31:58.765] VhodnyeDveri/FastBuyDveriModel-System.InvalidOperationException: Nullable object must have a value.
   at System.ThrowHelper.ThrowInvalidOperationException(ExceptionResource resource)
   at System.Nullable`1.get_Value()
   at dveri1.Controllers.VhodnyeDveriController.SendMessageAboutBuyDoor(ModelBuyDveri model) in D:\GitHub\dveri1\dveri1\Controllers\VhodnyeDveriController.cs:line 419
   at dveri1.Controllers.VhodnyeDveriController.FastBuyDveriModal(ModelBuyDveri model) in D:\GitHub\dveri1\dveri1\Controllers\VhodnyeDveriController.cs:line 587
[04.07.2016 10:31:58.782] VhodnyeDveri/FastBuyDveriModel-System.InvalidOperationException: Nullable object must have a value.
   at System.ThrowHelper.ThrowInvalidOperationException(ExceptionResource resource)
   at System.Nullable`1.get_Value()
   at dveri1.Controllers.VhodnyeDveriController.SendMessageAboutBuyDoor(ModelBuyDveri model) in D:\GitHub\dveri1\dveri1\Controllers\VhodnyeDveriController.cs:line 419
   at dveri1.Controllers.VhodnyeDveriController.FastBuyDveriModal(ModelBuyDveri model) in D:\GitHub\dveri1\dveri1\Controllers\VhodnyeDveriController.cs:line 587
[04.07.2016 10:31:58.801] VhodnyeDveri/FastBuyDveriModel-System.InvalidOperationException: Nullable object must have a value.
   at System.ThrowHelper.ThrowInvalidOperationException(ExceptionResource resource)
   at System.Nullable`1.get_Value()
   at dveri1.Controllers.VhodnyeDveriController.SendMessageAboutBuyDoor(ModelBuyDveri model) in D:\GitHub\dveri1\dveri1\Controllers\VhodnyeDveriController.cs:line 419
   at dveri1.Controllers.VhodnyeDveriController.FastBuyDveriModal(ModelBuyDveri model) in D:\GitHub\dveri1\dveri1\Controllers\VhodnyeDveriController.cs:line 587
[04.07.2016 10:31:58.825] VhodnyeDveri/FastBuyDveriModel-System.InvalidOperationException: Nullable object must have a value.
   at System.ThrowHelper.ThrowInvalidOperationException(ExceptionResource resource)
   at System.Nullable`1.get_Value()
   at dveri1.Controllers.VhodnyeDveriController.SendMessageAboutBuyDoor(ModelBuyDveri model) in D:\GitHub\dveri1\dveri1\Controllers\VhodnyeDveriController.cs:line 419
   at dveri1.Controllers.VhodnyeDveriController.FastBuyDveriModal(ModelBuyDveri model) in D:\GitHub\dveri1\dveri1\Controllers\VhodnyeDveriController.cs:line 587
[04.07.2016 10:31:58.842] VhodnyeDveri/FastBuyDveriModel-System.InvalidOperationException: Nullable object must have a value.
   at System.ThrowHelper.ThrowInvalidOperationException(ExceptionResource resource)
   at System.Nullable`1.get_Value()
   at dveri1.Controllers.VhodnyeDveriController.SendMessageAboutBuyDoor(ModelBuyDveri model) in D:\GitHub\dveri1\dveri1\Controllers\VhodnyeDveriController.cs:line 419
   at dveri1.Controllers.VhodnyeDveriController.FastBuyDveriModal(ModelBuyDveri model) in D:\GitHub\dveri1\dveri1\Controllers\VhodnyeDveriController.cs:line 587
[04.07.2016 10:31:58.856] VhodnyeDveri/FastBuyDveriModel-System.InvalidOperationException: Nullable object must have a value.
   at System.ThrowHelper.ThrowInvalidOperationException(ExceptionResource resource)
   at System.Nullable`1.get_Value()
   at dveri1.Controllers.VhodnyeDveriController.SendMessageAboutBuyDoor(ModelBuyDveri model) in D:\GitHub\dveri1\dveri1\Controllers\VhodnyeDveriController.cs:line 419
   at dveri1.Controllers.VhodnyeDveriController.FastBuyDveriModal(ModelBuyDveri model) in D:\GitHub\dveri1\dveri1\Controllers\VhodnyeDveriController.cs:line 587
[04.07.2016 10:31:58.873] VhodnyeDveri/FastBuyDveriModel-System.InvalidOperationException: Nullable object must have a value.
   at System.ThrowHelper.ThrowInvalidOperationException(ExceptionResource resource)
   at System.Nullable`1.get_Value()
   at dveri1.Controllers.VhodnyeDveriController.SendMessageAboutBuyDoor(ModelBuyDveri model) in D:\GitHub\dveri1\dveri1\Controllers\VhodnyeDveriController.cs:line 419
   at dveri1.Controllers.VhodnyeDveriController.FastBuyDveriModal(ModelBuyDveri model) in D:\GitHub\dveri1\dveri1\Controllers\VhodnyeDveriController.cs:line 587
[04.07.2016 10:31:58.891] VhodnyeDveri/FastBuyDveriModel-System.InvalidOperationException: Nullable object must have a value.
   at System.ThrowHelper.ThrowInvalidOperationException(ExceptionResource resource)
   at System.Nullable`1.get_Value()
   at dveri1.Controllers.VhodnyeDveriController.SendMessageAboutBuyDoor(ModelBuyDveri model) in D:\GitHub\dveri1\dveri1\Controllers\VhodnyeDveriController.cs:line 419
   at dveri1.Controllers.VhodnyeDveriController.FastBuyDveriModal(ModelBuyDveri model) in D:\GitHub\dveri1\dveri1\Controllers\VhodnyeDveriController.cs:line 587
[04.07.2016 10:31:58.910] VhodnyeDveri/FastBuyDveriModel-System.InvalidOperationException: Nullable object must have a value.
   at System.ThrowHelper.ThrowInvalidOperationException(ExceptionResource resource)
   at System.Nullable`1.get_Value()
   at dveri1.Controllers.VhodnyeDveriController.SendMessageAboutBuyDoor(ModelBuyDveri model) in D:\GitHub\dveri1\dveri1\Controllers\VhodnyeDveriController.cs:line 419
   at dveri1.Controllers.VhodnyeDveriController.FastBuyDveriModal(ModelBuyDveri model) in D:\GitHub\dveri1\dveri1\Controllers\VhodnyeDveriController.cs:line 587
[04.07.2016 10:31:58.925] VhodnyeDveri/FastBuyDveriModel-System.InvalidOperationException: Nullable object must have a value.
   at System.ThrowHelper.ThrowInvalidOperationException(ExceptionResource resource)
   at System.Nullable`1.get_Value()
   at dveri1.Controllers.VhodnyeDveriController.SendMessageAboutBuyDoor(ModelBuyDveri model) in D:\GitHub\dveri1\dveri1\Controllers\VhodnyeDveriController.cs:line 419
   at dveri1.Controllers.VhodnyeDveriController.FastBuyDveriModal(ModelBuyDveri model) in D:\GitHub\dveri1\dveri1\Controllers\VhodnyeDveriController.cs:line 587
[04.07.2016 10:31:58.947] VhodnyeDveri/FastBuyDveriModel-System.InvalidOperationException: Nullable object must have a value.
   at System.ThrowHelper.ThrowInvalidOperationException(ExceptionResource resource)
   at System.Nullable`1.get_Value()
   at dveri1.Controllers.VhodnyeDveriController.SendMessageAboutBuyDoor(ModelBuyDveri model) in D:\GitHub\dveri1\dveri1\Controllers\VhodnyeDveriController.cs:line 419
   at dveri1.Controllers.VhodnyeDveriController.FastBuyDveriModal(ModelBuyDveri model) in D:\GitHub\dveri1\dveri1\Controllers\VhodnyeDveriController.cs:line 587
[04.07.2016 10:31:58.967] VhodnyeDveri/FastBuyDveriModel-System.InvalidOperationException: Nullable object must have a value.
   at System.ThrowHelper.ThrowInvalidOperationException(ExceptionResource resource)
   at System.Nullable`1.get_Value()
   at dveri1.Controllers.VhodnyeDveriController.SendMessageAboutBuyDoor(ModelBuyDveri model) in D:\GitHub\dveri1\dveri1\Controllers\VhodnyeDveriController.cs:line 419
   at dveri1.Controllers.VhodnyeDveriController.FastBuyDveriModal(ModelBuyDveri model) in D:\GitHub\dveri1\dveri1\Controllers\VhodnyeDveriController.cs:line 587
[04.07.2016 10:31:58.986] VhodnyeDveri/FastBuyDveriModel-System.InvalidOperationException: Nullable object must have a value.
   at System.ThrowHelper.ThrowInvalidOperationException(ExceptionResource resource)
   at System.Nullable`1.get_Value()
   at dveri1.Controllers.VhodnyeDveriController.SendMessageAboutBuyDoor(ModelBuyDveri model) in D:\GitHub\dveri1\dveri1\Controllers\VhodnyeDveriController.cs:line 419
   at dveri1.Controllers.VhodnyeDveriController.FastBuyDveriModal(ModelBuyDveri model) in D:\GitHub\dveri1\dveri1\Controllers\VhodnyeDveriController.cs:line 587
[04.07.2016 10:31:59.016] VhodnyeDveri/FastBuyDveriModel-System.InvalidOperationException: Nullable object must have a value.
   at System.ThrowHelper.ThrowInvalidOperationException(ExceptionResource resource)
   at System.Nullable`1.get_Value()
   at dveri1.Controllers.VhodnyeDveriController.SendMessageAboutBuyDoor(ModelBuyDveri model) in D:\GitHub\dveri1\dveri1\Controllers\VhodnyeDveriController.cs:line 419
   at dveri1.Controllers.VhodnyeDveriController.FastBuyDveriModal(ModelBuyDveri model) in D:\GitHub\dveri1\dveri1\Controllers\VhodnyeDveriController.cs:line 587
[04.07.2016 10:31:59.037] VhodnyeDveri/FastBuyDveriModel-System.InvalidOperationException: Nullable object must have a value.
   at System.ThrowHelper.ThrowInvalidOperationException(ExceptionResource resource)
   at System.Nullable`1.get_Value()
   at dveri1.Controllers.VhodnyeDveriController.SendMessageAboutBuyDoor(ModelBuyDveri model) in D:\GitHub\dveri1\dveri1\Controllers\VhodnyeDveriController.cs:line 419
   at dveri1.Controllers.VhodnyeDveriController.FastBuyDveriModal(ModelBuyDveri model) in D:\GitHub\dveri1\dveri1\Controllers\VhodnyeDveriController.cs:line 587
[04.07.2016 10:31:59.061] VhodnyeDveri/FastBuyDveriModel-System.InvalidOperationException: Nullable object must have a value.
   at System.ThrowHelper.ThrowInvalidOperationException(ExceptionResource resource)
   at System.Nullable`1.get_Value()
   at dveri1.Controllers.VhodnyeDveriController.SendMessageAboutBuyDoor(ModelBuyDveri model) in D:\GitHub\dveri1\dveri1\Controllers\VhodnyeDveriController.cs:line 419
   at dveri1.Controllers.VhodnyeDveriController.FastBuyDveriModal(ModelBuyDveri model) in D:\GitHub\dveri1\dveri1\Controllers\VhodnyeDveriController.cs:line 587
[04.07.2016 10:31:59.083] VhodnyeDveri/FastBuyDveriModel-System.InvalidOperationException: Nullable object must have a value.
   at System.ThrowHelper.ThrowInvalidOperationException(ExceptionResource resource)
   at System.Nullable`1.get_Value()
   at dveri1.Controllers.VhodnyeDveriController.SendMessageAboutBuyDoor(ModelBuyDveri model) in D:\GitHub\dveri1\dveri1\Controllers\VhodnyeDveriController.cs:line 419
   at dveri1.Controllers.VhodnyeDveriController.FastBuyDveriModal(ModelBuyDveri model) in D:\GitHub\dveri1\dveri1\Controllers\VhodnyeDveriController.cs:line 587
[04.07.2016 10:31:59.103] VhodnyeDveri/FastBuyDveriModel-System.InvalidOperationException: Nullable object must have a value.
   at System.ThrowHelper.ThrowInvalidOperationException(ExceptionResource resource)
   at System.Nullable`1.get_Value()
   at dveri1.Controllers.VhodnyeDveriController.SendMessageAboutBuyDoor(ModelBuyDveri model) in D:\GitHub\dveri1\dveri1\Controllers\VhodnyeDveriController.cs:line 419
   at dveri1.Controllers.VhodnyeDveriController.FastBuyDveriModal(ModelBuyDveri model) in D:\GitHub\dveri1\dveri1\Controllers\VhodnyeDveriController.cs:line 587
[04.07.2016 10:31:59.119] VhodnyeDveri/FastBuyDveriModel-System.InvalidOperationException: Nullable object must have a value.
   at System.ThrowHelper.ThrowInvalidOperationException(ExceptionResource resource)
   at System.Nullable`1.get_Value()
   at dveri1.Controllers.VhodnyeDveriController.SendMessageAboutBuyDoor(ModelBuyDveri model) in D:\GitHub\dveri1\dveri1\Controllers\VhodnyeDveriController.cs:line 419
   at dveri1.Controllers.VhodnyeDveriController.FastBuyDveriModal(ModelBuyDveri model) in D:\GitHub\dveri1\dveri1\Controllers\VhodnyeDveriController.cs:line 587
[04.07.2016 10:31:59.142] VhodnyeDveri/FastBuyDveriModel-System.InvalidOperationException: Nullable object must have a value.
   at System.ThrowHelper.ThrowInvalidOperationException(ExceptionResource resource)
   at System.Nullable`1.get_Value()
   at dveri1.Controllers.VhodnyeDveriController.SendMessageAboutBuyDoor(ModelBuyDveri model) in D:\GitHub\dveri1\dveri1\Controllers\VhodnyeDveriController.cs:line 419
   at dveri1.Controllers.VhodnyeDveriController.FastBuyDveriModal(ModelBuyDveri model) in D:\GitHub\dveri1\dveri1\Controllers\VhodnyeDveriController.cs:line 587
[04.07.2016 10:31:59.159] VhodnyeDveri/FastBuyDveriModel-System.InvalidOperationException: Nullable object must have a value.
   at System.ThrowHelper.ThrowInvalidOperationException(ExceptionResource resource)
   at System.Nullable`1.get_Value()
   at dveri1.Controllers.VhodnyeDveriController.SendMessageAboutBuyDoor(ModelBuyDveri model) in D:\GitHub\dveri1\dveri1\Controllers\VhodnyeDveriController.cs:line 419
   at dveri1.Controllers.VhodnyeDveriController.FastBuyDveriModal(ModelBuyDveri model) in D:\GitHub\dveri1\dveri1\Controllers\VhodnyeDveriController.cs:line 587
[04.07.2016 10:31:59.210] VhodnyeDveri/FastBuyDveriModel-System.InvalidOperationException: Nullable object must have a value.
   at System.ThrowHelper.ThrowInvalidOperationException(ExceptionResource resource)
   at System.Nullable`1.get_Value()
   at dveri1.Controllers.VhodnyeDveriController.SendMessageAboutBuyDoor(ModelBuyDveri model) in D:\GitHub\dveri1\dveri1\Controllers\VhodnyeDveriController.cs:line 419
   at dveri1.Controllers.VhodnyeDveriController.FastBuyDveriModal(ModelBuyDveri model) in D:\GitHub\dveri1\dveri1\Controllers\VhodnyeDveriController.cs:line 587
[04.07.2016 10:33:21.932] Создание сообщения для отправки
[04.07.2016 10:34:09.582] Создание сообщения для отправки
[04.07.2016 13:42:51.932] Создание сообщения для отправки
[04.07.2016 13:46:04.152] Admin/EditVhDv-System.Data.Entity.Validation.DbEntityValidationException: Validation failed for one or more entities. See 'EntityValidationErrors' property for more details.
   at System.Data.Entity.Internal.InternalContext.SaveChanges()
   at System.Data.Entity.Internal.LazyInternalContext.SaveChanges()
   at System.Data.Entity.DbContext.SaveChanges()
   at Domain2.Implementations.EfVhodnyeDvRepository.CreateVhodnyeDv(Int32 id, String naz, String pr, String strpr, String cvet, String napoln, String yplotnit, Nullable`1 tmet, String furn, String petli, String osn, String ovn, Nullable`1 tdpol, Nullable`1 cena, Nullable`1 skidka, Nullable`1 csskid, String opis, Boolean publ, String dopchar) in D:\GitHub\dveri1\Domain2\Domain2\Implementations\EfVhodnyeDvRepository.cs:line 86
   at dveri1.Controllers.AdminController.EditVhDv(CreateVhMod model, IEnumerable`1 fileUpload) in D:\GitHub\dveri1\dveri1\Controllers\AdminController.cs:line 257
[04.07.2016 13:46:26.608] Admin/EditVhDv-System.Data.Entity.Validation.DbEntityValidationException: Validation failed for one or more entities. See 'EntityValidationErrors' property for more details.
   at System.Data.Entity.Internal.InternalContext.SaveChanges()
   at System.Data.Entity.Internal.LazyInternalContext.SaveChanges()
   at System.Data.Entity.DbContext.SaveChanges()
   at Domain2.Implementations.EfVhodnyeDvRepository.CreateVhodnyeDv(Int32 id, String naz, String pr, String strpr, String cvet, String napoln, String yplotnit, Nullable`1 tmet, String furn, String petli, String osn, String ovn, Nullable`1 tdpol, Nullable`1 cena, Nullable`1 skidka, Nullable`1 csskid, String opis, Boolean publ, String dopchar) in D:\GitHub\dveri1\Domain2\Domain2\Implementations\EfVhodnyeDvRepository.cs:line 86
   at dveri1.Controllers.AdminController.EditVhDv(CreateVhMod model, IEnumerable`1 fileUpload) in D:\GitHub\dveri1\dveri1\Controllers\AdminController.cs:line 257
