[16.07.2016 17:22:32.589] ExpImpController/Export- System.ArgumentOutOfRangeException: Specified argument was out of the range of valid values.
Parameter name: index
   at System.Linq.Enumerable.ElementAt[TSource](IEnumerable`1 source, Int32 index)
   at dveri1.Controllers.ExpImpController.Export(ModelExpImp model) in D:\GitHub\dveri1\dveri1\Controllers\ExpImpController.cs:line 83
[16.07.2016 17:45:42.716] ExpImpController/Export- System.Runtime.InteropServices.COMException (0x800706BA): Сервер RPC недоступен. (Exception from HRESULT: 0x800706BA)
   at System.RuntimeType.ForwardCallToInvokeMember(String memberName, BindingFlags flags, Object target, Int32[] aWrapperTypes, MessageData& msgData)
   at Microsoft.Office.Interop.Excel.Range.set__Default(Object RowIndex, Object ColumnIndex, Object value)
   at dveri1.Controllers.ExpImpController.Export(ModelExpImp model)
[16.07.2016 17:45:42.716] ExpImpController/Export- System.Runtime.InteropServices.COMException (0x800706BA): Сервер RPC недоступен. (Exception from HRESULT: 0x800706BA)
   at Microsoft.Office.Interop.Excel._Workbook.get_ActiveSheet()
   at dveri1.Controllers.ExpImpController.Export(ModelExpImp model)
[16.07.2016 17:45:42.716] ExpImpController/Export- System.Runtime.InteropServices.COMException (0x800706BA): Сервер RPC недоступен. (Exception from HRESULT: 0x800706BA)
   at System.RuntimeType.ForwardCallToInvokeMember(String memberName, BindingFlags flags, Object target, Int32[] aWrapperTypes, MessageData& msgData)
   at Microsoft.Office.Interop.Excel.Range.set__Default(Object RowIndex, Object ColumnIndex, Object value)
   at dveri1.Controllers.ExpImpController.Export(ModelExpImp model)
[16.07.2016 18:06:52.399] ExpImpController/Export- System.ArgumentOutOfRangeException: Specified argument was out of the range of valid values.
Parameter name: index
   at System.Linq.Enumerable.ElementAt[TSource](IEnumerable`1 source, Int32 index)
   at dveri1.Controllers.ExpImpController.Export(ModelExpImp model) in D:\GitHub\dveri1\dveri1\Controllers\ExpImpController.cs:line 83
[16.07.2016 19:27:35.341] ExpImpController/Export- System.ArgumentNullException: Value cannot be null.
Parameter name: source
   at System.Linq.Enumerable.Count[TSource](IEnumerable`1 source)
   at dveri1.Controllers.ExpImpController.Export(ModelExpImp model) in D:\GitHub\dveri1\dveri1\Controllers\ExpImpController.cs:line 80
[16.07.2016 20:03:43.221] ExpImpController/Export- System.ArgumentNullException: Value cannot be null.
Parameter name: source
   at System.Linq.Enumerable.Count[TSource](IEnumerable`1 source)
   at dveri1.Controllers.ExpImpController.Export(ModelExpImp model) in D:\GitHub\dveri1\dveri1\Controllers\ExpImpController.cs:line 80
[16.07.2016 20:04:12.091] ExpImpController/Export- System.ArgumentNullException: Value cannot be null.
Parameter name: source
   at System.Linq.Enumerable.Count[TSource](IEnumerable`1 source)
   at dveri1.Controllers.ExpImpController.Export(ModelExpImp model) in D:\GitHub\dveri1\dveri1\Controllers\ExpImpController.cs:line 80
[16.07.2016 20:07:28.792] ExpImpController/Export- System.ArgumentNullException: Value cannot be null.
Parameter name: source
   at System.Linq.Enumerable.Count[TSource](IEnumerable`1 source)
   at dveri1.Controllers.ExpImpController.Export(ModelExpImp model) in D:\GitHub\dveri1\dveri1\Controllers\ExpImpController.cs:line 80
[16.07.2016 20:09:05.685] ExpImpController/Export- System.ArgumentNullException: Value cannot be null.
Parameter name: source
   at System.Linq.Enumerable.Count[TSource](IEnumerable`1 source)
   at dveri1.Controllers.ExpImpController.Export(ModelExpImp model) in D:\GitHub\dveri1\dveri1\Controllers\ExpImpController.cs:line 80
[16.07.2016 20:10:36.337] ExpImpController/Export- System.ArgumentNullException: Value cannot be null.
Parameter name: source
   at System.Linq.Enumerable.Count[TSource](IEnumerable`1 source)
   at dveri1.Controllers.ExpImpController.Export(ModelExpImp model) in D:\GitHub\dveri1\dveri1\Controllers\ExpImpController.cs:line 80
[16.07.2016 20:11:06.210] ExpImpController/Export- System.ArgumentNullException: Value cannot be null.
Parameter name: source
   at System.Linq.Enumerable.Count[TSource](IEnumerable`1 source)
   at dveri1.Controllers.ExpImpController.Export(ModelExpImp model) in D:\GitHub\dveri1\dveri1\Controllers\ExpImpController.cs:line 80
[16.07.2016 20:15:14.773] ExpImpController/Export- System.ArgumentNullException: Value cannot be null.
Parameter name: source
   at System.Linq.Enumerable.Count[TSource](IEnumerable`1 source)
   at dveri1.Controllers.ExpImpController.Export(ModelExpImp model) in D:\GitHub\dveri1\dveri1\Controllers\ExpImpController.cs:line 80
[16.07.2016 20:15:45.626] ExpImpController/Export- System.ArgumentNullException: Value cannot be null.
Parameter name: source
   at System.Linq.Enumerable.Count[TSource](IEnumerable`1 source)
   at dveri1.Controllers.ExpImpController.Export(ModelExpImp model) in D:\GitHub\dveri1\dveri1\Controllers\ExpImpController.cs:line 80
[16.07.2016 20:17:07.010] ExpImpController/Export- System.ArgumentNullException: Value cannot be null.
Parameter name: source
   at System.Linq.Enumerable.Count[TSource](IEnumerable`1 source)
   at dveri1.Controllers.ExpImpController.Export(ModelExpImp model) in D:\GitHub\dveri1\dveri1\Controllers\ExpImpController.cs:line 80
[16.07.2016 21:46:27.736] ExpImpController/Export- System.ArgumentOutOfRangeException: Specified argument was out of the range of valid values.
Parameter name: index
   at System.Linq.Enumerable.ElementAt[TSource](IEnumerable`1 source, Int32 index)
   at dveri1.Controllers.ExpImpController.Export(ModelExpImp model) in D:\GitHub\dveri1\dveri1\Controllers\ExpImpController.cs:line 94
[16.07.2016 21:48:01.182] ExpImpController/Export- System.ArgumentOutOfRangeException: Specified argument was out of the range of valid values.
Parameter name: index
   at System.Linq.Enumerable.ElementAt[TSource](IEnumerable`1 source, Int32 index)
   at dveri1.Controllers.ExpImpController.Export(ModelExpImp model) in D:\GitHub\dveri1\dveri1\Controllers\ExpImpController.cs:line 94
[16.07.2016 21:51:15.983] ExpImpController/Export- System.ArgumentOutOfRangeException: Specified argument was out of the range of valid values.
Parameter name: index
   at System.Linq.Enumerable.ElementAt[TSource](IEnumerable`1 source, Int32 index)
   at dveri1.Controllers.ExpImpController.Export(ModelExpImp model) in D:\GitHub\dveri1\dveri1\Controllers\ExpImpController.cs:line 94
[16.07.2016 22:08:45.005] ExpImpController/Export- System.InvalidOperationException: Nullable object must have a value.
   at System.ThrowHelper.ThrowInvalidOperationException(ExceptionResource resource)
   at System.Nullable`1.get_Value()
   at dveri1.Controllers.ExpImpController.Export(ModelExpImp model) in D:\GitHub\dveri1\dveri1\Controllers\ExpImpController.cs:line 195
